#
# There is insufficient memory for the Java Runtime Environment to continue.
# Native memory allocation (malloc) failed to allocate 894896 bytes for Chunk::new
# Possible reasons:
#   The system is out of physical RAM or swap space
#   The process is running with CompressedOops enabled, and the Java Heap may be blocking the growth of the native heap
# Possible solutions:
#   Reduce memory load on the system
#   Increase physical memory or swap space
#   Check if swap backing store is full
#   Decrease Java heap size (-Xmx/-Xms)
#   Decrease number of Java threads
#   Decrease Java thread stack sizes (-Xss)
#   Set larger code cache with -XX:ReservedCodeCacheSize=
#   JVM is running with Unscaled Compressed Oops mode in which the Java heap is
#     placed in the first 4GB address space. The Java Heap base address is the
#     maximum limit for the native heap growth. Please use -XX:HeapBaseMinAddress
#     to set the Java Heap base and to place the Java Heap above 4GB virtual address.
# This output file may be truncated or incomplete.
#
#  Out of Memory Error (./src/hotspot/share/memory/arena.cpp:197), pid=8180, tid=2276
#
# JRE version: OpenJDK Runtime Environment (11.0.10) (build 11.0.10+0-b96-7249189)
# Java VM: OpenJDK 64-Bit Server VM (11.0.10+0-b96-7249189, mixed mode, tiered, compressed oops, g1 gc, windows-amd64)
# No core dump will be written. Minidumps are not enabled by default on client versions of Windows
#

---------------  S U M M A R Y ------------

Command Line: --add-opens=java.base/java.util=ALL-UNNAMED --add-opens=java.base/java.lang=ALL-UNNAMED --add-opens=java.base/java.lang.invoke=ALL-UNNAMED --add-opens=java.base/java.util=ALL-UNNAMED --add-opens=java.prefs/java.util.prefs=ALL-UNNAMED --add-opens=java.prefs/java.util.prefs=ALL-UNNAMED --add-opens=java.base/java.nio.charset=ALL-UNNAMED --add-opens=java.base/java.net=ALL-UNNAMED --add-opens=java.base/java.util.concurrent.atomic=ALL-UNNAMED -Xmx2048m -Dfile.encoding=UTF-8 -Duser.country=RU -Duser.language=ru -Duser.variant org.gradle.launcher.daemon.bootstrap.GradleDaemon 7.0.2

Host: Intel(R) Core(TM) i5-1035G1 CPU @ 1.00GHz, 8 cores, 7G,  Windows 10 , 64 bit Build 17763 (10.0.17763.2300)
Time: Sun Dec  5 21:20:34 2021 RTZ 4 (ceia) elapsed time: 5.770151 seconds (0d 0h 0m 5s)

---------------  T H R E A D  ---------------

Current thread (0x0000017a1c8c8800):  JavaThread "C2 CompilerThread1" daemon [_thread_in_native, id=2276, stack(0x0000005b3c000000,0x0000005b3c100000)]


Current CompileTask:
C2:   5770 3195       4       jdk.internal.loader.URLClassPath::getResource (74 bytes)

Stack: [0x0000005b3c000000,0x0000005b3c100000]
Native frames: (J=compiled Java code, j=interpreted, Vv=VM code, C=native code)
V  [jvm.dll+0x5ecfaa]
V  [jvm.dll+0x722bd5]
V  [jvm.dll+0x72412d]
V  [jvm.dll+0x7247e3]
V  [jvm.dll+0x242928]
V  [jvm.dll+0xbc4fc]
V  [jvm.dll+0xbca0c]
V  [jvm.dll+0x352d3b]
V  [jvm.dll+0x320ad3]
V  [jvm.dll+0x31ffca]
V  [jvm.dll+0x1fb602]
V  [jvm.dll+0x1fa7f4]
V  [jvm.dll+0x18354c]
V  [jvm.dll+0x208ee7]
V  [jvm.dll+0x207731]
V  [jvm.dll+0x6eb1cf]
V  [jvm.dll+0x6e3d45]
V  [jvm.dll+0x5ebe96]
C  [ucrtbase.dll+0x2268a]
C  [KERNEL32.DLL+0x17974]
C  [ntdll.dll+0x5a2f1]


---------------  P R O C E S S  ---------------

Threads class SMR info:
_java_thread_list=0x0000017a1ffb6280, length=32, elements={
0x0000017a7d59f000, 0x0000017a19a51800, 0x0000017a19a55000, 0x0000017a19a72000,
0x0000017a19a78000, 0x0000017a1a391800, 0x0000017a1a393000, 0x0000017a1a397800,
0x0000017a1a39d800, 0x0000017a1a537800, 0x0000017a1b626800, 0x0000017a1bea5000,
0x0000017a1d71f800, 0x0000017a1d83f000, 0x0000017a1c95c800, 0x0000017a1bc76000,
0x0000017a1c682000, 0x0000017a1c8c8800, 0x0000017a1cb0e800, 0x0000017a1cb04000,
0x0000017a1cb09000, 0x0000017a1cb03800, 0x0000017a1cb0a000, 0x0000017a1cb05000,
0x0000017a1cb07800, 0x0000017a1cb06000, 0x0000017a1cb06800, 0x0000017a1cb08800,
0x0000017a1da85000, 0x0000017a1e070800, 0x0000017a1da86000, 0x0000017a1da87800
}

Java Threads: ( => current thread )
  0x0000017a7d59f000 JavaThread "main" [_thread_blocked, id=8208, stack(0x0000005b3a700000,0x0000005b3a800000)]
  0x0000017a19a51800 JavaThread "Reference Handler" daemon [_thread_blocked, id=11640, stack(0x0000005b3ae00000,0x0000005b3af00000)]
  0x0000017a19a55000 JavaThread "Finalizer" daemon [_thread_blocked, id=12560, stack(0x0000005b3af00000,0x0000005b3b000000)]
  0x0000017a19a72000 JavaThread "Signal Dispatcher" daemon [_thread_blocked, id=6432, stack(0x0000005b3b000000,0x0000005b3b100000)]
  0x0000017a19a78000 JavaThread "Attach Listener" daemon [_thread_blocked, id=13064, stack(0x0000005b3b100000,0x0000005b3b200000)]
  0x0000017a1a391800 JavaThread "Service Thread" daemon [_thread_blocked, id=11120, stack(0x0000005b3b200000,0x0000005b3b300000)]
  0x0000017a1a393000 JavaThread "C2 CompilerThread0" daemon [_thread_in_native, id=9596, stack(0x0000005b3b300000,0x0000005b3b400000)]
  0x0000017a1a397800 JavaThread "C1 CompilerThread0" daemon [_thread_in_native, id=1712, stack(0x0000005b3b400000,0x0000005b3b500000)]
  0x0000017a1a39d800 JavaThread "Sweeper thread" daemon [_thread_blocked, id=12152, stack(0x0000005b3b500000,0x0000005b3b600000)]
  0x0000017a1a537800 JavaThread "Common-Cleaner" daemon [_thread_blocked, id=2348, stack(0x0000005b3b600000,0x0000005b3b700000)]
  0x0000017a1b626800 JavaThread "Daemon health stats" [_thread_blocked, id=13144, stack(0x0000005b3bb00000,0x0000005b3bc00000)]
  0x0000017a1bea5000 JavaThread "Incoming local TCP Connector on port 1608" [_thread_in_native, id=3900, stack(0x0000005b3b800000,0x0000005b3b900000)]
  0x0000017a1d71f800 JavaThread "Daemon periodic checks" [_thread_blocked, id=10320, stack(0x0000005b3ba00000,0x0000005b3bb00000)]
  0x0000017a1d83f000 JavaThread "Daemon" [_thread_blocked, id=11744, stack(0x0000005b3bc00000,0x0000005b3bd00000)]
  0x0000017a1c95c800 JavaThread "Handler for socket connection from /127.0.0.1:1608 to /127.0.0.1:1609" [_thread_in_native, id=10016, stack(0x0000005b3bd00000,0x0000005b3be00000)]
  0x0000017a1bc76000 JavaThread "Cancel handler" [_thread_blocked, id=6212, stack(0x0000005b3be00000,0x0000005b3bf00000)]
  0x0000017a1c682000 JavaThread "Daemon worker" [_thread_in_Java, id=12368, stack(0x0000005b3bf00000,0x0000005b3c000000)]
=>0x0000017a1c8c8800 JavaThread "C2 CompilerThread1" daemon [_thread_in_native, id=2276, stack(0x0000005b3c000000,0x0000005b3c100000)]
  0x0000017a1cb0e800 JavaThread "Asynchronous log dispatcher for DefaultDaemonConnection: socket connection from /127.0.0.1:1608 to /127.0.0.1:1609" [_thread_blocked, id=6532, stack(0x0000005b3c100000,0x0000005b3c200000)]
  0x0000017a1cb04000 JavaThread "Stdin handler" [_thread_blocked, id=11596, stack(0x0000005b3c200000,0x0000005b3c300000)]
  0x0000017a1cb09000 JavaThread "Daemon client event forwarder" [_thread_blocked, id=3048, stack(0x0000005b3c300000,0x0000005b3c400000)]
  0x0000017a1cb03800 JavaThread "Cache worker for file hash cache (C:\Users\Komissiya1\.gradle\caches\7.0.2\fileHashes)" [_thread_blocked, id=12676, stack(0x0000005b3ca00000,0x0000005b3cb00000)]
  0x0000017a1cb0a000 JavaThread "File lock request listener" [_thread_in_native, id=2600, stack(0x0000005b3cb00000,0x0000005b3cc00000)]
  0x0000017a1cb05000 JavaThread "Cache worker for journal cache (C:\Users\Komissiya1\.gradle\caches\journal-1)" [_thread_blocked, id=10952, stack(0x0000005b3cd00000,0x0000005b3ce00000)]
  0x0000017a1cb07800 JavaThread "Cache worker for file hash cache (C:\AndroidProjects\TestApi\.gradle\7.0.2\fileHashes)" [_thread_blocked, id=11100, stack(0x0000005b3ce00000,0x0000005b3cf00000)]
  0x0000017a1cb06000 JavaThread "File watcher server" daemon [_thread_in_native, id=7312, stack(0x0000005b3cf00000,0x0000005b3d000000)]
  0x0000017a1cb06800 JavaThread "File watcher consumer" daemon [_thread_blocked, id=9688, stack(0x0000005b3d000000,0x0000005b3d100000)]
  0x0000017a1cb08800 JavaThread "Cache worker for checksums cache (C:\AndroidProjects\TestApi\.gradle\checksums)" [_thread_blocked, id=1064, stack(0x0000005b3d100000,0x0000005b3d200000)]
  0x0000017a1da85000 JavaThread "Cache worker for cache directory md-supplier (C:\Users\Komissiya1\.gradle\caches\7.0.2\md-supplier)" [_thread_blocked, id=11576, stack(0x0000005b3d200000,0x0000005b3d300000)]
  0x0000017a1e070800 JavaThread "C2 CompilerThread2" daemon [_thread_in_native, id=6296, stack(0x0000005b3d300000,0x0000005b3d400000)]
  0x0000017a1da86000 JavaThread "Cache worker for cache directory md-rule (C:\Users\Komissiya1\.gradle\caches\7.0.2\md-rule)" [_thread_blocked, id=9244, stack(0x0000005b3d400000,0x0000005b3d500000)]
  0x0000017a1da87800 JavaThread "Cache worker for execution history cache (C:\Users\Komissiya1\.gradle\caches\7.0.2\executionHistory)" [_thread_blocked, id=13252, stack(0x0000005b3d500000,0x0000005b3d600000)]

Other Threads:
  0x0000017a19a4e800 VMThread "VM Thread" [stack: 0x0000005b3ad00000,0x0000005b3ae00000] [id=8032]
  0x0000017a1a574800 WatcherThread [stack: 0x0000005b3b700000,0x0000005b3b800000] [id=12544]
  0x0000017a7d5b6800 GCTaskThread "GC Thread#0" [stack: 0x0000005b3a800000,0x0000005b3a900000] [id=10120]
  0x0000017a1aee2000 GCTaskThread "GC Thread#1" [stack: 0x0000005b3b900000,0x0000005b3ba00000] [id=4504]
  0x0000017a1b956000 GCTaskThread "GC Thread#2" [stack: 0x0000005b3c400000,0x0000005b3c500000] [id=9408]
  0x0000017a1cafa800 GCTaskThread "GC Thread#3" [stack: 0x0000005b3c500000,0x0000005b3c600000] [id=12436]
  0x0000017a1d115800 GCTaskThread "GC Thread#4" [stack: 0x0000005b3c600000,0x0000005b3c700000] [id=11224]
  0x0000017a1da78800 GCTaskThread "GC Thread#5" [stack: 0x0000005b3c700000,0x0000005b3c800000] [id=4200]
  0x0000017a1cec6800 GCTaskThread "GC Thread#6" [stack: 0x0000005b3c800000,0x0000005b3c900000] [id=11396]
  0x0000017a1b327800 GCTaskThread "GC Thread#7" [stack: 0x0000005b3c900000,0x0000005b3ca00000] [id=12360]
  0x0000017a7d5e7800 ConcurrentGCThread "G1 Main Marker" [stack: 0x0000005b3a900000,0x0000005b3aa00000] [id=11476]
  0x0000017a7d5ec000 ConcurrentGCThread "G1 Conc#0" [stack: 0x0000005b3aa00000,0x0000005b3ab00000] [id=4896]
  0x0000017a1b51e000 ConcurrentGCThread "G1 Conc#1" [stack: 0x0000005b3cc00000,0x0000005b3cd00000] [id=13028]
  0x0000017a198a0800 ConcurrentGCThread "G1 Refine#0" [stack: 0x0000005b3ab00000,0x0000005b3ac00000] [id=3088]
  0x0000017a198a1800 ConcurrentGCThread "G1 Young RemSet Sampling" [stack: 0x0000005b3ac00000,0x0000005b3ad00000] [id=1864]

Threads with active compile tasks:
C2 CompilerThread0   5789 3219   !   4       java.util.concurrent.ConcurrentHashMap::computeIfAbsent (576 bytes)
C1 CompilerThread0   5789 3222       3       jdk.internal.org.objectweb.asm.FieldWriter::put (475 bytes)
C2 CompilerThread1   5789 3195       4       jdk.internal.loader.URLClassPath::getResource (74 bytes)
C2 CompilerThread2   5789 3212   !   4       jdk.internal.loader.URLClassPath$JarLoader::getResource (65 bytes)

VM state:not at safepoint (normal execution)

VM Mutex/Monitor currently owned by a thread: None

Heap address: 0x0000000080000000, size: 2048 MB, Compressed Oops mode: 32-bit
Narrow klass base: 0x0000000000000000, Narrow klass shift: 3
Compressed class space size: 1073741824 Address: 0x0000000100000000

Heap:
 garbage-first heap   total 126976K, used 47245K [0x0000000080000000, 0x0000000100000000)
  region size 1024K, 29 young (29696K), 4 survivors (4096K)
 Metaspace       used 36367K, capacity 37172K, committed 37248K, reserved 1081344K
  class space    used 4692K, capacity 4968K, committed 4992K, reserved 1048576K
Heap Regions: E=young(eden), S=young(survivor), O=old, HS=humongous(starts), HC=humongous(continues), CS=collection set, F=free, A=archive, TAMS=top-at-mark-start (previous, next)
|   0|0x0000000080000000, 0x0000000080100000, 0x0000000080100000|100%| O|  |TAMS 0x0000000080100000, 0x0000000080000000| Untracked 
|   1|0x0000000080100000, 0x0000000080200000, 0x0000000080200000|100%| O|  |TAMS 0x0000000080200000, 0x0000000080100000| Untracked 
|   2|0x0000000080200000, 0x0000000080300000, 0x0000000080300000|100%| O|  |TAMS 0x0000000080300000, 0x0000000080200000| Untracked 
|   3|0x0000000080300000, 0x0000000080400000, 0x0000000080400000|100%|HS|  |TAMS 0x0000000080400000, 0x0000000080300000| Complete 
|   4|0x0000000080400000, 0x0000000080500000, 0x0000000080500000|100%|HC|  |TAMS 0x0000000080500000, 0x0000000080400000| Complete 
|   5|0x0000000080500000, 0x0000000080600000, 0x0000000080600000|100%|HC|  |TAMS 0x0000000080600000, 0x0000000080500000| Complete 
|   6|0x0000000080600000, 0x0000000080700000, 0x0000000080700000|100%| O|  |TAMS 0x0000000080700000, 0x0000000080600000| Untracked 
|   7|0x0000000080700000, 0x0000000080800000, 0x0000000080800000|100%| O|  |TAMS 0x0000000080800000, 0x0000000080700000| Untracked 
|   8|0x0000000080800000, 0x0000000080900000, 0x0000000080900000|100%| O|  |TAMS 0x0000000080900000, 0x0000000080800000| Untracked 
|   9|0x0000000080900000, 0x0000000080a00000, 0x0000000080a00000|100%| O|  |TAMS 0x0000000080a00000, 0x0000000080900000| Untracked 
|  10|0x0000000080a00000, 0x0000000080b00000, 0x0000000080b00000|100%| O|  |TAMS 0x0000000080b00000, 0x0000000080a00000| Untracked 
|  11|0x0000000080b00000, 0x0000000080c00000, 0x0000000080c00000|100%| O|  |TAMS 0x0000000080c00000, 0x0000000080b00000| Untracked 
|  12|0x0000000080c00000, 0x0000000080d00000, 0x0000000080d00000|100%| O|  |TAMS 0x0000000080d00000, 0x0000000080c00000| Untracked 
|  13|0x0000000080d00000, 0x0000000080e00000, 0x0000000080e00000|100%| O|  |TAMS 0x0000000080e00000, 0x0000000080d00000| Untracked 
|  14|0x0000000080e00000, 0x0000000080f00000, 0x0000000080f00000|100%| O|  |TAMS 0x0000000080f00000, 0x0000000080e00000| Untracked 
|  15|0x0000000080f00000, 0x0000000081000000, 0x0000000081000000|100%| O|  |TAMS 0x0000000081000000, 0x0000000080f00000| Untracked 
|  16|0x0000000081000000, 0x0000000081100000, 0x0000000081100000|100%| O|  |TAMS 0x0000000081100000, 0x0000000081000000| Untracked 
|  17|0x0000000081100000, 0x0000000081200000, 0x0000000081200000|100%| O|  |TAMS 0x0000000081200000, 0x0000000081100000| Untracked 
|  18|0x0000000081200000, 0x0000000081242000, 0x0000000081300000| 25%| O|  |TAMS 0x0000000081242000, 0x0000000081200000| Untracked 
|  19|0x0000000081300000, 0x0000000081300000, 0x0000000081400000|  0%| F|  |TAMS 0x0000000081300000, 0x0000000081300000| Untracked 
|  20|0x0000000081400000, 0x0000000081400000, 0x0000000081500000|  0%| F|  |TAMS 0x0000000081400000, 0x0000000081400000| Untracked 
|  21|0x0000000081500000, 0x0000000081500000, 0x0000000081600000|  0%| F|  |TAMS 0x0000000081500000, 0x0000000081500000| Untracked 
|  22|0x0000000081600000, 0x0000000081600000, 0x0000000081700000|  0%| F|  |TAMS 0x0000000081600000, 0x0000000081600000| Untracked 
|  23|0x0000000081700000, 0x0000000081700000, 0x0000000081800000|  0%| F|  |TAMS 0x0000000081700000, 0x0000000081700000| Untracked 
|  24|0x0000000081800000, 0x0000000081800000, 0x0000000081900000|  0%| F|  |TAMS 0x0000000081800000, 0x0000000081800000| Untracked 
|  25|0x0000000081900000, 0x0000000081900000, 0x0000000081a00000|  0%| F|  |TAMS 0x0000000081900000, 0x0000000081900000| Untracked 
|  26|0x0000000081a00000, 0x0000000081a00000, 0x0000000081b00000|  0%| F|  |TAMS 0x0000000081a00000, 0x0000000081a00000| Untracked 
|  27|0x0000000081b00000, 0x0000000081b00000, 0x0000000081c00000|  0%| F|  |TAMS 0x0000000081b00000, 0x0000000081b00000| Untracked 
|  28|0x0000000081c00000, 0x0000000081c00000, 0x0000000081d00000|  0%| F|  |TAMS 0x0000000081c00000, 0x0000000081c00000| Untracked 
|  29|0x0000000081d00000, 0x0000000081d00000, 0x0000000081e00000|  0%| F|  |TAMS 0x0000000081d00000, 0x0000000081d00000| Untracked 
|  30|0x0000000081e00000, 0x0000000081e00000, 0x0000000081f00000|  0%| F|  |TAMS 0x0000000081e00000, 0x0000000081e00000| Untracked 
|  31|0x0000000081f00000, 0x0000000081f00000, 0x0000000082000000|  0%| F|  |TAMS 0x0000000081f00000, 0x0000000081f00000| Untracked 
|  32|0x0000000082000000, 0x0000000082000000, 0x0000000082100000|  0%| F|  |TAMS 0x0000000082000000, 0x0000000082000000| Untracked 
|  33|0x0000000082100000, 0x0000000082100000, 0x0000000082200000|  0%| F|  |TAMS 0x0000000082100000, 0x0000000082100000| Untracked 
|  34|0x0000000082200000, 0x0000000082200000, 0x0000000082300000|  0%| F|  |TAMS 0x0000000082200000, 0x0000000082200000| Untracked 
|  35|0x0000000082300000, 0x0000000082300000, 0x0000000082400000|  0%| F|  |TAMS 0x0000000082300000, 0x0000000082300000| Untracked 
|  36|0x0000000082400000, 0x0000000082400000, 0x0000000082500000|  0%| F|  |TAMS 0x0000000082400000, 0x0000000082400000| Untracked 
|  37|0x0000000082500000, 0x0000000082500000, 0x0000000082600000|  0%| F|  |TAMS 0x0000000082500000, 0x0000000082500000| Untracked 
|  38|0x0000000082600000, 0x0000000082600000, 0x0000000082700000|  0%| F|  |TAMS 0x0000000082600000, 0x0000000082600000| Untracked 
|  39|0x0000000082700000, 0x0000000082700000, 0x0000000082800000|  0%| F|  |TAMS 0x0000000082700000, 0x0000000082700000| Untracked 
|  40|0x0000000082800000, 0x0000000082800000, 0x0000000082900000|  0%| F|  |TAMS 0x0000000082800000, 0x0000000082800000| Untracked 
|  41|0x0000000082900000, 0x0000000082900000, 0x0000000082a00000|  0%| F|  |TAMS 0x0000000082900000, 0x0000000082900000| Untracked 
|  42|0x0000000082a00000, 0x0000000082a00000, 0x0000000082b00000|  0%| F|  |TAMS 0x0000000082a00000, 0x0000000082a00000| Untracked 
|  43|0x0000000082b00000, 0x0000000082b00000, 0x0000000082c00000|  0%| F|  |TAMS 0x0000000082b00000, 0x0000000082b00000| Untracked 
|  44|0x0000000082c00000, 0x0000000082c00000, 0x0000000082d00000|  0%| F|  |TAMS 0x0000000082c00000, 0x0000000082c00000| Untracked 
|  45|0x0000000082d00000, 0x0000000082d00000, 0x0000000082e00000|  0%| F|  |TAMS 0x0000000082d00000, 0x0000000082d00000| Untracked 
|  46|0x0000000082e00000, 0x0000000082e00000, 0x0000000082f00000|  0%| F|  |TAMS 0x0000000082e00000, 0x0000000082e00000| Untracked 
|  47|0x0000000082f00000, 0x0000000082f00000, 0x0000000083000000|  0%| F|  |TAMS 0x0000000082f00000, 0x0000000082f00000| Untracked 
|  48|0x0000000083000000, 0x0000000083000000, 0x0000000083100000|  0%| F|  |TAMS 0x0000000083000000, 0x0000000083000000| Untracked 
|  49|0x0000000083100000, 0x0000000083100000, 0x0000000083200000|  0%| F|  |TAMS 0x0000000083100000, 0x0000000083100000| Untracked 
|  50|0x0000000083200000, 0x0000000083200000, 0x0000000083300000|  0%| F|  |TAMS 0x0000000083200000, 0x0000000083200000| Untracked 
|  51|0x0000000083300000, 0x0000000083300000, 0x0000000083400000|  0%| F|  |TAMS 0x0000000083300000, 0x0000000083300000| Untracked 
|  52|0x0000000083400000, 0x0000000083400000, 0x0000000083500000|  0%| F|  |TAMS 0x0000000083400000, 0x0000000083400000| Untracked 
|  53|0x0000000083500000, 0x0000000083500000, 0x0000000083600000|  0%| F|  |TAMS 0x0000000083500000, 0x0000000083500000| Untracked 
|  54|0x0000000083600000, 0x0000000083600000, 0x0000000083700000|  0%| F|  |TAMS 0x0000000083600000, 0x0000000083600000| Untracked 
|  55|0x0000000083700000, 0x0000000083700000, 0x0000000083800000|  0%| F|  |TAMS 0x0000000083700000, 0x0000000083700000| Untracked 
|  56|0x0000000083800000, 0x0000000083800000, 0x0000000083900000|  0%| F|  |TAMS 0x0000000083800000, 0x0000000083800000| Untracked 
|  57|0x0000000083900000, 0x0000000083900000, 0x0000000083a00000|  0%| F|  |TAMS 0x0000000083900000, 0x0000000083900000| Untracked 
|  58|0x0000000083a00000, 0x0000000083a00000, 0x0000000083b00000|  0%| F|  |TAMS 0x0000000083a00000, 0x0000000083a00000| Untracked 
|  59|0x0000000083b00000, 0x0000000083b00000, 0x0000000083c00000|  0%| F|  |TAMS 0x0000000083b00000, 0x0000000083b00000| Untracked 
|  60|0x0000000083c00000, 0x0000000083c00000, 0x0000000083d00000|  0%| F|  |TAMS 0x0000000083c00000, 0x0000000083c00000| Untracked 
|  61|0x0000000083d00000, 0x0000000083d00000, 0x0000000083e00000|  0%| F|  |TAMS 0x0000000083d00000, 0x0000000083d00000| Untracked 
|  62|0x0000000083e00000, 0x0000000083e00000, 0x0000000083f00000|  0%| F|  |TAMS 0x0000000083e00000, 0x0000000083e00000| Untracked 
|  63|0x0000000083f00000, 0x0000000083f00000, 0x0000000084000000|  0%| F|  |TAMS 0x0000000083f00000, 0x0000000083f00000| Untracked 
|  64|0x0000000084000000, 0x0000000084000000, 0x0000000084100000|  0%| F|  |TAMS 0x0000000084000000, 0x0000000084000000| Untracked 
|  65|0x0000000084100000, 0x0000000084100000, 0x0000000084200000|  0%| F|  |TAMS 0x0000000084100000, 0x0000000084100000| Untracked 
|  66|0x0000000084200000, 0x0000000084200000, 0x0000000084300000|  0%| F|  |TAMS 0x0000000084200000, 0x0000000084200000| Untracked 
|  67|0x0000000084300000, 0x0000000084300000, 0x0000000084400000|  0%| F|  |TAMS 0x0000000084300000, 0x0000000084300000| Untracked 
|  68|0x0000000084400000, 0x0000000084400000, 0x0000000084500000|  0%| F|  |TAMS 0x0000000084400000, 0x0000000084400000| Untracked 
|  69|0x0000000084500000, 0x0000000084500000, 0x0000000084600000|  0%| F|  |TAMS 0x0000000084500000, 0x0000000084500000| Untracked 
|  70|0x0000000084600000, 0x0000000084600000, 0x0000000084700000|  0%| F|  |TAMS 0x0000000084600000, 0x0000000084600000| Untracked 
|  71|0x0000000084700000, 0x0000000084700000, 0x0000000084800000|  0%| F|  |TAMS 0x0000000084700000, 0x0000000084700000| Untracked 
|  72|0x0000000084800000, 0x0000000084800000, 0x0000000084900000|  0%| F|  |TAMS 0x0000000084800000, 0x0000000084800000| Untracked 
|  73|0x0000000084900000, 0x0000000084900000, 0x0000000084a00000|  0%| F|  |TAMS 0x0000000084900000, 0x0000000084900000| Untracked 
|  74|0x0000000084a00000, 0x0000000084a00000, 0x0000000084b00000|  0%| F|  |TAMS 0x0000000084a00000, 0x0000000084a00000| Untracked 
|  75|0x0000000084b00000, 0x0000000084b00000, 0x0000000084c00000|  0%| F|  |TAMS 0x0000000084b00000, 0x0000000084b00000| Untracked 
|  76|0x0000000084c00000, 0x0000000084c00000, 0x0000000084d00000|  0%| F|  |TAMS 0x0000000084c00000, 0x0000000084c00000| Untracked 
|  77|0x0000000084d00000, 0x0000000084d00000, 0x0000000084e00000|  0%| F|  |TAMS 0x0000000084d00000, 0x0000000084d00000| Untracked 
|  78|0x0000000084e00000, 0x0000000084e00000, 0x0000000084f00000|  0%| F|  |TAMS 0x0000000084e00000, 0x0000000084e00000| Untracked 
|  79|0x0000000084f00000, 0x0000000084f00000, 0x0000000085000000|  0%| F|  |TAMS 0x0000000084f00000, 0x0000000084f00000| Untracked 
|  80|0x0000000085000000, 0x0000000085000000, 0x0000000085100000|  0%| F|  |TAMS 0x0000000085000000, 0x0000000085000000| Untracked 
|  81|0x0000000085100000, 0x0000000085100000, 0x0000000085200000|  0%| F|  |TAMS 0x0000000085100000, 0x0000000085100000| Untracked 
|  82|0x0000000085200000, 0x0000000085200000, 0x0000000085300000|  0%| F|  |TAMS 0x0000000085200000, 0x0000000085200000| Untracked 
|  83|0x0000000085300000, 0x0000000085300000, 0x0000000085400000|  0%| F|  |TAMS 0x0000000085300000, 0x0000000085300000| Untracked 
|  84|0x0000000085400000, 0x0000000085400000, 0x0000000085500000|  0%| F|  |TAMS 0x0000000085400000, 0x0000000085400000| Untracked 
|  85|0x0000000085500000, 0x0000000085500000, 0x0000000085600000|  0%| F|  |TAMS 0x0000000085500000, 0x0000000085500000| Untracked 
|  86|0x0000000085600000, 0x0000000085600000, 0x0000000085700000|  0%| F|  |TAMS 0x0000000085600000, 0x0000000085600000| Untracked 
|  87|0x0000000085700000, 0x0000000085700000, 0x0000000085800000|  0%| F|  |TAMS 0x0000000085700000, 0x0000000085700000| Untracked 
|  88|0x0000000085800000, 0x0000000085800000, 0x0000000085900000|  0%| F|  |TAMS 0x0000000085800000, 0x0000000085800000| Untracked 
|  89|0x0000000085900000, 0x0000000085900000, 0x0000000085a00000|  0%| F|  |TAMS 0x0000000085900000, 0x0000000085900000| Untracked 
|  90|0x0000000085a00000, 0x0000000085a00000, 0x0000000085b00000|  0%| F|  |TAMS 0x0000000085a00000, 0x0000000085a00000| Untracked 
|  91|0x0000000085b00000, 0x0000000085b00000, 0x0000000085c00000|  0%| F|  |TAMS 0x0000000085b00000, 0x0000000085b00000| Untracked 
|  92|0x0000000085c00000, 0x0000000085c00000, 0x0000000085d00000|  0%| F|  |TAMS 0x0000000085c00000, 0x0000000085c00000| Untracked 
|  93|0x0000000085d00000, 0x0000000085d00000, 0x0000000085e00000|  0%| F|  |TAMS 0x0000000085d00000, 0x0000000085d00000| Untracked 
|  94|0x0000000085e00000, 0x0000000085e820f0, 0x0000000085f00000| 50%| E|  |TAMS 0x0000000085e00000, 0x0000000085e00000| Complete 
|  95|0x0000000085f00000, 0x0000000086000000, 0x0000000086000000|100%| E|CS|TAMS 0x0000000085f00000, 0x0000000085f00000| Complete 
|  96|0x0000000086000000, 0x0000000086100000, 0x0000000086100000|100%| E|CS|TAMS 0x0000000086000000, 0x0000000086000000| Complete 
|  97|0x0000000086100000, 0x0000000086200000, 0x0000000086200000|100%| E|CS|TAMS 0x0000000086100000, 0x0000000086100000| Complete 
|  98|0x0000000086200000, 0x0000000086300000, 0x0000000086300000|100%| E|CS|TAMS 0x0000000086200000, 0x0000000086200000| Complete 
|  99|0x0000000086300000, 0x0000000086400000, 0x0000000086400000|100%| E|CS|TAMS 0x0000000086300000, 0x0000000086300000| Complete 
| 100|0x0000000086400000, 0x0000000086500000, 0x0000000086500000|100%| E|CS|TAMS 0x0000000086400000, 0x0000000086400000| Complete 
| 101|0x0000000086500000, 0x0000000086600000, 0x0000000086600000|100%| E|CS|TAMS 0x0000000086500000, 0x0000000086500000| Complete 
| 102|0x0000000086600000, 0x0000000086700000, 0x0000000086700000|100%| E|CS|TAMS 0x0000000086600000, 0x0000000086600000| Complete 
| 103|0x0000000086700000, 0x0000000086800000, 0x0000000086800000|100%| E|CS|TAMS 0x0000000086700000, 0x0000000086700000| Complete 
| 104|0x0000000086800000, 0x0000000086900000, 0x0000000086900000|100%| E|CS|TAMS 0x0000000086800000, 0x0000000086800000| Complete 
| 105|0x0000000086900000, 0x0000000086a00000, 0x0000000086a00000|100%| E|CS|TAMS 0x0000000086900000, 0x0000000086900000| Complete 
| 106|0x0000000086a00000, 0x0000000086b00000, 0x0000000086b00000|100%| E|CS|TAMS 0x0000000086a00000, 0x0000000086a00000| Complete 
| 107|0x0000000086b00000, 0x0000000086c00000, 0x0000000086c00000|100%| E|CS|TAMS 0x0000000086b00000, 0x0000000086b00000| Complete 
| 108|0x0000000086c00000, 0x0000000086d00000, 0x0000000086d00000|100%| E|CS|TAMS 0x0000000086c00000, 0x0000000086c00000| Complete 
| 109|0x0000000086d00000, 0x0000000086e00000, 0x0000000086e00000|100%| E|CS|TAMS 0x0000000086d00000, 0x0000000086d00000| Complete 
| 110|0x0000000086e00000, 0x0000000086f00000, 0x0000000086f00000|100%| E|CS|TAMS 0x0000000086e00000, 0x0000000086e00000| Complete 
| 111|0x0000000086f00000, 0x0000000087000000, 0x0000000087000000|100%| E|CS|TAMS 0x0000000086f00000, 0x0000000086f00000| Complete 
| 112|0x0000000087000000, 0x0000000087100000, 0x0000000087100000|100%| E|CS|TAMS 0x0000000087000000, 0x0000000087000000| Complete 
| 113|0x0000000087100000, 0x00000000871e1750, 0x0000000087200000| 88%| S|CS|TAMS 0x0000000087100000, 0x0000000087100000| Complete 
| 114|0x0000000087200000, 0x0000000087300000, 0x0000000087300000|100%| S|CS|TAMS 0x0000000087200000, 0x0000000087200000| Complete 
| 115|0x0000000087300000, 0x0000000087400000, 0x0000000087400000|100%| S|CS|TAMS 0x0000000087300000, 0x0000000087300000| Complete 
| 116|0x0000000087400000, 0x0000000087500000, 0x0000000087500000|100%| S|CS|TAMS 0x0000000087400000, 0x0000000087400000| Complete 
| 117|0x0000000087500000, 0x0000000087600000, 0x0000000087600000|100%| E|CS|TAMS 0x0000000087500000, 0x0000000087500000| Complete 
| 118|0x0000000087600000, 0x0000000087700000, 0x0000000087700000|100%| E|CS|TAMS 0x0000000087600000, 0x0000000087600000| Complete 
| 119|0x0000000087700000, 0x0000000087800000, 0x0000000087800000|100%| E|CS|TAMS 0x0000000087700000, 0x0000000087700000| Complete 
| 120|0x0000000087800000, 0x0000000087900000, 0x0000000087900000|100%| E|CS|TAMS 0x0000000087800000, 0x0000000087800000| Complete 
| 121|0x0000000087900000, 0x0000000087a00000, 0x0000000087a00000|100%| E|CS|TAMS 0x0000000087900000, 0x0000000087900000| Complete 
| 122|0x0000000087a00000, 0x0000000087b00000, 0x0000000087b00000|100%| E|CS|TAMS 0x0000000087a00000, 0x0000000087a00000| Complete 
| 123|0x0000000087b00000, 0x0000000087c00000, 0x0000000087c00000|100%| E|CS|TAMS 0x0000000087b00000, 0x0000000087b00000| Complete 

Card table byte_map: [0x0000017a12a10000,0x0000017a12e10000] _byte_map_base: 0x0000017a12610000

Marking Bits (Prev, Next): (CMBitMap*) 0x0000017a7d5de908, (CMBitMap*) 0x0000017a7d5de940
 Prev Bits: [0x0000017a13210000, 0x0000017a15210000)
 Next Bits: [0x0000017a15210000, 0x0000017a17210000)

Polling page: 0x0000017a7d670000

Metaspace:

Usage:
  Non-class:     31.45 MB capacity,    30.95 MB ( 98%) used,   431.27 KB (  1%) free+waste,    80.81 KB ( <1%) overhead. 
      Class:      4.88 MB capacity,     4.59 MB ( 94%) used,   265.00 KB (  5%) free+waste,    39.19 KB ( <1%) overhead. 
       Both:     36.34 MB capacity,    35.54 MB ( 98%) used,   696.27 KB (  2%) free+waste,   120.00 KB ( <1%) overhead. 

Virtual space:
  Non-class space:       32.00 MB reserved,      31.50 MB ( 98%) committed 
      Class space:        1.00 GB reserved,       5.00 MB ( <1%) committed 
             Both:        1.03 GB reserved,      36.50 MB (  3%) committed 

Chunk freelists:
   Non-Class:  48.00 KB
       Class:  22.00 KB
        Both:  70.00 KB

MaxMetaspaceSize: 17179869184.00 GB
CompressedClassSpaceSize: 1.00 GB

CodeHeap 'non-profiled nmethods': size=120000Kb used=1550Kb max_used=1550Kb free=118449Kb
 bounds [0x0000017a0b4e0000, 0x0000017a0b750000, 0x0000017a12a10000]
CodeHeap 'profiled nmethods': size=120000Kb used=6496Kb max_used=6496Kb free=113503Kb
 bounds [0x0000017a03fb0000, 0x0000017a04610000, 0x0000017a0b4e0000]
CodeHeap 'non-nmethods': size=5760Kb used=1524Kb max_used=1581Kb free=4235Kb
 bounds [0x0000017a03a10000, 0x0000017a03c80000, 0x0000017a03fb0000]
 total_blobs=3829 nmethods=3209 adapters=531
 compilation: enabled
              stopped_count=0, restarted_count=0
 full_count=0

Compilation events (20 events):
Event: 5.722 Thread 0x0000017a1e070800 3118       4       java.nio.DirectByteBuffer::ix (10 bytes)
Event: 5.722 Thread 0x0000017a1e070800 nmethod 3118 0x0000017a0b660a10 code [0x0000017a0b660ba0, 0x0000017a0b660c18]
Event: 5.722 Thread 0x0000017a1e070800 3183       4       java.util.stream.MatchOps$MatchOp::getOpFlags (8 bytes)
Event: 5.722 Thread 0x0000017a1e070800 nmethod 3183 0x0000017a0b660c90 code [0x0000017a0b660e20, 0x0000017a0b660e98]
Event: 5.722 Thread 0x0000017a1e070800 3196       4       jdk.internal.misc.SharedSecrets::getJavaLangAccess (4 bytes)
Event: 5.723 Thread 0x0000017a1e070800 nmethod 3196 0x0000017a0b660f10 code [0x0000017a0b6610a0, 0x0000017a0b6610f8]
Event: 5.723 Thread 0x0000017a1e070800 3116       4       java.util.stream.Sink$ChainedReference::cancellationRequested (10 bytes)
Event: 5.723 Thread 0x0000017a1e070800 nmethod 3116 0x0000017a0b661190 code [0x0000017a0b661320, 0x0000017a0b6613b8]
Event: 5.723 Thread 0x0000017a1e070800 3140       4       java.util.Spliterators$1Adapter::accept (11 bytes)
Event: 5.725 Thread 0x0000017a1e070800 nmethod 3140 0x0000017a0b661490 code [0x0000017a0b661620, 0x0000017a0b661758]
Event: 5.725 Thread 0x0000017a1e070800 3212   !   4       jdk.internal.loader.URLClassPath$JarLoader::getResource (65 bytes)
Event: 5.734 Thread 0x0000017a1a397800 3213   !   3       jdk.internal.loader.URLClassPath$JarLoader::ensureOpen (36 bytes)
Event: 5.734 Thread 0x0000017a1a397800 nmethod 3213 0x0000017a04600610 code [0x0000017a04600800, 0x0000017a04600c08]
Event: 5.738 Thread 0x0000017a1a393000 nmethod 3137 0x0000017a0b661810 code [0x0000017a0b661a00, 0x0000017a0b662938]
Event: 5.754 Thread 0x0000017a1a397800 3214       3       org.gradle.internal.classpath.DefaultClassPath::of (33 bytes)
Event: 5.754 Thread 0x0000017a1a397800 nmethod 3214 0x0000017a04600d90 code [0x0000017a04600f80, 0x0000017a046013b8]
Event: 5.762 Thread 0x0000017a1a397800 3215   !   3       java.lang.invoke.MethodHandles$Lookup::canBeCached (150 bytes)
Event: 5.765 Thread 0x0000017a1a397800 nmethod 3215 0x0000017a04601510 code [0x0000017a04601940, 0x0000017a04603a28]
Event: 5.765 Thread 0x0000017a1a397800 3216       3       java.lang.invoke.InfoFromMemberName::getDeclaringClass (8 bytes)
Event: 5.765 Thread 0x0000017a1a397800 nmethod 3216 0x0000017a04604590 code [0x0000017a04604740, 0x0000017a04604858]

GC Heap History (14 events):
Event: 1.047 GC heap before
{Heap before GC invocations=0 (full 0):
 garbage-first heap   total 126976K, used 29696K [0x0000000080000000, 0x0000000100000000)
  region size 1024K, 24 young (24576K), 0 survivors (0K)
 Metaspace       used 10197K, capacity 10425K, committed 10624K, reserved 1058816K
  class space    used 1064K, capacity 1139K, committed 1152K, reserved 1048576K
}
Event: 1.056 GC heap after
{Heap after GC invocations=1 (full 0):
 garbage-first heap   total 126976K, used 9252K [0x0000000080000000, 0x0000000100000000)
  region size 1024K, 3 young (3072K), 3 survivors (3072K)
 Metaspace       used 10197K, capacity 10425K, committed 10624K, reserved 1058816K
  class space    used 1064K, capacity 1139K, committed 1152K, reserved 1048576K
}
Event: 1.531 GC heap before
{Heap before GC invocations=1 (full 0):
 garbage-first heap   total 126976K, used 31780K [0x0000000080000000, 0x0000000100000000)
  region size 1024K, 25 young (25600K), 3 survivors (3072K)
 Metaspace       used 11100K, capacity 11378K, committed 11520K, reserved 1058816K
  class space    used 1164K, capacity 1243K, committed 1280K, reserved 1048576K
}
Event: 1.538 GC heap after
{Heap after GC invocations=2 (full 0):
 garbage-first heap   total 126976K, used 10288K [0x0000000080000000, 0x0000000100000000)
  region size 1024K, 1 young (1024K), 1 survivors (1024K)
 Metaspace       used 11100K, capacity 11378K, committed 11520K, reserved 1058816K
  class space    used 1164K, capacity 1243K, committed 1280K, reserved 1048576K
}
Event: 3.002 GC heap before
{Heap before GC invocations=2 (full 0):
 garbage-first heap   total 126976K, used 62512K [0x0000000080000000, 0x0000000100000000)
  region size 1024K, 52 young (53248K), 1 survivors (1024K)
 Metaspace       used 17690K, capacity 18156K, committed 18432K, reserved 1064960K
  class space    used 2088K, capacity 2238K, committed 2304K, reserved 1048576K
}
Event: 3.007 GC heap after
{Heap after GC invocations=3 (full 0):
 garbage-first heap   total 126976K, used 16677K [0x0000000080000000, 0x0000000100000000)
  region size 1024K, 7 young (7168K), 7 survivors (7168K)
 Metaspace       used 17690K, capacity 18156K, committed 18432K, reserved 1064960K
  class space    used 2088K, capacity 2238K, committed 2304K, reserved 1048576K
}
Event: 3.316 GC heap before
{Heap before GC invocations=3 (full 0):
 garbage-first heap   total 126976K, used 39205K [0x0000000080000000, 0x0000000100000000)
  region size 1024K, 30 young (30720K), 7 survivors (7168K)
 Metaspace       used 20538K, capacity 21092K, committed 21248K, reserved 1067008K
  class space    used 2504K, capacity 2690K, committed 2816K, reserved 1048576K
}
Event: 3.324 GC heap after
{Heap after GC invocations=4 (full 0):
 garbage-first heap   total 126976K, used 17171K [0x0000000080000000, 0x0000000100000000)
  region size 1024K, 1 young (1024K), 1 survivors (1024K)
 Metaspace       used 20538K, capacity 21092K, committed 21248K, reserved 1067008K
  class space    used 2504K, capacity 2690K, committed 2816K, reserved 1048576K
}
Event: 4.162 GC heap before
{Heap before GC invocations=5 (full 0):
 garbage-first heap   total 126976K, used 67347K [0x0000000080000000, 0x0000000100000000)
  region size 1024K, 51 young (52224K), 1 survivors (1024K)
 Metaspace       used 25756K, capacity 26488K, committed 26752K, reserved 1073152K
  class space    used 3368K, capacity 3600K, committed 3712K, reserved 1048576K
}
Event: 4.165 GC heap after
{Heap after GC invocations=6 (full 0):
 garbage-first heap   total 126976K, used 18803K [0x0000000080000000, 0x0000000100000000)
  region size 1024K, 3 young (3072K), 3 survivors (3072K)
 Metaspace       used 25756K, capacity 26488K, committed 26752K, reserved 1073152K
  class space    used 3368K, capacity 3600K, committed 3712K, reserved 1048576K
}
Event: 5.222 GC heap before
{Heap before GC invocations=6 (full 0):
 garbage-first heap   total 126976K, used 73075K [0x0000000080000000, 0x0000000100000000)
  region size 1024K, 56 young (57344K), 3 survivors (3072K)
 Metaspace       used 33776K, capacity 34550K, committed 34688K, reserved 1079296K
  class space    used 4391K, capacity 4672K, committed 4736K, reserved 1048576K
}
Event: 5.227 GC heap after
{Heap after GC invocations=7 (full 0):
 garbage-first heap   total 126976K, used 21866K [0x0000000080000000, 0x0000000100000000)
  region size 1024K, 6 young (6144K), 6 survivors (6144K)
 Metaspace       used 33776K, capacity 34550K, committed 34688K, reserved 1079296K
  class space    used 4391K, capacity 4672K, committed 4736K, reserved 1048576K
}
Event: 5.411 GC heap before
{Heap before GC invocations=7 (full 0):
 garbage-first heap   total 126976K, used 28010K [0x0000000080000000, 0x0000000100000000)
  region size 1024K, 13 young (13312K), 6 survivors (6144K)
 Metaspace       used 35005K, capacity 35794K, committed 35840K, reserved 1081344K
  class space    used 4537K, capacity 4832K, committed 4864K, reserved 1048576K
}
Event: 5.421 GC heap after
{Heap after GC invocations=8 (full 0):
 garbage-first heap   total 126976K, used 22669K [0x0000000080000000, 0x0000000100000000)
  region size 1024K, 4 young (4096K), 4 survivors (4096K)
 Metaspace       used 35005K, capacity 35794K, committed 35840K, reserved 1081344K
  class space    used 4537K, capacity 4832K, committed 4864K, reserved 1048576K
}

Deoptimization events (20 events):
Event: 5.268 Thread 0x0000017a1c682000 DEOPT PACKING pc=0x0000017a0439ddf9 sp=0x0000005b3bff66e0
Event: 5.268 Thread 0x0000017a1c682000 DEOPT UNPACKING pc=0x0000017a03a38ede sp=0x0000005b3bff5c28 mode 0
Event: 5.280 Thread 0x0000017a1c682000 Uncommon trap: trap_request=0xffffff5c fr.pc=0x0000017a0b5786a4 relative=0x0000000000000e64
Event: 5.280 Thread 0x0000017a1c682000 Uncommon trap: reason=speculate_null_assert action=make_not_entrant pc=0x0000017a0b5786a4 method=jdk.internal.loader.URLClassPath$JarLoader.getResource(Ljava/lang/String;ZLjava/util/Set;)Ljdk/internal/loader/Resource; @ 17 c2
Event: 5.280 Thread 0x0000017a1c682000 DEOPT PACKING pc=0x0000017a0b5786a4 sp=0x0000005b3bff5780
Event: 5.280 Thread 0x0000017a1c682000 DEOPT UNPACKING pc=0x0000017a03a183af sp=0x0000005b3bff5728 mode 2
Event: 5.406 Thread 0x0000017a1c682000 Uncommon trap: trap_request=0xffffff4d fr.pc=0x0000017a0b56ad34 relative=0x0000000000001554
Event: 5.406 Thread 0x0000017a1c682000 Uncommon trap: reason=unstable_if action=reinterpret pc=0x0000017a0b56ad34 method=sun.nio.fs.WindowsPathParser.isSlash(C)Z @ 9 c2
Event: 5.406 Thread 0x0000017a1c682000 DEOPT PACKING pc=0x0000017a0b56ad34 sp=0x0000005b3bff97a0
Event: 5.406 Thread 0x0000017a1c682000 DEOPT UNPACKING pc=0x0000017a03a183af sp=0x0000005b3bff9730 mode 2
Event: 5.406 Thread 0x0000017a1c682000 Uncommon trap: trap_request=0xffffff4d fr.pc=0x0000017a0b4f805c relative=0x000000000000003c
Event: 5.406 Thread 0x0000017a1c682000 Uncommon trap: reason=unstable_if action=reinterpret pc=0x0000017a0b4f805c method=sun.nio.fs.WindowsPathParser.isSlash(C)Z @ 9 c2
Event: 5.406 Thread 0x0000017a1c682000 DEOPT PACKING pc=0x0000017a0b4f805c sp=0x0000005b3bff97a0
Event: 5.406 Thread 0x0000017a1c682000 DEOPT UNPACKING pc=0x0000017a03a183af sp=0x0000005b3bff9728 mode 2
Event: 5.539 Thread 0x0000017a1c682000 Uncommon trap: trap_request=0xffffff7e fr.pc=0x0000017a0b629d24 relative=0x0000000000000324
Event: 5.539 Thread 0x0000017a1c682000 Uncommon trap: reason=predicate action=maybe_recompile pc=0x0000017a0b629d24 method=java.util.stream.ReferencePipeline.forEachWithCancel(Ljava/util/Spliterator;Ljava/util/stream/Sink;)Z @ 8 c2
Event: 5.539 Thread 0x0000017a1c682000 DEOPT PACKING pc=0x0000017a0b629d24 sp=0x0000005b3bff94c0
Event: 5.539 Thread 0x0000017a1c682000 DEOPT UNPACKING pc=0x0000017a03a183af sp=0x0000005b3bff9460 mode 2
Event: 5.598 Thread 0x0000017a1c682000 DEOPT PACKING pc=0x0000017a045c4840 sp=0x0000005b3bff93e0
Event: 5.598 Thread 0x0000017a1c682000 DEOPT UNPACKING pc=0x0000017a03a38ede sp=0x0000005b3bff88f8 mode 0

Classes redefined (0 events):
No events

Internal exceptions (20 events):
Event: 4.932 Thread 0x0000017a1c682000 Exception <a 'java/lang/NoSuchMethodError'{0x0000000084d43cd0}: 'void java.lang.invoke.DirectMethodHandle$Holder.invokeStaticInit(java.lang.Object, java.lang.Object, java.lang.Object)'> (0x0000000084d43cd0) thrown at [./src/hotspot/share/interpreter/linkResolver.cpp, line 773]
Event: 4.933 Thread 0x0000017a1c682000 Exception <a 'java/lang/NoSuchMethodError'{0x0000000084d4aaa8}: 'void java.lang.invoke.DirectMethodHandle$Holder.invokeStaticInit(java.lang.Object, java.lang.Object, java.lang.Object, java.lang.Object)'> (0x0000000084d4aaa8) thrown at [./src/hotspot/share/interpreter/linkResolver.cpp, line 773]
Event: 4.938 Thread 0x0000017a1c682000 Exception <a 'java/lang/NoSuchMethodError'{0x0000000084d6d0e0}: 'void java.lang.invoke.DirectMethodHandle$Holder.invokeStaticInit(java.lang.Object, java.lang.Object, java.lang.Object, java.lang.Object, java.lang.Object)'> (0x0000000084d6d0e0) thrown at [./src/hotspot/share/interpreter/linkResolver.cpp, line 773]
Event: 4.939 Thread 0x0000017a1c682000 Exception <a 'java/lang/NoSuchMethodError'{0x0000000084d747f0}: 'int java.lang.invoke.DirectMethodHandle$Holder.invokeStaticInit(java.lang.Object, java.lang.Object, java.lang.Object)'> (0x0000000084d747f0) thrown at [./src/hotspot/share/interpreter/linkResolver.cpp, line 773]
Event: 4.995 Thread 0x0000017a1c682000 Exception <a 'java/lang/NoSuchMethodError'{0x0000000084dd37f8}: 'int java.lang.invoke.DirectMethodHandle$Holder.invokeStaticInit(java.lang.Object, java.lang.Object, java.lang.Object, java.lang.Object)'> (0x0000000084dd37f8) thrown at [./src/hotspot/share/interpreter/linkResolver.cpp, line 773]
Event: 4.996 Thread 0x0000017a1c682000 Exception <a 'java/lang/IncompatibleClassChangeError'{0x0000000084ddcd58}: Found class java.lang.Object, but interface was expected> (0x0000000084ddcd58) thrown at [./src/hotspot/share/interpreter/linkResolver.cpp, line 839]
Event: 5.266 Thread 0x0000017a1c682000 Exception <a 'java/lang/NoSuchMethodError'{0x0000000087a88518}: 'java.lang.Object java.lang.invoke.DirectMethodHandle$Holder.invokeStatic(java.lang.Object, java.lang.Object, java.lang.Object, java.lang.Object, java.lang.Object, java.lang.Object, java.lang.Object, java.lang.Object, java.lang.Object, java.lang.Object, java.lang.Object, int)'> (0x0000000087a88518) thrown at [./src/hotspot/share/interpreter/linkResolver.cpp, line 773]
Event: 5.269 Thread 0x0000017a1c682000 Exception <a 'java/lang/NoSuchMethodError'{0x0000000087aa6f98}: 'java.lang.Object java.lang.invoke.DirectMethodHandle$Holder.invokeStatic(java.lang.Object, java.lang.Object, java.lang.Object, java.lang.Object, java.lang.Object, java.lang.Object, java.lang.Object, java.lang.Object, java.lang.Object, java.lang.Object, java.lang.Object, int, int)'> (0x0000000087aa6f98) thrown at [./src/hotspot/share/interpreter/linkResolver.cpp, line 773]
Event: 5.271 Thread 0x0000017a1c682000 Exception <a 'java/lang/NoSuchMethodError'{0x0000000087ac67c8}: 'java.lang.Object java.lang.invoke.DirectMethodHandle$Holder.invokeStatic(java.lang.Object, java.lang.Object, java.lang.Object, java.lang.Object, java.lang.Object, java.lang.Object, java.lang.Object, java.lang.Object, java.lang.Object, java.lang.Object, java.lang.Object, int, int, java.lang.Object)'> (0x0000000087ac67c8) thrown at [./src/hotspot/share/interpreter/linkResolver.cpp, line 773]
Event: 5.278 Thread 0x0000017a1c682000 Exception <a 'java/lang/NoSuchMethodError'{0x0000000087ae78c0}: 'java.lang.Object java.lang.invoke.DirectMethodHandle$Holder.invokeStatic(java.lang.Object, java.lang.Object, java.lang.Object, java.lang.Object, java.lang.Object, java.lang.Object, java.lang.Object, java.lang.Object, java.lang.Object, java.lang.Object, java.lang.Object, int, int, java.lang.Object, java.lang.Object)'> (0x0000000087ae78c0) thrown at [./src/hotspot/share/interpreter/linkResolver.cpp, line 773]
Event: 5.283 Thread 0x0000017a1c682000 Exception <a 'java/lang/ClassNotFoundException'{0x0000000087917d78}: groovy/lang/ExpandoMetaClassBeanInfo> (0x0000000087917d78) thrown at [./src/hotspot/share/classfile/systemDictionary.cpp, line 231]
Event: 5.284 Thread 0x0000017a1c682000 Exception <a 'java/lang/ClassNotFoundException'{0x00000000879380f0}: groovy/lang/MetaClassImplBeanInfo> (0x00000000879380f0) thrown at [./src/hotspot/share/classfile/systemDictionary.cpp, line 231]
Event: 5.285 Thread 0x0000017a1c682000 Exception <a 'java/lang/ClassNotFoundException'{0x00000000879411f8}: java/lang/ObjectBeanInfo> (0x00000000879411f8) thrown at [./src/hotspot/share/classfile/systemDictionary.cpp, line 231]
Event: 5.286 Thread 0x0000017a1c682000 Exception <a 'java/lang/ClassNotFoundException'{0x000000008794c738}: java/lang/ObjectCustomizer> (0x000000008794c738) thrown at [./src/hotspot/share/classfile/systemDictionary.cpp, line 231]
Event: 5.295 Thread 0x0000017a1c682000 Exception <a 'java/lang/ClassNotFoundException'{0x0000000087973918}: groovy/lang/MetaClassImplCustomizer> (0x0000000087973918) thrown at [./src/hotspot/share/classfile/systemDictionary.cpp, line 231]
Event: 5.299 Thread 0x0000017a1c682000 Exception <a 'java/lang/ClassNotFoundException'{0x00000000879b37c8}: groovy/lang/ExpandoMetaClassCustomizer> (0x00000000879b37c8) thrown at [./src/hotspot/share/classfile/systemDictionary.cpp, line 231]
Event: 5.698 Thread 0x0000017a1c682000 Exception <a 'java/lang/ClassNotFoundException'{0x00000000862b79b8}: org/gradle/internal/extensibility/DefaultExtraPropertiesExtensionBeanInfo> (0x00000000862b79b8) thrown at [./src/hotspot/share/classfile/systemDictionary.cpp, line 231]
Event: 5.699 Thread 0x0000017a1c682000 Exception <a 'java/lang/ClassNotFoundException'{0x00000000862d8e98}: groovy/lang/GroovyObjectSupportBeanInfo> (0x00000000862d8e98) thrown at [./src/hotspot/share/classfile/systemDictionary.cpp, line 231]
Event: 5.700 Thread 0x0000017a1c682000 Exception <a 'java/lang/ClassNotFoundException'{0x00000000862fa3c0}: groovy/lang/GroovyObjectSupportCustomizer> (0x00000000862fa3c0) thrown at [./src/hotspot/share/classfile/systemDictionary.cpp, line 231]
Event: 5.703 Thread 0x0000017a1c682000 Exception <a 'java/lang/ClassNotFoundException'{0x0000000086122440}: org/gradle/internal/extensibility/DefaultExtraPropertiesExtensionCustomizer> (0x0000000086122440) thrown at [./src/hotspot/share/classfile/systemDictionary.cpp, line 231]

Events (20 events):
Event: 5.764 loading class org/gradle/internal/vfs/impl/DefaultFileSystemAccess
Event: 5.764 loading class org/gradle/internal/vfs/impl/DefaultFileSystemAccess done
Event: 5.765 loading class org/gradle/internal/snapshot/MetadataSnapshot
Event: 5.765 loading class org/gradle/internal/snapshot/MetadataSnapshot done
Event: 5.765 loading class org/gradle/internal/snapshot/MetadataSnapshot
Event: 5.765 loading class org/gradle/internal/snapshot/MetadataSnapshot done
Event: 5.766 loading class org/gradle/internal/vfs/impl/DefaultFileSystemAccess
Event: 5.766 loading class org/gradle/internal/vfs/impl/DefaultFileSystemAccess done
Event: 5.766 loading class org/gradle/internal/vfs/impl/DefaultFileSystemAccess
Event: 5.766 loading class org/gradle/internal/vfs/impl/DefaultFileSystemAccess done
Event: 5.766 loading class org/gradle/internal/snapshot/SnapshottingFilter
Event: 5.766 loading class org/gradle/internal/snapshot/SnapshottingFilter done
Event: 5.767 loading class org/gradle/internal/snapshot/SnapshottingFilter$1
Event: 5.767 loading class org/gradle/internal/snapshot/SnapshottingFilter$1 done
Event: 5.767 loading class net/rubygrapefruit/platform/internal/WindowsFileStat
Event: 5.767 loading class net/rubygrapefruit/platform/internal/WindowsFileStat done
Event: 5.768 loading class net/rubygrapefruit/platform/internal/jni/WindowsFileFunctions
Event: 5.768 loading class net/rubygrapefruit/platform/internal/jni/WindowsFileFunctions done
Event: 5.768 loading class net/rubygrapefruit/platform/file/FileInfo$Type
Event: 5.768 loading class net/rubygrapefruit/platform/file/FileInfo$Type done


Dynamic libraries:
0x00007ff7fef00000 - 0x00007ff7fef0a000 	C:\Program Files\Android\Android Studio\jre\bin\java.exe
0x00007ff9559d0000 - 0x00007ff955bbd000 	C:\Windows\SYSTEM32\ntdll.dll
0x00007ff954b80000 - 0x00007ff954c34000 	C:\Windows\System32\KERNEL32.DLL
0x00007ff951ca0000 - 0x00007ff951f34000 	C:\Windows\System32\KERNELBASE.dll
0x00007ff951a40000 - 0x00007ff951b3a000 	C:\Windows\System32\ucrtbase.dll
0x00007ff9445f0000 - 0x00007ff944607000 	C:\Program Files\Android\Android Studio\jre\bin\VCRUNTIME140.dll
0x00007ff946150000 - 0x00007ff946169000 	C:\Program Files\Android\Android Studio\jre\bin\jli.dll
0x00007ff9549e0000 - 0x00007ff954b77000 	C:\Windows\System32\USER32.dll
0x00007ff951bd0000 - 0x00007ff951bf0000 	C:\Windows\System32\win32u.dll
0x00007ff9389e0000 - 0x00007ff938c59000 	C:\Windows\WinSxS\amd64_microsoft.windows.common-controls_6595b64144ccf1df_6.0.17763.2300_none_de6de3f4534e3b8d\COMCTL32.dll
0x00007ff954ca0000 - 0x00007ff954cc9000 	C:\Windows\System32\GDI32.dll
0x00007ff954e20000 - 0x00007ff954ebe000 	C:\Windows\System32\msvcrt.dll
0x00007ff9527e0000 - 0x00007ff95297c000 	C:\Windows\System32\gdi32full.dll
0x00007ff9546b0000 - 0x00007ff9549dd000 	C:\Windows\System32\combase.dll
0x00007ff952740000 - 0x00007ff9527e0000 	C:\Windows\System32\msvcp_win.dll
0x00007ff952d30000 - 0x00007ff952e4f000 	C:\Windows\System32\RPCRT4.dll
0x00007ff951b40000 - 0x00007ff951bc2000 	C:\Windows\System32\bcryptPrimitives.dll
0x00007ff9557a0000 - 0x00007ff9557ce000 	C:\Windows\System32\IMM32.DLL
0x00007ff942940000 - 0x00007ff9429dd000 	C:\Program Files\Android\Android Studio\jre\bin\msvcp140.dll
0x00007ff918da0000 - 0x00007ff91986f000 	C:\Program Files\Android\Android Studio\jre\bin\server\jvm.dll
0x00007ff954d70000 - 0x00007ff954e14000 	C:\Windows\System32\ADVAPI32.dll
0x00007ff952f80000 - 0x00007ff95301e000 	C:\Windows\System32\sechost.dll
0x00007ff953130000 - 0x00007ff953138000 	C:\Windows\System32\PSAPI.DLL
0x00007ff94ac60000 - 0x00007ff94ac69000 	C:\Windows\SYSTEM32\WSOCK32.dll
0x00007ff94f580000 - 0x00007ff94f5a4000 	C:\Windows\SYSTEM32\WINMM.dll
0x00007ff9557d0000 - 0x00007ff95583d000 	C:\Windows\System32\WS2_32.dll
0x00007ff947040000 - 0x00007ff94704a000 	C:\Windows\SYSTEM32\VERSION.dll
0x00007ff94f1b0000 - 0x00007ff94f1dd000 	C:\Windows\SYSTEM32\winmmbase.dll
0x00007ff951bf0000 - 0x00007ff951c3a000 	C:\Windows\System32\cfgmgr32.dll
0x00007ff951a20000 - 0x00007ff951a31000 	C:\Windows\System32\kernel.appcore.dll
0x00007ff9441b0000 - 0x00007ff9441c1000 	C:\Program Files\Android\Android Studio\jre\bin\verify.dll
0x00007ff9502e0000 - 0x00007ff9504cd000 	C:\Windows\SYSTEM32\DBGHELP.DLL
0x00007ff937d40000 - 0x00007ff937d6a000 	C:\Windows\SYSTEM32\dbgcore.DLL
0x00007ff941b80000 - 0x00007ff941ba9000 	C:\Program Files\Android\Android Studio\jre\bin\java.dll
0x00007ff949b20000 - 0x00007ff949b2b000 	C:\Program Files\Android\Android Studio\jre\bin\jimage.dll
0x00007ff93ec10000 - 0x00007ff93ec28000 	C:\Program Files\Android\Android Studio\jre\bin\zip.dll
0x00007ff9531b0000 - 0x00007ff9546a9000 	C:\Windows\System32\SHELL32.dll
0x00007ff953080000 - 0x00007ff953128000 	C:\Windows\System32\shcore.dll
0x00007ff951ff0000 - 0x00007ff95273a000 	C:\Windows\System32\windows.storage.dll
0x00007ff951970000 - 0x00007ff951994000 	C:\Windows\System32\profapi.dll
0x00007ff9519c0000 - 0x00007ff951a1d000 	C:\Windows\System32\powrprof.dll
0x00007ff953020000 - 0x00007ff953072000 	C:\Windows\System32\shlwapi.dll
0x00007ff952bb0000 - 0x00007ff952bc7000 	C:\Windows\System32\cryptsp.dll
0x00007ff93ebf0000 - 0x00007ff93ec0a000 	C:\Program Files\Android\Android Studio\jre\bin\net.dll
0x00007ff941a80000 - 0x00007ff941b71000 	C:\Windows\SYSTEM32\WINHTTP.dll
0x00007ff9511c0000 - 0x00007ff951227000 	C:\Windows\system32\mswsock.dll
0x00007ff93ebd0000 - 0x00007ff93ebe4000 	C:\Program Files\Android\Android Studio\jre\bin\nio.dll
0x00007ff942820000 - 0x00007ff942847000 	C:\Users\Komissiya1\.gradle\native\8bec1ad78214c89d9ad589b4d07fe93259594b29d510b10fafb7a158f7737e5d\windows-amd64\native-platform.dll
0x00007ff9340c0000 - 0x00007ff9341fd000 	C:\Users\Komissiya1\.gradle\native\53dbd7edfb1c66fb8903c78663c9afc45aea4f116125fa6feffd364cf09443e8\windows-amd64\native-platform-file-events.dll
0x00007ff9445e0000 - 0x00007ff9445ea000 	C:\Program Files\Android\Android Studio\jre\bin\management.dll
0x00007ff93eaf0000 - 0x00007ff93eafc000 	C:\Program Files\Android\Android Studio\jre\bin\management_ext.dll
0x00007ff950d50000 - 0x00007ff950d83000 	C:\Windows\system32\rsaenh.dll
0x00007ff952b80000 - 0x00007ff952ba6000 	C:\Windows\System32\bcrypt.dll
0x00007ff9518a0000 - 0x00007ff9518c9000 	C:\Windows\SYSTEM32\USERENV.dll
0x00007ff951390000 - 0x00007ff95139c000 	C:\Windows\SYSTEM32\CRYPTBASE.dll
0x00007ff950ee0000 - 0x00007ff950f1d000 	C:\Windows\SYSTEM32\IPHLPAPI.DLL
0x00007ff954f70000 - 0x00007ff954f78000 	C:\Windows\System32\NSI.dll
0x00007ff945da0000 - 0x00007ff945db6000 	C:\Windows\SYSTEM32\dhcpcsvc6.DLL
0x00007ff946d00000 - 0x00007ff946d1c000 	C:\Windows\SYSTEM32\dhcpcsvc.DLL
0x00007ff950f20000 - 0x00007ff950fe6000 	C:\Windows\SYSTEM32\DNSAPI.dll

dbghelp: loaded successfully - version: 4.0.5 - missing functions: none
symbol engine: initialized successfully - sym options: 0x614 - pdb path: .;C:\Program Files\Android\Android Studio\jre\bin;C:\Windows\SYSTEM32;C:\Windows\WinSxS\amd64_microsoft.windows.common-controls_6595b64144ccf1df_6.0.17763.2300_none_de6de3f4534e3b8d;C:\Program Files\Android\Android Studio\jre\bin\server;C:\Users\Komissiya1\.gradle\native\8bec1ad78214c89d9ad589b4d07fe93259594b29d510b10fafb7a158f7737e5d\windows-amd64;C:\Users\Komissiya1\.gradle\native\53dbd7edfb1c66fb8903c78663c9afc45aea4f116125fa6feffd364cf09443e8\windows-amd64

VM Arguments:
jvm_args: --add-opens=java.base/java.util=ALL-UNNAMED --add-opens=java.base/java.lang=ALL-UNNAMED --add-opens=java.base/java.lang.invoke=ALL-UNNAMED --add-opens=java.base/java.util=ALL-UNNAMED --add-opens=java.prefs/java.util.prefs=ALL-UNNAMED --add-opens=java.prefs/java.util.prefs=ALL-UNNAMED --add-opens=java.base/java.nio.charset=ALL-UNNAMED --add-opens=java.base/java.net=ALL-UNNAMED --add-opens=java.base/java.util.concurrent.atomic=ALL-UNNAMED -Xmx2048m -Dfile.encoding=UTF-8 -Duser.country=RU -Duser.language=ru -Duser.variant 
java_command: org.gradle.launcher.daemon.bootstrap.GradleDaemon 7.0.2
java_class_path (initial): C:\Users\Komissiya1\.gradle\wrapper\dists\gradle-7.0.2-bin\857tjihv64xamwrf0h14cai3r\gradle-7.0.2\lib\gradle-launcher-7.0.2.jar
Launcher Type: SUN_STANDARD

[Global flags]
     intx CICompilerCount                          = 4                                         {product} {ergonomic}
     uint ConcGCThreads                            = 2                                         {product} {ergonomic}
     uint G1ConcRefinementThreads                  = 8                                         {product} {ergonomic}
   size_t G1HeapRegionSize                         = 1048576                                   {product} {ergonomic}
    uintx GCDrainStackTargetSize                   = 64                                        {product} {ergonomic}
   size_t InitialHeapSize                          = 130023424                                 {product} {ergonomic}
   size_t MarkStackSize                            = 4194304                                   {product} {ergonomic}
   size_t MaxHeapSize                              = 2147483648                                {product} {command line}
   size_t MaxNewSize                               = 1287651328                                {product} {ergonomic}
   size_t MinHeapDeltaBytes                        = 1048576                                   {product} {ergonomic}
    uintx NonNMethodCodeHeapSize                   = 5836300                                {pd product} {ergonomic}
    uintx NonProfiledCodeHeapSize                  = 122910970                              {pd product} {ergonomic}
    uintx ProfiledCodeHeapSize                     = 122910970                              {pd product} {ergonomic}
    uintx ReservedCodeCacheSize                    = 251658240                              {pd product} {ergonomic}
     bool SegmentedCodeCache                       = true                                      {product} {ergonomic}
     bool UseCompressedClassPointers               = true                                 {lp64_product} {ergonomic}
     bool UseCompressedOops                        = true                                 {lp64_product} {ergonomic}
     bool UseG1GC                                  = true                                      {product} {ergonomic}
     bool UseLargePagesIndividualAllocation        = false                                  {pd product} {ergonomic}

Logging:
Log output configuration:
 #0: stdout all=warning uptime,level,tags
 #1: stderr all=off uptime,level,tags

Environment Variables:
PATH=C:\Program Files (x86)\Common Files\Oracle\Java\javapath;C:\Windows\system32;C:\Windows;C:\Windows\System32\Wbem;C:\Windows\System32\WindowsPowerShell\v1.0\;C:\Windows\System32\OpenSSH\;C:\Program Files\Git\cmd;C:\Users\Komissiya1\AppData\Local\Microsoft\WindowsApps;
USERNAME=Komissiya1
OS=Windows_NT
PROCESSOR_IDENTIFIER=Intel64 Family 6 Model 126 Stepping 5, GenuineIntel



---------------  S Y S T E M  ---------------

OS: Windows 10 , 64 bit Build 17763 (10.0.17763.2300)
OS uptime: 0 days 4:04 hours

CPU:total 8 (initial active 8) (4 cores per cpu, 2 threads per core) family 6 model 126 stepping 5 microcode 0xa0, cmov, cx8, fxsr, mmx, sse, sse2, sse3, ssse3, sse4.1, sse4.2, popcnt, avx, avx2, aes, clmul, erms, 3dnowpref, lzcnt, ht, tsc, tscinvbit, bmi1, bmi2, adx, evex, sha, fma

Memory: 4k page, system-wide physical 7880M (1165M free)
TotalPageFile size 9928M (AvailPageFile size 5M)
current process WorkingSet (physical memory assigned to process): 238M, peak: 250M
current process commit charge ("private bytes"): 319M, peak: 332M

vm_info: OpenJDK 64-Bit Server VM (11.0.10+0-b96-7249189) for windows-amd64 JRE (11.0.10+0-b96-7249189), built on Mar 31 2021 21:44:00 by "builder" with MS VC++ 14.0 (VS2015)

END.
