#
# There is insufficient memory for the Java Runtime Environment to continue.
# Native memory allocation (mmap) failed to map 109051904 bytes for Failed to commit area from 0x0000000097400000 to 0x000000009dc00000 of length 109051904.
# Possible reasons:
#   The system is out of physical RAM or swap space
#   The process is running with CompressedOops enabled, and the Java Heap may be blocking the growth of the native heap
# Possible solutions:
#   Reduce memory load on the system
#   Increase physical memory or swap space
#   Check if swap backing store is full
#   Decrease Java heap size (-Xmx/-Xms)
#   Decrease number of Java threads
#   Decrease Java thread stack sizes (-Xss)
#   Set larger code cache with -XX:ReservedCodeCacheSize=
#   JVM is running with Unscaled Compressed Oops mode in which the Java heap is
#     placed in the first 4GB address space. The Java Heap base address is the
#     maximum limit for the native heap growth. Please use -XX:HeapBaseMinAddress
#     to set the Java Heap base and to place the Java Heap above 4GB virtual address.
# This output file may be truncated or incomplete.
#
#  Out of Memory Error (./src/hotspot/os/windows/os_windows.cpp:3301), pid=10036, tid=5132
#
# JRE version: OpenJDK Runtime Environment (11.0.10) (build 11.0.10+0-b96-7249189)
# Java VM: OpenJDK 64-Bit Server VM (11.0.10+0-b96-7249189, mixed mode, tiered, compressed oops, g1 gc, windows-amd64)
# No core dump will be written. Minidumps are not enabled by default on client versions of Windows
#

---------------  S U M M A R Y ------------

Command Line: --add-opens=java.base/java.util=ALL-UNNAMED --add-opens=java.base/java.lang=ALL-UNNAMED --add-opens=java.base/java.lang.invoke=ALL-UNNAMED --add-opens=java.base/java.util=ALL-UNNAMED --add-opens=java.prefs/java.util.prefs=ALL-UNNAMED --add-opens=java.prefs/java.util.prefs=ALL-UNNAMED --add-opens=java.base/java.nio.charset=ALL-UNNAMED --add-opens=java.base/java.net=ALL-UNNAMED --add-opens=java.base/java.util.concurrent.atomic=ALL-UNNAMED -Xmx2048m -Dfile.encoding=UTF-8 -Duser.country=RU -Duser.language=ru -Duser.variant org.gradle.launcher.daemon.bootstrap.GradleDaemon 7.0.2

Host: Intel(R) Core(TM) i5-1035G1 CPU @ 1.00GHz, 8 cores, 7G,  Windows 10 , 64 bit Build 17763 (10.0.17763.2300)
Time: Sun Dec  5 21:30:17 2021 RTZ 4 (ceia) elapsed time: 21.376530 seconds (0d 0h 0m 21s)

---------------  T H R E A D  ---------------

Current thread (0x0000024bad8a8800):  VMThread "VM Thread" [stack: 0x000000c33fe00000,0x000000c33ff00000] [id=5132]

Stack: [0x000000c33fe00000,0x000000c33ff00000]
[error occurred during error reporting (printing stack bounds), id 0xc0000005, EXCEPTION_ACCESS_VIOLATION (0xc0000005) at pc=0x0000024b95f010e7]

Native frames: (J=compiled Java code, j=interpreted, Vv=VM code, C=native code)
V  [jvm.dll+0x5ecfaa]
V  [jvm.dll+0x722bd5]
V  [jvm.dll+0x72412d]
V  [jvm.dll+0x724745]
V  [jvm.dll+0x7246fb]
V  [jvm.dll+0x5ec348]
V  [jvm.dll+0x5ecad8]
C  [ntdll.dll+0xa4a2f]
C  [ntdll.dll+0x4cef]
C  [ntdll.dll+0xa379e]
C  0x0000024b95f010e7

VM_Operation (0x000000c3430f9000): G1CollectForAllocation, mode: safepoint, requested by thread 0x0000024bb3797800


---------------  P R O C E S S  ---------------

Threads class SMR info:
_java_thread_list=0x0000024bb4b2af10, length=61, elements={
0x0000024b90c4f800, 0x0000024bad8ac800, 0x0000024bad8b5800, 0x0000024bad907000,
0x0000024bad90b000, 0x0000024bad90c000, 0x0000024bad90d800, 0x0000024bad90e800,
0x0000024bad911800, 0x0000024bada65000, 0x0000024baf399800, 0x0000024badb74800,
0x0000024badb6d800, 0x0000024baff1e000, 0x0000024baeffa800, 0x0000024baf544000,
0x0000024bb0365000, 0x0000024bb0c2e000, 0x0000024baf4ff800, 0x0000024bb0cbd000,
0x0000024bb04bb000, 0x0000024bb04b7000, 0x0000024bb04bc000, 0x0000024bb04b6000,
0x0000024bb04b8800, 0x0000024bb04b9800, 0x0000024bb04ba000, 0x0000024bb04bc800,
0x0000024bb04b7800, 0x0000024bb2d66000, 0x0000024bb3792800, 0x0000024bb378f800,
0x0000024bb3796000, 0x0000024bb3794000, 0x0000024bb3795000, 0x0000024bb3791000,
0x0000024bb3791800, 0x0000024bb3798800, 0x0000024bb379a800, 0x0000024bb379c800,
0x0000024bb379d000, 0x0000024bb3797800, 0x0000024bb379e000, 0x0000024bb3799000,
0x0000024bb379a000, 0x0000024bb379b800, 0x0000024bb3fac000, 0x0000024bb3fad800,
0x0000024bb3fad000, 0x0000024bb3faa800, 0x0000024bb3fae800, 0x0000024bb3fab800,
0x0000024bb3faf800, 0x0000024bb3fa9800, 0x0000024bb5a5e000, 0x0000024bb5a63800,
0x0000024bb5a60000, 0x0000024bb5a61000, 0x0000024bb5a62000, 0x0000024bb5a62800,
0x0000024bb5a64800
}

Java Threads: ( => current thread )
  0x0000024b90c4f800 JavaThread "main" [_thread_blocked, id=676, stack(0x000000c33f800000,0x000000c33f900000)]
  0x0000024bad8ac800 JavaThread "Reference Handler" daemon [_thread_blocked, id=12636, stack(0x000000c33ff00000,0x000000c340000000)]
  0x0000024bad8b5800 JavaThread "Finalizer" daemon [_thread_blocked, id=11988, stack(0x000000c340000000,0x000000c340100000)]
  0x0000024bad907000 JavaThread "Signal Dispatcher" daemon [_thread_blocked, id=8756, stack(0x000000c340100000,0x000000c340200000)]
  0x0000024bad90b000 JavaThread "Attach Listener" daemon [_thread_blocked, id=12100, stack(0x000000c340200000,0x000000c340300000)]
  0x0000024bad90c000 JavaThread "Service Thread" daemon [_thread_blocked, id=5876, stack(0x000000c340300000,0x000000c340400000)]
  0x0000024bad90d800 JavaThread "C2 CompilerThread0" daemon [_thread_in_native, id=8132, stack(0x000000c340400000,0x000000c340500000)]
  0x0000024bad90e800 JavaThread "C1 CompilerThread0" daemon [_thread_blocked, id=10760, stack(0x000000c340500000,0x000000c340600000)]
  0x0000024bad911800 JavaThread "Sweeper thread" daemon [_thread_blocked, id=7536, stack(0x000000c340600000,0x000000c340700000)]
  0x0000024bada65000 JavaThread "Common-Cleaner" daemon [_thread_blocked, id=12924, stack(0x000000c340700000,0x000000c340800000)]
  0x0000024baf399800 JavaThread "Daemon health stats" [_thread_blocked, id=13124, stack(0x000000c340c00000,0x000000c340d00000)]
  0x0000024badb74800 JavaThread "Incoming local TCP Connector on port 1775" [_thread_in_native, id=12780, stack(0x000000c340900000,0x000000c340a00000)]
  0x0000024badb6d800 JavaThread "Daemon periodic checks" [_thread_blocked, id=2984, stack(0x000000c340a00000,0x000000c340b00000)]
  0x0000024baff1e000 JavaThread "Daemon" [_thread_blocked, id=3284, stack(0x000000c340d00000,0x000000c340e00000)]
  0x0000024baeffa800 JavaThread "Handler for socket connection from /127.0.0.1:1775 to /127.0.0.1:1776" [_thread_in_native, id=12628, stack(0x000000c340e00000,0x000000c340f00000)]
  0x0000024baf544000 JavaThread "Cancel handler" [_thread_blocked, id=12900, stack(0x000000c340f00000,0x000000c341000000)]
  0x0000024bb0365000 JavaThread "C2 CompilerThread1" daemon [_thread_in_native, id=6024, stack(0x000000c341000000,0x000000c341100000)]
  0x0000024bb0c2e000 JavaThread "Daemon worker" [_thread_blocked, id=4596, stack(0x000000c341100000,0x000000c341200000)]
  0x0000024baf4ff800 JavaThread "Asynchronous log dispatcher for DefaultDaemonConnection: socket connection from /127.0.0.1:1775 to /127.0.0.1:1776" [_thread_blocked, id=5804, stack(0x000000c341200000,0x000000c341300000)]
  0x0000024bb0cbd000 JavaThread "Stdin handler" [_thread_blocked, id=11644, stack(0x000000c341300000,0x000000c341400000)]
  0x0000024bb04bb000 JavaThread "Daemon client event forwarder" [_thread_blocked, id=3944, stack(0x000000c341400000,0x000000c341500000)]
  0x0000024bb04b7000 JavaThread "Cache worker for file hash cache (C:\Users\Komissiya1\.gradle\caches\7.0.2\fileHashes)" [_thread_blocked, id=12128, stack(0x000000c341b00000,0x000000c341c00000)]
  0x0000024bb04bc000 JavaThread "File lock request listener" [_thread_in_native, id=10032, stack(0x000000c341c00000,0x000000c341d00000)]
  0x0000024bb04b6000 JavaThread "Cache worker for journal cache (C:\Users\Komissiya1\.gradle\caches\journal-1)" [_thread_blocked, id=11892, stack(0x000000c341e00000,0x000000c341f00000)]
  0x0000024bb04b8800 JavaThread "Cache worker for file hash cache (C:\AndroidProjects\TestApi\.gradle\7.0.2\fileHashes)" [_thread_blocked, id=7268, stack(0x000000c341f00000,0x000000c342000000)]
  0x0000024bb04b9800 JavaThread "File watcher server" daemon [_thread_blocked, id=12600, stack(0x000000c342000000,0x000000c342100000)]
  0x0000024bb04ba000 JavaThread "File watcher consumer" daemon [_thread_blocked, id=7336, stack(0x000000c342100000,0x000000c342200000)]
  0x0000024bb04bc800 JavaThread "Cache worker for checksums cache (C:\AndroidProjects\TestApi\.gradle\checksums)" [_thread_blocked, id=1000, stack(0x000000c342200000,0x000000c342300000)]
  0x0000024bb04b7800 JavaThread "Cache worker for cache directory md-supplier (C:\Users\Komissiya1\.gradle\caches\7.0.2\md-supplier)" [_thread_blocked, id=3232, stack(0x000000c342300000,0x000000c342400000)]
  0x0000024bb2d66000 JavaThread "C2 CompilerThread2" daemon [_thread_in_native, id=10956, stack(0x000000c342400000,0x000000c342500000)]
  0x0000024bb3792800 JavaThread "Cache worker for cache directory md-rule (C:\Users\Komissiya1\.gradle\caches\7.0.2\md-rule)" [_thread_blocked, id=5820, stack(0x000000c342500000,0x000000c342600000)]
  0x0000024bb378f800 JavaThread "Cache worker for execution history cache (C:\Users\Komissiya1\.gradle\caches\7.0.2\executionHistory)" [_thread_blocked, id=4120, stack(0x000000c342600000,0x000000c342700000)]
  0x0000024bb3796000 JavaThread "jar transforms" [_thread_blocked, id=7348, stack(0x000000c342700000,0x000000c342800000)]
  0x0000024bb3794000 JavaThread "jar transforms Thread 2" [_thread_blocked, id=4368, stack(0x000000c342800000,0x000000c342900000)]
  0x0000024bb3795000 JavaThread "Cache worker for file content cache (C:\Users\Komissiya1\.gradle\caches\7.0.2\fileContent)" [_thread_blocked, id=5564, stack(0x000000c342900000,0x000000c342a00000)]
  0x0000024bb3791000 JavaThread "Cache worker for dependencies-accessors (C:\AndroidProjects\TestApi\.gradle\7.0.2\dependencies-accessors)" [_thread_blocked, id=5212, stack(0x000000c342a00000,0x000000c342b00000)]
  0x0000024bb3791800 JavaThread "jar transforms Thread 3" [_thread_blocked, id=4172, stack(0x000000c342b00000,0x000000c342c00000)]
  0x0000024bb3798800 JavaThread "Cache worker for Build Output Cleanup Cache (C:\AndroidProjects\TestApi\.gradle\buildOutputCleanup)" [_thread_blocked, id=3748, stack(0x000000c342c00000,0x000000c342d00000)]
  0x0000024bb379a800 JavaThread "Build operations" [_thread_blocked, id=5292, stack(0x000000c342d00000,0x000000c342e00000)]
  0x0000024bb379c800 JavaThread "Build operations Thread 2" [_thread_blocked, id=2256, stack(0x000000c342e00000,0x000000c342f00000)]
  0x0000024bb379d000 JavaThread "Build operations Thread 3" [_thread_blocked, id=11392, stack(0x000000c342f00000,0x000000c343000000)]
  0x0000024bb3797800 JavaThread "Build operations Thread 4" [_thread_blocked, id=11240, stack(0x000000c343000000,0x000000c343100000)]
  0x0000024bb379e000 JavaThread "Build operations Thread 5" [_thread_blocked, id=13128, stack(0x000000c343100000,0x000000c343200000)]
  0x0000024bb3799000 JavaThread "Build operations Thread 6" [_thread_blocked, id=12612, stack(0x000000c343200000,0x000000c343300000)]
  0x0000024bb379a000 JavaThread "Build operations Thread 7" [_thread_blocked, id=11456, stack(0x000000c343300000,0x000000c343400000)]
  0x0000024bb379b800 JavaThread "Build operations Thread 8" [_thread_blocked, id=7912, stack(0x000000c343400000,0x000000c343500000)]
  0x0000024bb3fac000 JavaThread "jar transforms Thread 4" [_thread_blocked, id=11888, stack(0x000000c343500000,0x000000c343600000)]
  0x0000024bb3fad800 JavaThread "jar transforms Thread 5" [_thread_blocked, id=3292, stack(0x000000c343600000,0x000000c343700000)]
  0x0000024bb3fad000 JavaThread "jar transforms Thread 6" [_thread_blocked, id=11016, stack(0x000000c343700000,0x000000c343800000)]
  0x0000024bb3faa800 JavaThread "jar transforms Thread 7" [_thread_blocked, id=4848, stack(0x000000c343800000,0x000000c343900000)]
  0x0000024bb3fae800 JavaThread "jar transforms Thread 8" [_thread_blocked, id=11280, stack(0x000000c343900000,0x000000c343a00000)]
  0x0000024bb3fab800 JavaThread "Memory manager" [_thread_blocked, id=9532, stack(0x000000c343a00000,0x000000c343b00000)]
  0x0000024bb3faf800 JavaThread "build event listener" [_thread_blocked, id=3896, stack(0x000000c343b00000,0x000000c343c00000)]
  0x0000024bb3fa9800 JavaThread "Execution worker for ':'" [_thread_blocked, id=7408, stack(0x000000c343c00000,0x000000c343d00000)]
  0x0000024bb5a5e000 JavaThread "Execution worker for ':' Thread 2" [_thread_blocked, id=8020, stack(0x000000c343d00000,0x000000c343e00000)]
  0x0000024bb5a63800 JavaThread "Execution worker for ':' Thread 3" [_thread_blocked, id=13148, stack(0x000000c343e00000,0x000000c343f00000)]
  0x0000024bb5a60000 JavaThread "Execution worker for ':' Thread 4" [_thread_blocked, id=11912, stack(0x000000c343f00000,0x000000c344000000)]
  0x0000024bb5a61000 JavaThread "Execution worker for ':' Thread 5" [_thread_blocked, id=8184, stack(0x000000c344000000,0x000000c344100000)]
  0x0000024bb5a62000 JavaThread "Execution worker for ':' Thread 6" [_thread_blocked, id=8296, stack(0x000000c344100000,0x000000c344200000)]
  0x0000024bb5a62800 JavaThread "Execution worker for ':' Thread 7" [_thread_blocked, id=2828, stack(0x000000c344200000,0x000000c344300000)]
  0x0000024bb5a64800 JavaThread "Cache worker for execution history cache (C:\AndroidProjects\TestApi\.gradle\7.0.2\executionHistory)" [_thread_blocked, id=1636, stack(0x000000c344300000,0x000000c344400000)]

Other Threads:
=>0x0000024bad8a8800 VMThread "VM Thread" [stack: 0x000000c33fe00000,0x000000c33ff00000] [id=5132]
  0x0000024bada6e800 WatcherThread [stack: 0x000000c340800000,0x000000c340900000] [id=2652]
  0x0000024b90c66800 GCTaskThread "GC Thread#0" [stack: 0x000000c33f900000,0x000000c33fa00000] [id=2644]
  0x0000024bae183000 GCTaskThread "GC Thread#1" [stack: 0x000000c340b00000,0x000000c340c00000] [id=6264]
  0x0000024bafedb800 GCTaskThread "GC Thread#2" [stack: 0x000000c341500000,0x000000c341600000] [id=12940]
  0x0000024baf459000 GCTaskThread "GC Thread#3" [stack: 0x000000c341600000,0x000000c341700000] [id=3892]
  0x0000024baed43000 GCTaskThread "GC Thread#4" [stack: 0x000000c341700000,0x000000c341800000] [id=5024]
  0x0000024bafc12000 GCTaskThread "GC Thread#5" [stack: 0x000000c341800000,0x000000c341900000] [id=7908]
  0x0000024baffd0000 GCTaskThread "GC Thread#6" [stack: 0x000000c341900000,0x000000c341a00000] [id=7636]
  0x0000024badf92800 GCTaskThread "GC Thread#7" [stack: 0x000000c341a00000,0x000000c341b00000] [id=10512]
  0x0000024b90c9b000 ConcurrentGCThread "G1 Main Marker" [stack: 0x000000c33fa00000,0x000000c33fb00000] [id=11404]
  0x0000024b90c9c000 ConcurrentGCThread "G1 Conc#0" [stack: 0x000000c33fb00000,0x000000c33fc00000] [id=2320]
  0x0000024bafe7d000 ConcurrentGCThread "G1 Conc#1" [stack: 0x000000c341d00000,0x000000c341e00000] [id=11348]
  0x0000024baced0800 ConcurrentGCThread "G1 Refine#0" [stack: 0x000000c33fc00000,0x000000c33fd00000] [id=9680]
  0x0000024baced1800 ConcurrentGCThread "G1 Young RemSet Sampling" [stack: 0x000000c33fd00000,0x000000c33fe00000] [id=11328]

Threads with active compile tasks:
C2 CompilerThread0  21386 14857       4       com.android.tools.r8.internal.Me::a (1137 bytes)
C2 CompilerThread1  21386 14703       4       com.android.tools.r8.internal.Mv::a (406 bytes)
C2 CompilerThread2  21386 14749       4       com.android.tools.r8.internal.Mv::a (1305 bytes)

VM state:at safepoint (normal execution)

VM Mutex/Monitor currently owned by a thread:  ([mutex/lock_event])
[0x0000024b90c4a7d0] Threads_lock - owner thread: 0x0000024bad8a8800
[0x0000024b90c4a3e0] Heap_lock - owner thread: 0x0000024bb3797800

Heap address: 0x0000000080000000, size: 2048 MB, Compressed Oops mode: 32-bit
Narrow klass base: 0x0000000000000000, Narrow klass shift: 3
Compressed class space size: 1073741824 Address: 0x0000000100000000

Heap:
 garbage-first heap   total 487424K, used 155994K [0x0000000080000000, 0x0000000100000000)
  region size 1024K, 9 young (9216K), 9 survivors (9216K)
 Metaspace       used 94375K, capacity 96937K, committed 97280K, reserved 1132544K
  class space    used 12253K, capacity 13213K, committed 13312K, reserved 1048576K
Heap Regions: E=young(eden), S=young(survivor), O=old, HS=humongous(starts), HC=humongous(continues), CS=collection set, F=free, A=archive, TAMS=top-at-mark-start (previous, next)
|   0|0x0000000080000000, 0x0000000080100000, 0x0000000080100000|100%| O|  |TAMS 0x0000000080100000, 0x0000000080000000| Untracked 
|   1|0x0000000080100000, 0x0000000080200000, 0x0000000080200000|100%| O|  |TAMS 0x0000000080200000, 0x0000000080100000| Untracked 
|   2|0x0000000080200000, 0x0000000080300000, 0x0000000080300000|100%| O|  |TAMS 0x0000000080300000, 0x0000000080200000| Untracked 
|   3|0x0000000080300000, 0x0000000080400000, 0x0000000080400000|100%|HS|  |TAMS 0x0000000080400000, 0x0000000080300000| Complete 
|   4|0x0000000080400000, 0x0000000080500000, 0x0000000080500000|100%|HC|  |TAMS 0x0000000080500000, 0x0000000080400000| Complete 
|   5|0x0000000080500000, 0x0000000080600000, 0x0000000080600000|100%|HC|  |TAMS 0x0000000080600000, 0x0000000080500000| Complete 
|   6|0x0000000080600000, 0x0000000080700000, 0x0000000080700000|100%| O|  |TAMS 0x0000000080700000, 0x0000000080600000| Untracked 
|   7|0x0000000080700000, 0x0000000080800000, 0x0000000080800000|100%| O|  |TAMS 0x0000000080800000, 0x0000000080700000| Untracked 
|   8|0x0000000080800000, 0x0000000080900000, 0x0000000080900000|100%| O|  |TAMS 0x0000000080900000, 0x0000000080800000| Untracked 
|   9|0x0000000080900000, 0x0000000080a00000, 0x0000000080a00000|100%| O|  |TAMS 0x0000000080a00000, 0x0000000080900000| Untracked 
|  10|0x0000000080a00000, 0x0000000080b00000, 0x0000000080b00000|100%| O|  |TAMS 0x0000000080b00000, 0x0000000080a00000| Untracked 
|  11|0x0000000080b00000, 0x0000000080c00000, 0x0000000080c00000|100%| O|  |TAMS 0x0000000080c00000, 0x0000000080b00000| Untracked 
|  12|0x0000000080c00000, 0x0000000080d00000, 0x0000000080d00000|100%| O|  |TAMS 0x0000000080d00000, 0x0000000080c00000| Untracked 
|  13|0x0000000080d00000, 0x0000000080e00000, 0x0000000080e00000|100%| O|  |TAMS 0x0000000080e00000, 0x0000000080d00000| Untracked 
|  14|0x0000000080e00000, 0x0000000080f00000, 0x0000000080f00000|100%| O|  |TAMS 0x0000000080f00000, 0x0000000080e00000| Untracked 
|  15|0x0000000080f00000, 0x0000000081000000, 0x0000000081000000|100%| O|  |TAMS 0x0000000081000000, 0x0000000080f00000| Untracked 
|  16|0x0000000081000000, 0x0000000081100000, 0x0000000081100000|100%|HS|  |TAMS 0x0000000081100000, 0x0000000081000000| Complete 
|  17|0x0000000081100000, 0x0000000081200000, 0x0000000081200000|100%| O|  |TAMS 0x0000000081200000, 0x0000000081100000| Untracked 
|  18|0x0000000081200000, 0x0000000081300000, 0x0000000081300000|100%| O|  |TAMS 0x0000000081300000, 0x0000000081200000| Untracked 
|  19|0x0000000081300000, 0x0000000081400000, 0x0000000081400000|100%| O|  |TAMS 0x0000000081400000, 0x0000000081300000| Untracked 
|  20|0x0000000081400000, 0x0000000081500000, 0x0000000081500000|100%| O|  |TAMS 0x0000000081500000, 0x0000000081400000| Untracked 
|  21|0x0000000081500000, 0x0000000081600000, 0x0000000081600000|100%| O|  |TAMS 0x0000000081600000, 0x0000000081500000| Untracked 
|  22|0x0000000081600000, 0x0000000081700000, 0x0000000081700000|100%| O|  |TAMS 0x0000000081700000, 0x0000000081600000| Untracked 
|  23|0x0000000081700000, 0x0000000081800000, 0x0000000081800000|100%| O|  |TAMS 0x0000000081800000, 0x0000000081700000| Untracked 
|  24|0x0000000081800000, 0x0000000081900000, 0x0000000081900000|100%| O|  |TAMS 0x0000000081900000, 0x0000000081800000| Untracked 
|  25|0x0000000081900000, 0x0000000081a00000, 0x0000000081a00000|100%| O|  |TAMS 0x0000000081a00000, 0x0000000081900000| Untracked 
|  26|0x0000000081a00000, 0x0000000081b00000, 0x0000000081b00000|100%| O|  |TAMS 0x0000000081b00000, 0x0000000081a00000| Untracked 
|  27|0x0000000081b00000, 0x0000000081c00000, 0x0000000081c00000|100%|HS|  |TAMS 0x0000000081c00000, 0x0000000081b00000| Complete 
|  28|0x0000000081c00000, 0x0000000081d00000, 0x0000000081d00000|100%|HS|  |TAMS 0x0000000081d00000, 0x0000000081c00000| Complete 
|  29|0x0000000081d00000, 0x0000000081e00000, 0x0000000081e00000|100%|HC|  |TAMS 0x0000000081e00000, 0x0000000081d00000| Complete 
|  30|0x0000000081e00000, 0x0000000081f00000, 0x0000000081f00000|100%| O|  |TAMS 0x0000000081f00000, 0x0000000081e00000| Untracked 
|  31|0x0000000081f00000, 0x0000000082000000, 0x0000000082000000|100%| O|  |TAMS 0x0000000082000000, 0x0000000081f00000| Untracked 
|  32|0x0000000082000000, 0x0000000082100000, 0x0000000082100000|100%| O|  |TAMS 0x0000000082100000, 0x0000000082000000| Untracked 
|  33|0x0000000082100000, 0x0000000082200000, 0x0000000082200000|100%| O|  |TAMS 0x0000000082200000, 0x0000000082100000| Untracked 
|  34|0x0000000082200000, 0x0000000082300000, 0x0000000082300000|100%| O|  |TAMS 0x0000000082300000, 0x0000000082200000| Untracked 
|  35|0x0000000082300000, 0x0000000082400000, 0x0000000082400000|100%| O|  |TAMS 0x0000000082400000, 0x0000000082300000| Untracked 
|  36|0x0000000082400000, 0x0000000082500000, 0x0000000082500000|100%| O|  |TAMS 0x0000000082500000, 0x0000000082400000| Untracked 
|  37|0x0000000082500000, 0x0000000082600000, 0x0000000082600000|100%| O|  |TAMS 0x0000000082600000, 0x0000000082500000| Untracked 
|  38|0x0000000082600000, 0x0000000082700000, 0x0000000082700000|100%| O|  |TAMS 0x0000000082700000, 0x0000000082600000| Untracked 
|  39|0x0000000082700000, 0x0000000082800000, 0x0000000082800000|100%| O|  |TAMS 0x0000000082800000, 0x0000000082700000| Untracked 
|  40|0x0000000082800000, 0x0000000082900000, 0x0000000082900000|100%| O|  |TAMS 0x0000000082900000, 0x0000000082800000| Untracked 
|  41|0x0000000082900000, 0x0000000082a00000, 0x0000000082a00000|100%| O|  |TAMS 0x0000000082a00000, 0x0000000082900000| Untracked 
|  42|0x0000000082a00000, 0x0000000082b00000, 0x0000000082b00000|100%| O|  |TAMS 0x0000000082b00000, 0x0000000082a00000| Untracked 
|  43|0x0000000082b00000, 0x0000000082c00000, 0x0000000082c00000|100%| O|  |TAMS 0x0000000082c00000, 0x0000000082b00000| Untracked 
|  44|0x0000000082c00000, 0x0000000082d00000, 0x0000000082d00000|100%| O|  |TAMS 0x0000000082d00000, 0x0000000082c00000| Untracked 
|  45|0x0000000082d00000, 0x0000000082e00000, 0x0000000082e00000|100%| O|  |TAMS 0x0000000082e00000, 0x0000000082d00000| Untracked 
|  46|0x0000000082e00000, 0x0000000082f00000, 0x0000000082f00000|100%| O|  |TAMS 0x0000000082f00000, 0x0000000082e00000| Untracked 
|  47|0x0000000082f00000, 0x0000000083000000, 0x0000000083000000|100%| O|  |TAMS 0x0000000083000000, 0x0000000082f00000| Untracked 
|  48|0x0000000083000000, 0x0000000083100000, 0x0000000083100000|100%| O|  |TAMS 0x0000000083100000, 0x0000000083000000| Untracked 
|  49|0x0000000083100000, 0x0000000083200000, 0x0000000083200000|100%| O|  |TAMS 0x0000000083200000, 0x0000000083100000| Untracked 
|  50|0x0000000083200000, 0x0000000083300000, 0x0000000083300000|100%| O|  |TAMS 0x0000000083300000, 0x0000000083200000| Untracked 
|  51|0x0000000083300000, 0x0000000083400000, 0x0000000083400000|100%| O|  |TAMS 0x0000000083400000, 0x0000000083300000| Untracked 
|  52|0x0000000083400000, 0x0000000083500000, 0x0000000083500000|100%| O|  |TAMS 0x0000000083500000, 0x0000000083400000| Untracked 
|  53|0x0000000083500000, 0x0000000083600000, 0x0000000083600000|100%| O|  |TAMS 0x0000000083600000, 0x0000000083500000| Untracked 
|  54|0x0000000083600000, 0x0000000083700000, 0x0000000083700000|100%| O|  |TAMS 0x0000000083700000, 0x0000000083600000| Untracked 
|  55|0x0000000083700000, 0x0000000083800000, 0x0000000083800000|100%| O|  |TAMS 0x0000000083800000, 0x0000000083700000| Untracked 
|  56|0x0000000083800000, 0x0000000083900000, 0x0000000083900000|100%| O|  |TAMS 0x0000000083900000, 0x0000000083800000| Untracked 
|  57|0x0000000083900000, 0x0000000083a00000, 0x0000000083a00000|100%| O|  |TAMS 0x0000000083a00000, 0x0000000083900000| Untracked 
|  58|0x0000000083a00000, 0x0000000083b00000, 0x0000000083b00000|100%| O|  |TAMS 0x0000000083b00000, 0x0000000083a00000| Untracked 
|  59|0x0000000083b00000, 0x0000000083c00000, 0x0000000083c00000|100%| O|  |TAMS 0x0000000083c00000, 0x0000000083b00000| Untracked 
|  60|0x0000000083c00000, 0x0000000083d00000, 0x0000000083d00000|100%| O|  |TAMS 0x0000000083d00000, 0x0000000083c00000| Untracked 
|  61|0x0000000083d00000, 0x0000000083e00000, 0x0000000083e00000|100%| O|  |TAMS 0x0000000083d00000, 0x0000000083d00000| Untracked 
|  62|0x0000000083e00000, 0x0000000083f00000, 0x0000000083f00000|100%| O|  |TAMS 0x0000000083f00000, 0x0000000083e00000| Untracked 
|  63|0x0000000083f00000, 0x0000000083f00000, 0x0000000084000000|  0%| F|  |TAMS 0x0000000083f00000, 0x0000000083f00000| Untracked 
|  64|0x0000000084000000, 0x0000000084100000, 0x0000000084100000|100%| O|  |TAMS 0x0000000084100000, 0x0000000084000000| Untracked 
|  65|0x0000000084100000, 0x0000000084200000, 0x0000000084200000|100%| O|  |TAMS 0x0000000084121400, 0x0000000084100000| Untracked 
|  66|0x0000000084200000, 0x0000000084300000, 0x0000000084300000|100%| O|  |TAMS 0x0000000084300000, 0x0000000084200000| Untracked 
|  67|0x0000000084300000, 0x0000000084400000, 0x0000000084400000|100%| O|  |TAMS 0x0000000084400000, 0x0000000084300000| Untracked 
|  68|0x0000000084400000, 0x0000000084500000, 0x0000000084500000|100%| O|  |TAMS 0x0000000084500000, 0x0000000084400000| Untracked 
|  69|0x0000000084500000, 0x0000000084600000, 0x0000000084600000|100%| O|  |TAMS 0x0000000084600000, 0x0000000084500000| Untracked 
|  70|0x0000000084600000, 0x0000000084700000, 0x0000000084700000|100%| O|  |TAMS 0x0000000084700000, 0x0000000084600000| Untracked 
|  71|0x0000000084700000, 0x0000000084800000, 0x0000000084800000|100%| O|  |TAMS 0x0000000084800000, 0x0000000084700000| Untracked 
|  72|0x0000000084800000, 0x0000000084900000, 0x0000000084900000|100%| O|  |TAMS 0x0000000084900000, 0x0000000084800000| Untracked 
|  73|0x0000000084900000, 0x0000000084a00000, 0x0000000084a00000|100%| O|  |TAMS 0x0000000084a00000, 0x0000000084900000| Untracked 
|  74|0x0000000084a00000, 0x0000000084b00000, 0x0000000084b00000|100%| O|  |TAMS 0x0000000084b00000, 0x0000000084a00000| Untracked 
|  75|0x0000000084b00000, 0x0000000084c00000, 0x0000000084c00000|100%| O|  |TAMS 0x0000000084c00000, 0x0000000084b00000| Untracked 
|  76|0x0000000084c00000, 0x0000000084d00000, 0x0000000084d00000|100%| O|  |TAMS 0x0000000084d00000, 0x0000000084c00000| Untracked 
|  77|0x0000000084d00000, 0x0000000084e00000, 0x0000000084e00000|100%| O|  |TAMS 0x0000000084e00000, 0x0000000084d00000| Untracked 
|  78|0x0000000084e00000, 0x0000000084f00000, 0x0000000084f00000|100%| O|  |TAMS 0x0000000084f00000, 0x0000000084e00000| Untracked 
|  79|0x0000000084f00000, 0x0000000085000000, 0x0000000085000000|100%| O|  |TAMS 0x0000000085000000, 0x0000000084f00000| Untracked 
|  80|0x0000000085000000, 0x0000000085100000, 0x0000000085100000|100%| O|  |TAMS 0x0000000085100000, 0x0000000085000000| Untracked 
|  81|0x0000000085100000, 0x0000000085200000, 0x0000000085200000|100%| O|  |TAMS 0x0000000085200000, 0x0000000085100000| Untracked 
|  82|0x0000000085200000, 0x0000000085300000, 0x0000000085300000|100%| O|  |TAMS 0x0000000085300000, 0x0000000085200000| Untracked 
|  83|0x0000000085300000, 0x0000000085400000, 0x0000000085400000|100%| O|  |TAMS 0x0000000085400000, 0x0000000085300000| Untracked 
|  84|0x0000000085400000, 0x0000000085500000, 0x0000000085500000|100%| O|  |TAMS 0x0000000085500000, 0x0000000085400000| Untracked 
|  85|0x0000000085500000, 0x0000000085600000, 0x0000000085600000|100%| O|  |TAMS 0x0000000085600000, 0x0000000085500000| Untracked 
|  86|0x0000000085600000, 0x0000000085700000, 0x0000000085700000|100%| O|  |TAMS 0x0000000085700000, 0x0000000085600000| Untracked 
|  87|0x0000000085700000, 0x0000000085800000, 0x0000000085800000|100%| O|  |TAMS 0x0000000085800000, 0x0000000085700000| Untracked 
|  88|0x0000000085800000, 0x0000000085900000, 0x0000000085900000|100%| O|  |TAMS 0x0000000085900000, 0x0000000085800000| Untracked 
|  89|0x0000000085900000, 0x0000000085a00000, 0x0000000085a00000|100%| O|  |TAMS 0x0000000085a00000, 0x0000000085900000| Untracked 
|  90|0x0000000085a00000, 0x0000000085b00000, 0x0000000085b00000|100%| O|  |TAMS 0x0000000085b00000, 0x0000000085a00000| Untracked 
|  91|0x0000000085b00000, 0x0000000085c00000, 0x0000000085c00000|100%| O|  |TAMS 0x0000000085c00000, 0x0000000085b00000| Untracked 
|  92|0x0000000085c00000, 0x0000000085d00000, 0x0000000085d00000|100%| O|  |TAMS 0x0000000085d00000, 0x0000000085c00000| Untracked 
|  93|0x0000000085d00000, 0x0000000085e00000, 0x0000000085e00000|100%| O|  |TAMS 0x0000000085e00000, 0x0000000085d00000| Untracked 
|  94|0x0000000085e00000, 0x0000000085f00000, 0x0000000085f00000|100%| O|  |TAMS 0x0000000085f00000, 0x0000000085e00000| Untracked 
|  95|0x0000000085f00000, 0x0000000086000000, 0x0000000086000000|100%| O|  |TAMS 0x0000000086000000, 0x0000000085f00000| Untracked 
|  96|0x0000000086000000, 0x0000000086100000, 0x0000000086100000|100%| O|  |TAMS 0x0000000086100000, 0x0000000086000000| Untracked 
|  97|0x0000000086100000, 0x0000000086200000, 0x0000000086200000|100%| O|  |TAMS 0x0000000086200000, 0x0000000086100000| Untracked 
|  98|0x0000000086200000, 0x0000000086200000, 0x0000000086300000|  0%| F|  |TAMS 0x0000000086200000, 0x0000000086200000| Untracked 
|  99|0x0000000086300000, 0x0000000086400000, 0x0000000086400000|100%| O|  |TAMS 0x0000000086400000, 0x0000000086300000| Untracked 
| 100|0x0000000086400000, 0x0000000086500000, 0x0000000086500000|100%| O|  |TAMS 0x0000000086500000, 0x0000000086400000| Untracked 
| 101|0x0000000086500000, 0x0000000086600000, 0x0000000086600000|100%| O|  |TAMS 0x0000000086600000, 0x0000000086500000| Untracked 
| 102|0x0000000086600000, 0x0000000086700000, 0x0000000086700000|100%| O|  |TAMS 0x0000000086700000, 0x0000000086600000| Untracked 
| 103|0x0000000086700000, 0x0000000086800000, 0x0000000086800000|100%| O|  |TAMS 0x0000000086800000, 0x0000000086700000| Untracked 
| 104|0x0000000086800000, 0x0000000086900000, 0x0000000086900000|100%| O|  |TAMS 0x0000000086900000, 0x0000000086800000| Untracked 
| 105|0x0000000086900000, 0x0000000086a00000, 0x0000000086a00000|100%| O|  |TAMS 0x0000000086a00000, 0x0000000086900000| Untracked 
| 106|0x0000000086a00000, 0x0000000086b00000, 0x0000000086b00000|100%| O|  |TAMS 0x0000000086b00000, 0x0000000086a00000| Untracked 
| 107|0x0000000086b00000, 0x0000000086b00000, 0x0000000086c00000|  0%| F|  |TAMS 0x0000000086b00000, 0x0000000086b00000| Untracked 
| 108|0x0000000086c00000, 0x0000000086d00000, 0x0000000086d00000|100%| O|  |TAMS 0x0000000086d00000, 0x0000000086c00000| Untracked 
| 109|0x0000000086d00000, 0x0000000086e00000, 0x0000000086e00000|100%| O|  |TAMS 0x0000000086e00000, 0x0000000086d00000| Untracked 
| 110|0x0000000086e00000, 0x0000000086f00000, 0x0000000086f00000|100%| O|  |TAMS 0x0000000086f00000, 0x0000000086e00000| Untracked 
| 111|0x0000000086f00000, 0x0000000087000000, 0x0000000087000000|100%| O|  |TAMS 0x0000000087000000, 0x0000000086f00000| Untracked 
| 112|0x0000000087000000, 0x0000000087100000, 0x0000000087100000|100%| O|  |TAMS 0x0000000087100000, 0x0000000087000000| Untracked 
| 113|0x0000000087100000, 0x0000000087200000, 0x0000000087200000|100%| O|  |TAMS 0x0000000087200000, 0x0000000087100000| Untracked 
| 114|0x0000000087200000, 0x0000000087300000, 0x0000000087300000|100%| O|  |TAMS 0x0000000087300000, 0x0000000087200000| Untracked 
| 115|0x0000000087300000, 0x0000000087400000, 0x0000000087400000|100%| O|  |TAMS 0x0000000087400000, 0x0000000087300000| Untracked 
| 116|0x0000000087400000, 0x0000000087500000, 0x0000000087500000|100%| O|  |TAMS 0x0000000087500000, 0x0000000087400000| Untracked 
| 117|0x0000000087500000, 0x0000000087600000, 0x0000000087600000|100%| O|  |TAMS 0x0000000087600000, 0x0000000087500000| Untracked 
| 118|0x0000000087600000, 0x0000000087700000, 0x0000000087700000|100%| O|  |TAMS 0x0000000087700000, 0x0000000087600000| Untracked 
| 119|0x0000000087700000, 0x0000000087800000, 0x0000000087800000|100%| O|  |TAMS 0x0000000087800000, 0x0000000087700000| Untracked 
| 120|0x0000000087800000, 0x0000000087900000, 0x0000000087900000|100%| O|  |TAMS 0x0000000087900000, 0x0000000087800000| Untracked 
| 121|0x0000000087900000, 0x0000000087a00000, 0x0000000087a00000|100%| O|  |TAMS 0x0000000087a00000, 0x0000000087900000| Untracked 
| 122|0x0000000087a00000, 0x0000000087b00000, 0x0000000087b00000|100%| O|  |TAMS 0x0000000087b00000, 0x0000000087a00000| Untracked 
| 123|0x0000000087b00000, 0x0000000087c00000, 0x0000000087c00000|100%| O|  |TAMS 0x0000000087c00000, 0x0000000087b00000| Untracked 
| 124|0x0000000087c00000, 0x0000000087d00000, 0x0000000087d00000|100%| O|  |TAMS 0x0000000087d00000, 0x0000000087c00000| Untracked 
| 125|0x0000000087d00000, 0x0000000087e00000, 0x0000000087e00000|100%| O|  |TAMS 0x0000000087e00000, 0x0000000087d00000| Untracked 
| 126|0x0000000087e00000, 0x0000000087f00000, 0x0000000087f00000|100%| O|  |TAMS 0x0000000087f00000, 0x0000000087e00000| Untracked 
| 127|0x0000000087f00000, 0x0000000088000000, 0x0000000088000000|100%| O|  |TAMS 0x0000000088000000, 0x0000000087f00000| Untracked 
| 128|0x0000000088000000, 0x0000000088100000, 0x0000000088100000|100%| O|  |TAMS 0x0000000088100000, 0x0000000088000000| Untracked 
| 129|0x0000000088100000, 0x0000000088200000, 0x0000000088200000|100%| O|  |TAMS 0x0000000088200000, 0x0000000088100000| Untracked 
| 130|0x0000000088200000, 0x0000000088300000, 0x0000000088300000|100%| O|  |TAMS 0x0000000088300000, 0x0000000088200000| Untracked 
| 131|0x0000000088300000, 0x0000000088400000, 0x0000000088400000|100%| O|  |TAMS 0x0000000088400000, 0x0000000088300000| Untracked 
| 132|0x0000000088400000, 0x0000000088500000, 0x0000000088500000|100%| O|  |TAMS 0x0000000088500000, 0x0000000088400000| Untracked 
| 133|0x0000000088500000, 0x0000000088600000, 0x0000000088600000|100%| O|  |TAMS 0x0000000088600000, 0x0000000088500000| Untracked 
| 134|0x0000000088600000, 0x0000000088700000, 0x0000000088700000|100%| O|  |TAMS 0x0000000088700000, 0x0000000088600000| Untracked 
| 135|0x0000000088700000, 0x0000000088800000, 0x0000000088800000|100%| O|  |TAMS 0x0000000088800000, 0x0000000088700000| Untracked 
| 136|0x0000000088800000, 0x0000000088900000, 0x0000000088900000|100%| O|  |TAMS 0x0000000088900000, 0x0000000088800000| Untracked 
| 137|0x0000000088900000, 0x0000000088a00000, 0x0000000088a00000|100%| O|  |TAMS 0x0000000088a00000, 0x0000000088900000| Untracked 
| 138|0x0000000088a00000, 0x0000000088b00000, 0x0000000088b00000|100%| O|  |TAMS 0x0000000088b00000, 0x0000000088a00000| Untracked 
| 139|0x0000000088b00000, 0x0000000088c00000, 0x0000000088c00000|100%| O|  |TAMS 0x0000000088c00000, 0x0000000088b00000| Untracked 
| 140|0x0000000088c00000, 0x0000000088d00000, 0x0000000088d00000|100%| O|  |TAMS 0x0000000088d00000, 0x0000000088c00000| Untracked 
| 141|0x0000000088d00000, 0x0000000088e00000, 0x0000000088e00000|100%| O|  |TAMS 0x0000000088e00000, 0x0000000088d00000| Untracked 
| 142|0x0000000088e00000, 0x0000000088f00000, 0x0000000088f00000|100%| O|  |TAMS 0x0000000088f00000, 0x0000000088e00000| Untracked 
| 143|0x0000000088f00000, 0x0000000089000000, 0x0000000089000000|100%| O|  |TAMS 0x0000000089000000, 0x0000000088f00000| Untracked 
| 144|0x0000000089000000, 0x0000000089100000, 0x0000000089100000|100%| O|  |TAMS 0x0000000089100000, 0x0000000089000000| Untracked 
| 145|0x0000000089100000, 0x0000000089200000, 0x0000000089200000|100%| O|  |TAMS 0x0000000089200000, 0x0000000089100000| Untracked 
| 146|0x0000000089200000, 0x00000000892ce600, 0x0000000089300000| 80%| O|  |TAMS 0x0000000089200000, 0x0000000089200000| Untracked 
| 147|0x0000000089300000, 0x0000000089300000, 0x0000000089400000|  0%| F|  |TAMS 0x0000000089300000, 0x0000000089300000| Untracked 
| 148|0x0000000089400000, 0x0000000089400000, 0x0000000089500000|  0%| F|  |TAMS 0x0000000089400000, 0x0000000089400000| Untracked 
| 149|0x0000000089500000, 0x0000000089500000, 0x0000000089600000|  0%| F|  |TAMS 0x0000000089500000, 0x0000000089500000| Untracked 
| 150|0x0000000089600000, 0x0000000089600000, 0x0000000089700000|  0%| F|  |TAMS 0x0000000089600000, 0x0000000089600000| Untracked 
| 151|0x0000000089700000, 0x0000000089700000, 0x0000000089800000|  0%| F|  |TAMS 0x0000000089700000, 0x0000000089700000| Untracked 
| 152|0x0000000089800000, 0x0000000089800000, 0x0000000089900000|  0%| F|  |TAMS 0x0000000089800000, 0x0000000089800000| Untracked 
| 153|0x0000000089900000, 0x0000000089900000, 0x0000000089a00000|  0%| F|  |TAMS 0x0000000089900000, 0x0000000089900000| Untracked 
| 154|0x0000000089a00000, 0x0000000089a00000, 0x0000000089b00000|  0%| F|  |TAMS 0x0000000089a00000, 0x0000000089a00000| Untracked 
| 155|0x0000000089b00000, 0x0000000089b00000, 0x0000000089c00000|  0%| F|  |TAMS 0x0000000089b00000, 0x0000000089b00000| Untracked 
| 156|0x0000000089c00000, 0x0000000089c00000, 0x0000000089d00000|  0%| F|  |TAMS 0x0000000089c00000, 0x0000000089c00000| Untracked 
| 157|0x0000000089d00000, 0x0000000089d00000, 0x0000000089e00000|  0%| F|  |TAMS 0x0000000089d00000, 0x0000000089d00000| Untracked 
| 158|0x0000000089e00000, 0x0000000089e00000, 0x0000000089f00000|  0%| F|  |TAMS 0x0000000089e00000, 0x0000000089e00000| Untracked 
| 159|0x0000000089f00000, 0x0000000089f00000, 0x000000008a000000|  0%| F|  |TAMS 0x0000000089f00000, 0x0000000089f00000| Untracked 
| 160|0x000000008a000000, 0x000000008a000000, 0x000000008a100000|  0%| F|  |TAMS 0x000000008a000000, 0x000000008a000000| Untracked 
| 161|0x000000008a100000, 0x000000008a100000, 0x000000008a200000|  0%| F|  |TAMS 0x000000008a100000, 0x000000008a100000| Untracked 
| 162|0x000000008a200000, 0x000000008a200000, 0x000000008a300000|  0%| F|  |TAMS 0x000000008a200000, 0x000000008a200000| Untracked 
| 163|0x000000008a300000, 0x000000008a300000, 0x000000008a400000|  0%| F|  |TAMS 0x000000008a300000, 0x000000008a300000| Untracked 
| 164|0x000000008a400000, 0x000000008a400000, 0x000000008a500000|  0%| F|  |TAMS 0x000000008a400000, 0x000000008a400000| Untracked 
| 165|0x000000008a500000, 0x000000008a500000, 0x000000008a600000|  0%| F|  |TAMS 0x000000008a500000, 0x000000008a500000| Untracked 
| 166|0x000000008a600000, 0x000000008a600000, 0x000000008a700000|  0%| F|  |TAMS 0x000000008a600000, 0x000000008a600000| Untracked 
| 167|0x000000008a700000, 0x000000008a700000, 0x000000008a800000|  0%| F|  |TAMS 0x000000008a700000, 0x000000008a700000| Untracked 
| 168|0x000000008a800000, 0x000000008a800000, 0x000000008a900000|  0%| F|  |TAMS 0x000000008a800000, 0x000000008a800000| Untracked 
| 169|0x000000008a900000, 0x000000008a900000, 0x000000008aa00000|  0%| F|  |TAMS 0x000000008a900000, 0x000000008a900000| Untracked 
| 170|0x000000008aa00000, 0x000000008aa00000, 0x000000008ab00000|  0%| F|  |TAMS 0x000000008aa00000, 0x000000008aa00000| Untracked 
| 171|0x000000008ab00000, 0x000000008ab00000, 0x000000008ac00000|  0%| F|  |TAMS 0x000000008ab00000, 0x000000008ab00000| Untracked 
| 172|0x000000008ac00000, 0x000000008ac00000, 0x000000008ad00000|  0%| F|  |TAMS 0x000000008ac00000, 0x000000008ac00000| Untracked 
| 173|0x000000008ad00000, 0x000000008ad00000, 0x000000008ae00000|  0%| F|  |TAMS 0x000000008ad00000, 0x000000008ad00000| Untracked 
| 174|0x000000008ae00000, 0x000000008ae00000, 0x000000008af00000|  0%| F|  |TAMS 0x000000008ae00000, 0x000000008ae00000| Untracked 
| 175|0x000000008af00000, 0x000000008af00000, 0x000000008b000000|  0%| F|  |TAMS 0x000000008af00000, 0x000000008af00000| Untracked 
| 176|0x000000008b000000, 0x000000008b000000, 0x000000008b100000|  0%| F|  |TAMS 0x000000008b000000, 0x000000008b000000| Untracked 
| 177|0x000000008b100000, 0x000000008b100000, 0x000000008b200000|  0%| F|  |TAMS 0x000000008b100000, 0x000000008b100000| Untracked 
| 178|0x000000008b200000, 0x000000008b200000, 0x000000008b300000|  0%| F|  |TAMS 0x000000008b200000, 0x000000008b200000| Untracked 
| 179|0x000000008b300000, 0x000000008b300000, 0x000000008b400000|  0%| F|  |TAMS 0x000000008b300000, 0x000000008b300000| Untracked 
| 180|0x000000008b400000, 0x000000008b488268, 0x000000008b500000| 53%| S|CS|TAMS 0x000000008b400000, 0x000000008b400000| Complete 
| 181|0x000000008b500000, 0x000000008b600000, 0x000000008b600000|100%| S|CS|TAMS 0x000000008b500000, 0x000000008b500000| Complete 
| 182|0x000000008b600000, 0x000000008b700000, 0x000000008b700000|100%| S|CS|TAMS 0x000000008b600000, 0x000000008b600000| Complete 
| 183|0x000000008b700000, 0x000000008b800000, 0x000000008b800000|100%| S|CS|TAMS 0x000000008b700000, 0x000000008b700000| Complete 
| 184|0x000000008b800000, 0x000000008b900000, 0x000000008b900000|100%| S|CS|TAMS 0x000000008b800000, 0x000000008b800000| Complete 
| 185|0x000000008b900000, 0x000000008ba00000, 0x000000008ba00000|100%| S|CS|TAMS 0x000000008b900000, 0x000000008b900000| Complete 
| 186|0x000000008ba00000, 0x000000008bb00000, 0x000000008bb00000|100%| S|CS|TAMS 0x000000008ba00000, 0x000000008ba00000| Complete 
| 187|0x000000008bb00000, 0x000000008bc00000, 0x000000008bc00000|100%| S|CS|TAMS 0x000000008bb00000, 0x000000008bb00000| Complete 
| 188|0x000000008bc00000, 0x000000008bd00000, 0x000000008bd00000|100%| S|CS|TAMS 0x000000008bc00000, 0x000000008bc00000| Complete 
| 189|0x000000008bd00000, 0x000000008bd00000, 0x000000008be00000|  0%| F|  |TAMS 0x000000008bd00000, 0x000000008bd00000| Untracked 
| 190|0x000000008be00000, 0x000000008be00000, 0x000000008bf00000|  0%| F|  |TAMS 0x000000008be00000, 0x000000008be00000| Untracked 
| 191|0x000000008bf00000, 0x000000008bf00000, 0x000000008c000000|  0%| F|  |TAMS 0x000000008bf00000, 0x000000008bf00000| Untracked 
| 192|0x000000008c000000, 0x000000008c000000, 0x000000008c100000|  0%| F|  |TAMS 0x000000008c000000, 0x000000008c000000| Untracked 
| 193|0x000000008c100000, 0x000000008c100000, 0x000000008c200000|  0%| F|  |TAMS 0x000000008c100000, 0x000000008c100000| Untracked 
| 194|0x000000008c200000, 0x000000008c200000, 0x000000008c300000|  0%| F|  |TAMS 0x000000008c200000, 0x000000008c200000| Untracked 
| 195|0x000000008c300000, 0x000000008c300000, 0x000000008c400000|  0%| F|  |TAMS 0x000000008c300000, 0x000000008c300000| Untracked 
| 196|0x000000008c400000, 0x000000008c400000, 0x000000008c500000|  0%| F|  |TAMS 0x000000008c400000, 0x000000008c400000| Untracked 
| 197|0x000000008c500000, 0x000000008c500000, 0x000000008c600000|  0%| F|  |TAMS 0x000000008c500000, 0x000000008c500000| Untracked 
| 198|0x000000008c600000, 0x000000008c600000, 0x000000008c700000|  0%| F|  |TAMS 0x000000008c600000, 0x000000008c600000| Untracked 
| 199|0x000000008c700000, 0x000000008c700000, 0x000000008c800000|  0%| F|  |TAMS 0x000000008c700000, 0x000000008c700000| Untracked 
| 200|0x000000008c800000, 0x000000008c800000, 0x000000008c900000|  0%| F|  |TAMS 0x000000008c800000, 0x000000008c800000| Untracked 
| 201|0x000000008c900000, 0x000000008c900000, 0x000000008ca00000|  0%| F|  |TAMS 0x000000008c900000, 0x000000008c900000| Untracked 
| 202|0x000000008ca00000, 0x000000008ca00000, 0x000000008cb00000|  0%| F|  |TAMS 0x000000008ca00000, 0x000000008ca00000| Untracked 
| 203|0x000000008cb00000, 0x000000008cb00000, 0x000000008cc00000|  0%| F|  |TAMS 0x000000008cb00000, 0x000000008cb00000| Untracked 
| 204|0x000000008cc00000, 0x000000008cc00000, 0x000000008cd00000|  0%| F|  |TAMS 0x000000008cc00000, 0x000000008cc00000| Untracked 
| 205|0x000000008cd00000, 0x000000008cd00000, 0x000000008ce00000|  0%| F|  |TAMS 0x000000008cd00000, 0x000000008cd00000| Untracked 
| 206|0x000000008ce00000, 0x000000008ce00000, 0x000000008cf00000|  0%| F|  |TAMS 0x000000008ce00000, 0x000000008ce00000| Untracked 
| 207|0x000000008cf00000, 0x000000008cf00000, 0x000000008d000000|  0%| F|  |TAMS 0x000000008cf00000, 0x000000008cf00000| Untracked 
| 208|0x000000008d000000, 0x000000008d000000, 0x000000008d100000|  0%| F|  |TAMS 0x000000008d000000, 0x000000008d000000| Untracked 
| 209|0x000000008d100000, 0x000000008d100000, 0x000000008d200000|  0%| F|  |TAMS 0x000000008d100000, 0x000000008d100000| Untracked 
| 210|0x000000008d200000, 0x000000008d200000, 0x000000008d300000|  0%| F|  |TAMS 0x000000008d200000, 0x000000008d200000| Untracked 
| 211|0x000000008d300000, 0x000000008d300000, 0x000000008d400000|  0%| F|  |TAMS 0x000000008d300000, 0x000000008d300000| Untracked 
| 212|0x000000008d400000, 0x000000008d400000, 0x000000008d500000|  0%| F|  |TAMS 0x000000008d400000, 0x000000008d400000| Untracked 
| 213|0x000000008d500000, 0x000000008d500000, 0x000000008d600000|  0%| F|  |TAMS 0x000000008d500000, 0x000000008d500000| Untracked 
| 214|0x000000008d600000, 0x000000008d600000, 0x000000008d700000|  0%| F|  |TAMS 0x000000008d600000, 0x000000008d600000| Untracked 
| 215|0x000000008d700000, 0x000000008d700000, 0x000000008d800000|  0%| F|  |TAMS 0x000000008d700000, 0x000000008d700000| Untracked 
| 216|0x000000008d800000, 0x000000008d800000, 0x000000008d900000|  0%| F|  |TAMS 0x000000008d800000, 0x000000008d800000| Untracked 
| 217|0x000000008d900000, 0x000000008d900000, 0x000000008da00000|  0%| F|  |TAMS 0x000000008d900000, 0x000000008d900000| Untracked 
| 218|0x000000008da00000, 0x000000008da00000, 0x000000008db00000|  0%| F|  |TAMS 0x000000008da00000, 0x000000008da00000| Untracked 
| 219|0x000000008db00000, 0x000000008db00000, 0x000000008dc00000|  0%| F|  |TAMS 0x000000008db00000, 0x000000008db00000| Untracked 
| 220|0x000000008dc00000, 0x000000008dc00000, 0x000000008dd00000|  0%| F|  |TAMS 0x000000008dc00000, 0x000000008dc00000| Untracked 
| 221|0x000000008dd00000, 0x000000008dd00000, 0x000000008de00000|  0%| F|  |TAMS 0x000000008dd00000, 0x000000008dd00000| Untracked 
| 222|0x000000008de00000, 0x000000008de00000, 0x000000008df00000|  0%| F|  |TAMS 0x000000008de00000, 0x000000008de00000| Untracked 
| 223|0x000000008df00000, 0x000000008df00000, 0x000000008e000000|  0%| F|  |TAMS 0x000000008df00000, 0x000000008df00000| Untracked 
| 224|0x000000008e000000, 0x000000008e000000, 0x000000008e100000|  0%| F|  |TAMS 0x000000008e000000, 0x000000008e000000| Untracked 
| 225|0x000000008e100000, 0x000000008e100000, 0x000000008e200000|  0%| F|  |TAMS 0x000000008e100000, 0x000000008e100000| Untracked 
| 226|0x000000008e200000, 0x000000008e200000, 0x000000008e300000|  0%| F|  |TAMS 0x000000008e200000, 0x000000008e200000| Untracked 
| 227|0x000000008e300000, 0x000000008e300000, 0x000000008e400000|  0%| F|  |TAMS 0x000000008e300000, 0x000000008e300000| Untracked 
| 228|0x000000008e400000, 0x000000008e400000, 0x000000008e500000|  0%| F|  |TAMS 0x000000008e400000, 0x000000008e400000| Untracked 
| 229|0x000000008e500000, 0x000000008e500000, 0x000000008e600000|  0%| F|  |TAMS 0x000000008e500000, 0x000000008e500000| Untracked 
| 230|0x000000008e600000, 0x000000008e600000, 0x000000008e700000|  0%| F|  |TAMS 0x000000008e600000, 0x000000008e600000| Untracked 
| 231|0x000000008e700000, 0x000000008e700000, 0x000000008e800000|  0%| F|  |TAMS 0x000000008e700000, 0x000000008e700000| Untracked 
| 232|0x000000008e800000, 0x000000008e800000, 0x000000008e900000|  0%| F|  |TAMS 0x000000008e800000, 0x000000008e800000| Untracked 
| 233|0x000000008e900000, 0x000000008e900000, 0x000000008ea00000|  0%| F|  |TAMS 0x000000008e900000, 0x000000008e900000| Untracked 
| 234|0x000000008ea00000, 0x000000008ea00000, 0x000000008eb00000|  0%| F|  |TAMS 0x000000008ea00000, 0x000000008ea00000| Untracked 
| 235|0x000000008eb00000, 0x000000008eb00000, 0x000000008ec00000|  0%| F|  |TAMS 0x000000008eb00000, 0x000000008eb00000| Untracked 
| 236|0x000000008ec00000, 0x000000008ec00000, 0x000000008ed00000|  0%| F|  |TAMS 0x000000008ec00000, 0x000000008ec00000| Untracked 
| 237|0x000000008ed00000, 0x000000008ed00000, 0x000000008ee00000|  0%| F|  |TAMS 0x000000008ed00000, 0x000000008ed00000| Untracked 
| 238|0x000000008ee00000, 0x000000008ee00000, 0x000000008ef00000|  0%| F|  |TAMS 0x000000008ee00000, 0x000000008ee00000| Untracked 
| 239|0x000000008ef00000, 0x000000008ef00000, 0x000000008f000000|  0%| F|  |TAMS 0x000000008ef00000, 0x000000008ef00000| Untracked 
| 240|0x000000008f000000, 0x000000008f000000, 0x000000008f100000|  0%| F|  |TAMS 0x000000008f000000, 0x000000008f000000| Untracked 
| 241|0x000000008f100000, 0x000000008f100000, 0x000000008f200000|  0%| F|  |TAMS 0x000000008f100000, 0x000000008f100000| Untracked 
| 242|0x000000008f200000, 0x000000008f200000, 0x000000008f300000|  0%| F|  |TAMS 0x000000008f200000, 0x000000008f200000| Untracked 
| 243|0x000000008f300000, 0x000000008f300000, 0x000000008f400000|  0%| F|  |TAMS 0x000000008f300000, 0x000000008f300000| Untracked 
| 244|0x000000008f400000, 0x000000008f400000, 0x000000008f500000|  0%| F|  |TAMS 0x000000008f400000, 0x000000008f400000| Untracked 
| 245|0x000000008f500000, 0x000000008f500000, 0x000000008f600000|  0%| F|  |TAMS 0x000000008f500000, 0x000000008f500000| Untracked 
| 246|0x000000008f600000, 0x000000008f600000, 0x000000008f700000|  0%| F|  |TAMS 0x000000008f600000, 0x000000008f600000| Untracked 
| 247|0x000000008f700000, 0x000000008f700000, 0x000000008f800000|  0%| F|  |TAMS 0x000000008f700000, 0x000000008f700000| Untracked 
| 248|0x000000008f800000, 0x000000008f800000, 0x000000008f900000|  0%| F|  |TAMS 0x000000008f800000, 0x000000008f800000| Untracked 
| 249|0x000000008f900000, 0x000000008f900000, 0x000000008fa00000|  0%| F|  |TAMS 0x000000008f900000, 0x000000008f900000| Untracked 
| 250|0x000000008fa00000, 0x000000008fa00000, 0x000000008fb00000|  0%| F|  |TAMS 0x000000008fa00000, 0x000000008fa00000| Untracked 
| 251|0x000000008fb00000, 0x000000008fb00000, 0x000000008fc00000|  0%| F|  |TAMS 0x000000008fb00000, 0x000000008fb00000| Untracked 
| 252|0x000000008fc00000, 0x000000008fc00000, 0x000000008fd00000|  0%| F|  |TAMS 0x000000008fc00000, 0x000000008fc00000| Untracked 
| 253|0x000000008fd00000, 0x000000008fd00000, 0x000000008fe00000|  0%| F|  |TAMS 0x000000008fd00000, 0x000000008fd00000| Untracked 
| 254|0x000000008fe00000, 0x000000008fe00000, 0x000000008ff00000|  0%| F|  |TAMS 0x000000008fe00000, 0x000000008fe00000| Untracked 
| 255|0x000000008ff00000, 0x000000008ff00000, 0x0000000090000000|  0%| F|  |TAMS 0x000000008ff00000, 0x000000008ff00000| Untracked 
| 256|0x0000000090000000, 0x0000000090000000, 0x0000000090100000|  0%| F|  |TAMS 0x0000000090000000, 0x0000000090000000| Untracked 
| 257|0x0000000090100000, 0x0000000090100000, 0x0000000090200000|  0%| F|  |TAMS 0x0000000090100000, 0x0000000090100000| Untracked 
| 258|0x0000000090200000, 0x0000000090200000, 0x0000000090300000|  0%| F|  |TAMS 0x0000000090200000, 0x0000000090200000| Untracked 
| 259|0x0000000090300000, 0x0000000090300000, 0x0000000090400000|  0%| F|  |TAMS 0x0000000090300000, 0x0000000090300000| Untracked 
| 260|0x0000000090400000, 0x0000000090400000, 0x0000000090500000|  0%| F|  |TAMS 0x0000000090400000, 0x0000000090400000| Untracked 
| 261|0x0000000090500000, 0x0000000090500000, 0x0000000090600000|  0%| F|  |TAMS 0x0000000090500000, 0x0000000090500000| Untracked 
| 262|0x0000000090600000, 0x0000000090600000, 0x0000000090700000|  0%| F|  |TAMS 0x0000000090600000, 0x0000000090600000| Untracked 
| 263|0x0000000090700000, 0x0000000090700000, 0x0000000090800000|  0%| F|  |TAMS 0x0000000090700000, 0x0000000090700000| Untracked 
| 264|0x0000000090800000, 0x0000000090800000, 0x0000000090900000|  0%| F|  |TAMS 0x0000000090800000, 0x0000000090800000| Untracked 
| 265|0x0000000090900000, 0x0000000090900000, 0x0000000090a00000|  0%| F|  |TAMS 0x0000000090900000, 0x0000000090900000| Untracked 
| 266|0x0000000090a00000, 0x0000000090a00000, 0x0000000090b00000|  0%| F|  |TAMS 0x0000000090a00000, 0x0000000090a00000| Untracked 
| 267|0x0000000090b00000, 0x0000000090b00000, 0x0000000090c00000|  0%| F|  |TAMS 0x0000000090b00000, 0x0000000090b00000| Untracked 
| 268|0x0000000090c00000, 0x0000000090c00000, 0x0000000090d00000|  0%| F|  |TAMS 0x0000000090c00000, 0x0000000090c00000| Untracked 
| 269|0x0000000090d00000, 0x0000000090d00000, 0x0000000090e00000|  0%| F|  |TAMS 0x0000000090d00000, 0x0000000090d00000| Untracked 
| 270|0x0000000090e00000, 0x0000000090e00000, 0x0000000090f00000|  0%| F|  |TAMS 0x0000000090e00000, 0x0000000090e00000| Untracked 
| 271|0x0000000090f00000, 0x0000000090f00000, 0x0000000091000000|  0%| F|  |TAMS 0x0000000090f00000, 0x0000000090f00000| Untracked 
| 272|0x0000000091000000, 0x0000000091000000, 0x0000000091100000|  0%| F|  |TAMS 0x0000000091000000, 0x0000000091000000| Untracked 
| 273|0x0000000091100000, 0x0000000091100000, 0x0000000091200000|  0%| F|  |TAMS 0x0000000091100000, 0x0000000091100000| Untracked 
| 274|0x0000000091200000, 0x0000000091200000, 0x0000000091300000|  0%| F|  |TAMS 0x0000000091200000, 0x0000000091200000| Untracked 
| 275|0x0000000091300000, 0x0000000091300000, 0x0000000091400000|  0%| F|  |TAMS 0x0000000091300000, 0x0000000091300000| Untracked 
| 276|0x0000000091400000, 0x0000000091400000, 0x0000000091500000|  0%| F|  |TAMS 0x0000000091400000, 0x0000000091400000| Untracked 
| 277|0x0000000091500000, 0x0000000091500000, 0x0000000091600000|  0%| F|  |TAMS 0x0000000091500000, 0x0000000091500000| Untracked 
| 278|0x0000000091600000, 0x0000000091600000, 0x0000000091700000|  0%| F|  |TAMS 0x0000000091600000, 0x0000000091600000| Untracked 
| 279|0x0000000091700000, 0x0000000091700000, 0x0000000091800000|  0%| F|  |TAMS 0x0000000091700000, 0x0000000091700000| Untracked 
| 280|0x0000000091800000, 0x0000000091800000, 0x0000000091900000|  0%| F|  |TAMS 0x0000000091800000, 0x0000000091800000| Untracked 
| 281|0x0000000091900000, 0x0000000091900000, 0x0000000091a00000|  0%| F|  |TAMS 0x0000000091900000, 0x0000000091900000| Untracked 
| 282|0x0000000091a00000, 0x0000000091a00000, 0x0000000091b00000|  0%| F|  |TAMS 0x0000000091a00000, 0x0000000091a00000| Untracked 
| 283|0x0000000091b00000, 0x0000000091b00000, 0x0000000091c00000|  0%| F|  |TAMS 0x0000000091b00000, 0x0000000091b00000| Untracked 
| 284|0x0000000091c00000, 0x0000000091c00000, 0x0000000091d00000|  0%| F|  |TAMS 0x0000000091c00000, 0x0000000091c00000| Untracked 
| 285|0x0000000091d00000, 0x0000000091d00000, 0x0000000091e00000|  0%| F|  |TAMS 0x0000000091d00000, 0x0000000091d00000| Untracked 
| 286|0x0000000091e00000, 0x0000000091e00000, 0x0000000091f00000|  0%| F|  |TAMS 0x0000000091e00000, 0x0000000091e00000| Untracked 
| 287|0x0000000091f00000, 0x0000000091f00000, 0x0000000092000000|  0%| F|  |TAMS 0x0000000091f00000, 0x0000000091f00000| Untracked 
| 288|0x0000000092000000, 0x0000000092000000, 0x0000000092100000|  0%| F|  |TAMS 0x0000000092000000, 0x0000000092000000| Untracked 
| 289|0x0000000092100000, 0x0000000092100000, 0x0000000092200000|  0%| F|  |TAMS 0x0000000092100000, 0x0000000092100000| Untracked 
| 290|0x0000000092200000, 0x0000000092200000, 0x0000000092300000|  0%| F|  |TAMS 0x0000000092200000, 0x0000000092200000| Untracked 
| 291|0x0000000092300000, 0x0000000092300000, 0x0000000092400000|  0%| F|  |TAMS 0x0000000092300000, 0x0000000092300000| Untracked 
| 292|0x0000000092400000, 0x0000000092400000, 0x0000000092500000|  0%| F|  |TAMS 0x0000000092400000, 0x0000000092400000| Untracked 
| 293|0x0000000092500000, 0x0000000092500000, 0x0000000092600000|  0%| F|  |TAMS 0x0000000092500000, 0x0000000092500000| Untracked 
| 294|0x0000000092600000, 0x0000000092600000, 0x0000000092700000|  0%| F|  |TAMS 0x0000000092600000, 0x0000000092600000| Untracked 
| 295|0x0000000092700000, 0x0000000092700000, 0x0000000092800000|  0%| F|  |TAMS 0x0000000092700000, 0x0000000092700000| Untracked 
| 296|0x0000000092800000, 0x0000000092800000, 0x0000000092900000|  0%| F|  |TAMS 0x0000000092800000, 0x0000000092800000| Untracked 
| 297|0x0000000092900000, 0x0000000092900000, 0x0000000092a00000|  0%| F|  |TAMS 0x0000000092900000, 0x0000000092900000| Untracked 
| 298|0x0000000092a00000, 0x0000000092a00000, 0x0000000092b00000|  0%| F|  |TAMS 0x0000000092a00000, 0x0000000092a00000| Untracked 
| 299|0x0000000092b00000, 0x0000000092b00000, 0x0000000092c00000|  0%| F|  |TAMS 0x0000000092b00000, 0x0000000092b00000| Untracked 
| 300|0x0000000092c00000, 0x0000000092c00000, 0x0000000092d00000|  0%| F|  |TAMS 0x0000000092c00000, 0x0000000092c00000| Untracked 
| 301|0x0000000092d00000, 0x0000000092d00000, 0x0000000092e00000|  0%| F|  |TAMS 0x0000000092d00000, 0x0000000092d00000| Untracked 
| 302|0x0000000092e00000, 0x0000000092e00000, 0x0000000092f00000|  0%| F|  |TAMS 0x0000000092e00000, 0x0000000092e00000| Untracked 
| 303|0x0000000092f00000, 0x0000000092f00000, 0x0000000093000000|  0%| F|  |TAMS 0x0000000092f00000, 0x0000000092f00000| Untracked 
| 304|0x0000000093000000, 0x0000000093000000, 0x0000000093100000|  0%| F|  |TAMS 0x0000000093000000, 0x0000000093000000| Untracked 
| 305|0x0000000093100000, 0x0000000093100000, 0x0000000093200000|  0%| F|  |TAMS 0x0000000093100000, 0x0000000093100000| Untracked 
| 306|0x0000000093200000, 0x0000000093200000, 0x0000000093300000|  0%| F|  |TAMS 0x0000000093200000, 0x0000000093200000| Untracked 
| 307|0x0000000093300000, 0x0000000093300000, 0x0000000093400000|  0%| F|  |TAMS 0x0000000093300000, 0x0000000093300000| Untracked 
| 308|0x0000000093400000, 0x0000000093400000, 0x0000000093500000|  0%| F|  |TAMS 0x0000000093400000, 0x0000000093400000| Untracked 
| 309|0x0000000093500000, 0x0000000093500000, 0x0000000093600000|  0%| F|  |TAMS 0x0000000093500000, 0x0000000093500000| Untracked 
| 310|0x0000000093600000, 0x0000000093600000, 0x0000000093700000|  0%| F|  |TAMS 0x0000000093600000, 0x0000000093600000| Untracked 
| 311|0x0000000093700000, 0x0000000093700000, 0x0000000093800000|  0%| F|  |TAMS 0x0000000093700000, 0x0000000093700000| Untracked 
| 312|0x0000000093800000, 0x0000000093800000, 0x0000000093900000|  0%| F|  |TAMS 0x0000000093800000, 0x0000000093800000| Untracked 
| 313|0x0000000093900000, 0x0000000093900000, 0x0000000093a00000|  0%| F|  |TAMS 0x0000000093900000, 0x0000000093900000| Untracked 
| 314|0x0000000093a00000, 0x0000000093a00000, 0x0000000093b00000|  0%| F|  |TAMS 0x0000000093a00000, 0x0000000093a00000| Untracked 
| 315|0x0000000093b00000, 0x0000000093b00000, 0x0000000093c00000|  0%| F|  |TAMS 0x0000000093b00000, 0x0000000093b00000| Untracked 
| 316|0x0000000093c00000, 0x0000000093c00000, 0x0000000093d00000|  0%| F|  |TAMS 0x0000000093c00000, 0x0000000093c00000| Untracked 
| 317|0x0000000093d00000, 0x0000000093d00000, 0x0000000093e00000|  0%| F|  |TAMS 0x0000000093d00000, 0x0000000093d00000| Untracked 
| 318|0x0000000093e00000, 0x0000000093e00000, 0x0000000093f00000|  0%| F|  |TAMS 0x0000000093e00000, 0x0000000093e00000| Untracked 
| 319|0x0000000093f00000, 0x0000000093f00000, 0x0000000094000000|  0%| F|  |TAMS 0x0000000093f00000, 0x0000000093f00000| Untracked 
| 320|0x0000000094000000, 0x0000000094000000, 0x0000000094100000|  0%| F|  |TAMS 0x0000000094000000, 0x0000000094000000| Untracked 
| 321|0x0000000094100000, 0x0000000094100000, 0x0000000094200000|  0%| F|  |TAMS 0x0000000094100000, 0x0000000094100000| Untracked 
| 322|0x0000000094200000, 0x0000000094200000, 0x0000000094300000|  0%| F|  |TAMS 0x0000000094200000, 0x0000000094200000| Untracked 
| 323|0x0000000094300000, 0x0000000094300000, 0x0000000094400000|  0%| F|  |TAMS 0x0000000094300000, 0x0000000094300000| Untracked 
| 324|0x0000000094400000, 0x0000000094400000, 0x0000000094500000|  0%| F|  |TAMS 0x0000000094400000, 0x0000000094400000| Untracked 
| 325|0x0000000094500000, 0x0000000094500000, 0x0000000094600000|  0%| F|  |TAMS 0x0000000094500000, 0x0000000094500000| Untracked 
| 326|0x0000000094600000, 0x0000000094600000, 0x0000000094700000|  0%| F|  |TAMS 0x0000000094600000, 0x0000000094600000| Untracked 
| 327|0x0000000094700000, 0x0000000094700000, 0x0000000094800000|  0%| F|  |TAMS 0x0000000094700000, 0x0000000094700000| Untracked 
| 328|0x0000000094800000, 0x0000000094800000, 0x0000000094900000|  0%| F|  |TAMS 0x0000000094800000, 0x0000000094800000| Untracked 
| 329|0x0000000094900000, 0x0000000094900000, 0x0000000094a00000|  0%| F|  |TAMS 0x0000000094900000, 0x0000000094900000| Untracked 
| 330|0x0000000094a00000, 0x0000000094a00000, 0x0000000094b00000|  0%| F|  |TAMS 0x0000000094a00000, 0x0000000094a00000| Untracked 
| 331|0x0000000094b00000, 0x0000000094b00000, 0x0000000094c00000|  0%| F|  |TAMS 0x0000000094b00000, 0x0000000094b00000| Untracked 
| 332|0x0000000094c00000, 0x0000000094c00000, 0x0000000094d00000|  0%| F|  |TAMS 0x0000000094c00000, 0x0000000094c00000| Untracked 
| 333|0x0000000094d00000, 0x0000000094d00000, 0x0000000094e00000|  0%| F|  |TAMS 0x0000000094d00000, 0x0000000094d00000| Untracked 
| 334|0x0000000094e00000, 0x0000000094e00000, 0x0000000094f00000|  0%| F|  |TAMS 0x0000000094e00000, 0x0000000094e00000| Untracked 
| 335|0x0000000094f00000, 0x0000000094f00000, 0x0000000095000000|  0%| F|  |TAMS 0x0000000094f00000, 0x0000000094f00000| Untracked 
| 336|0x0000000095000000, 0x0000000095000000, 0x0000000095100000|  0%| F|  |TAMS 0x0000000095000000, 0x0000000095000000| Untracked 
| 337|0x0000000095100000, 0x0000000095100000, 0x0000000095200000|  0%| F|  |TAMS 0x0000000095100000, 0x0000000095100000| Untracked 
| 338|0x0000000095200000, 0x0000000095200000, 0x0000000095300000|  0%| F|  |TAMS 0x0000000095200000, 0x0000000095200000| Untracked 
| 339|0x0000000095300000, 0x0000000095300000, 0x0000000095400000|  0%| F|  |TAMS 0x0000000095300000, 0x0000000095300000| Untracked 
| 340|0x0000000095400000, 0x0000000095400000, 0x0000000095500000|  0%| F|  |TAMS 0x0000000095400000, 0x0000000095400000| Untracked 
| 341|0x0000000095500000, 0x0000000095500000, 0x0000000095600000|  0%| F|  |TAMS 0x0000000095500000, 0x0000000095500000| Untracked 
| 342|0x0000000095600000, 0x0000000095600000, 0x0000000095700000|  0%| F|  |TAMS 0x0000000095600000, 0x0000000095600000| Untracked 
| 343|0x0000000095700000, 0x0000000095700000, 0x0000000095800000|  0%| F|  |TAMS 0x0000000095700000, 0x0000000095700000| Untracked 
| 344|0x0000000095800000, 0x0000000095800000, 0x0000000095900000|  0%| F|  |TAMS 0x0000000095800000, 0x0000000095800000| Untracked 
| 345|0x0000000095900000, 0x0000000095900000, 0x0000000095a00000|  0%| F|  |TAMS 0x0000000095900000, 0x0000000095900000| Untracked 
| 346|0x0000000095a00000, 0x0000000095a00000, 0x0000000095b00000|  0%| F|  |TAMS 0x0000000095a00000, 0x0000000095a00000| Untracked 
| 347|0x0000000095b00000, 0x0000000095b00000, 0x0000000095c00000|  0%| F|  |TAMS 0x0000000095b00000, 0x0000000095b00000| Untracked 
| 348|0x0000000095c00000, 0x0000000095c00000, 0x0000000095d00000|  0%| F|  |TAMS 0x0000000095c00000, 0x0000000095c00000| Untracked 
| 349|0x0000000095d00000, 0x0000000095d00000, 0x0000000095e00000|  0%| F|  |TAMS 0x0000000095d00000, 0x0000000095d00000| Untracked 
| 350|0x0000000095e00000, 0x0000000095e00000, 0x0000000095f00000|  0%| F|  |TAMS 0x0000000095e00000, 0x0000000095e00000| Untracked 
| 351|0x0000000095f00000, 0x0000000095f00000, 0x0000000096000000|  0%| F|  |TAMS 0x0000000095f00000, 0x0000000095f00000| Untracked 
| 352|0x0000000096000000, 0x0000000096000000, 0x0000000096100000|  0%| F|  |TAMS 0x0000000096000000, 0x0000000096000000| Untracked 
| 353|0x0000000096100000, 0x0000000096100000, 0x0000000096200000|  0%| F|  |TAMS 0x0000000096100000, 0x0000000096100000| Untracked 
| 354|0x0000000096200000, 0x0000000096200000, 0x0000000096300000|  0%| F|  |TAMS 0x0000000096200000, 0x0000000096200000| Untracked 
| 355|0x0000000096300000, 0x0000000096300000, 0x0000000096400000|  0%| F|  |TAMS 0x0000000096300000, 0x0000000096300000| Untracked 
| 356|0x0000000096400000, 0x0000000096400000, 0x0000000096500000|  0%| F|  |TAMS 0x0000000096400000, 0x0000000096400000| Untracked 
| 357|0x0000000096500000, 0x0000000096500000, 0x0000000096600000|  0%| F|  |TAMS 0x0000000096500000, 0x0000000096500000| Untracked 
| 358|0x0000000096600000, 0x0000000096600000, 0x0000000096700000|  0%| F|  |TAMS 0x0000000096600000, 0x0000000096600000| Untracked 
| 359|0x0000000096700000, 0x0000000096700000, 0x0000000096800000|  0%| F|  |TAMS 0x0000000096700000, 0x0000000096700000| Untracked 
| 360|0x0000000096800000, 0x0000000096800000, 0x0000000096900000|  0%| F|  |TAMS 0x0000000096800000, 0x0000000096800000| Untracked 
| 361|0x0000000096900000, 0x0000000096900000, 0x0000000096a00000|  0%| F|  |TAMS 0x0000000096900000, 0x0000000096900000| Untracked 
| 362|0x0000000096a00000, 0x0000000096a00000, 0x0000000096b00000|  0%| F|  |TAMS 0x0000000096a00000, 0x0000000096a00000| Untracked 
| 363|0x0000000096b00000, 0x0000000096b00000, 0x0000000096c00000|  0%| F|  |TAMS 0x0000000096b00000, 0x0000000096b00000| Untracked 
| 364|0x0000000096c00000, 0x0000000096c00000, 0x0000000096d00000|  0%| F|  |TAMS 0x0000000096c00000, 0x0000000096c00000| Untracked 
| 365|0x0000000096d00000, 0x0000000096d00000, 0x0000000096e00000|  0%| F|  |TAMS 0x0000000096d00000, 0x0000000096d00000| Untracked 
| 366|0x0000000096e00000, 0x0000000096e00000, 0x0000000096f00000|  0%| F|  |TAMS 0x0000000096e00000, 0x0000000096e00000| Untracked 
| 367|0x0000000096f00000, 0x0000000096f00000, 0x0000000097000000|  0%| F|  |TAMS 0x0000000096f00000, 0x0000000096f00000| Untracked 
| 368|0x0000000097000000, 0x0000000097000000, 0x0000000097100000|  0%| F|  |TAMS 0x0000000097000000, 0x0000000097000000| Untracked 
| 369|0x0000000097100000, 0x0000000097100000, 0x0000000097200000|  0%| F|  |TAMS 0x0000000097100000, 0x0000000097100000| Untracked 
| 370|0x0000000097200000, 0x0000000097200000, 0x0000000097300000|  0%| F|  |TAMS 0x0000000097200000, 0x0000000097200000| Untracked 
| 371|0x0000000097300000, 0x0000000097300000, 0x0000000097400000|  0%| F|  |TAMS 0x0000000097300000, 0x0000000097300000| Untracked 

Card table byte_map: [0x0000024ba5d70000,0x0000024ba6170000] _byte_map_base: 0x0000024ba5970000

Marking Bits (Prev, Next): (CMBitMap*) 0x0000024b90c91ef8, (CMBitMap*) 0x0000024b90c91f30
 Prev Bits: [0x0000024ba6570000, 0x0000024ba8570000)
 Next Bits: [0x0000024ba8570000, 0x0000024baa570000)

Polling page: 0x0000024b90d20000

Metaspace:

Usage:
  Non-class:     81.76 MB capacity,    80.20 MB ( 98%) used,     1.27 MB (  2%) free+waste,   302.63 KB ( <1%) overhead. 
      Class:     12.90 MB capacity,    11.97 MB ( 93%) used,   824.65 KB (  6%) free+waste,   134.38 KB (  1%) overhead. 
       Both:     94.67 MB capacity,    92.16 MB ( 97%) used,     2.07 MB (  2%) free+waste,   437.00 KB ( <1%) overhead. 

Virtual space:
  Non-class space:       82.00 MB reserved,      82.00 MB (100%) committed 
      Class space:        1.00 GB reserved,      13.00 MB (  1%) committed 
             Both:        1.08 GB reserved,      95.00 MB (  9%) committed 

Chunk freelists:
   Non-Class:  52.00 KB
       Class:  99.00 KB
        Both:  151.00 KB

MaxMetaspaceSize: 17179869184.00 GB
CompressedClassSpaceSize: 1.00 GB

CodeHeap 'non-profiled nmethods': size=120000Kb used=8712Kb max_used=8712Kb free=111287Kb
 bounds [0x0000024b9d9d0000, 0x0000024b9e260000, 0x0000024ba4f00000]
CodeHeap 'profiled nmethods': size=120000Kb used=36499Kb max_used=36499Kb free=83500Kb
 bounds [0x0000024b964a0000, 0x0000024b98850000, 0x0000024b9d9d0000]
CodeHeap 'non-nmethods': size=5760Kb used=2312Kb max_used=2376Kb free=3447Kb
 bounds [0x0000024b95f00000, 0x0000024b96170000, 0x0000024b964a0000]
 total_blobs=15482 nmethods=14577 adapters=815
 compilation: enabled
              stopped_count=0, restarted_count=0
 full_count=0

Compilation events (20 events):
Event: 21.326 Thread 0x0000024bad90e800 15128       2       com.android.tools.r8.internal.Uu$$Lambda$1826/0x0000000100c70840::applyAsInt (12 bytes)
Event: 21.326 Thread 0x0000024bad90e800 nmethod 15128 0x0000024b9883d510 code [0x0000024b9883d6c0, 0x0000024b9883d808]
Event: 21.326 Thread 0x0000024bad90e800 15131       2       com.android.tools.r8.internal.m8::a (24 bytes)
Event: 21.327 Thread 0x0000024bad90e800 nmethod 15131 0x0000024b9883d910 code [0x0000024b9883dae0, 0x0000024b9883dc78]
Event: 21.331 Thread 0x0000024bad90e800 15132       3       java.util.TimSort::mergeHi (732 bytes)
Event: 21.334 Thread 0x0000024bad90e800 nmethod 15132 0x0000024b9883dd90 code [0x0000024b9883e120, 0x0000024b98840578]
Event: 21.334 Thread 0x0000024bad90e800 15133       2       com.android.tools.r8.internal.j8::a (75 bytes)
Event: 21.335 Thread 0x0000024bad90e800 nmethod 15133 0x0000024b98840d90 code [0x0000024b98840fa0, 0x0000024b988413c8]
Event: 21.335 Thread 0x0000024bad90e800 15136 %     3       com.android.tools.r8.internal.Nz::a @ 73 (109 bytes)
Event: 21.336 Thread 0x0000024bad90e800 nmethod 15136% 0x0000024b98841610 code [0x0000024b98841820, 0x0000024b98841d88]
Event: 21.336 Thread 0x0000024bad90e800 15135       3       com.android.tools.r8.internal.i2::u (81 bytes)
Event: 21.337 Thread 0x0000024bad90e800 nmethod 15135 0x0000024b98842010 code [0x0000024b98842300, 0x0000024b98843338]
Event: 21.337 Thread 0x0000024bad90e800 15137       3       com.android.tools.r8.internal.Nz::a (109 bytes)
Event: 21.338 Thread 0x0000024bad90e800 nmethod 15137 0x0000024b98843910 code [0x0000024b98843b00, 0x0000024b98843fe8]
Event: 21.338 Thread 0x0000024bad90e800 15134       2       com.android.tools.r8.internal.Uu$$Lambda$1825/0x0000000100c76c40::applyAsInt (12 bytes)
Event: 21.338 Thread 0x0000024bad90e800 nmethod 15134 0x0000024b98844290 code [0x0000024b98844440, 0x0000024b98844588]
Event: 21.345 Thread 0x0000024bad90e800 15138       2       com.android.tools.r8.graph.Q::a (10 bytes)
Event: 21.346 Thread 0x0000024bad90e800 nmethod 15138 0x0000024b98844690 code [0x0000024b98844840, 0x0000024b988449a8]
Event: 21.346 Thread 0x0000024bad90e800 15139       2       com.android.tools.r8.internal.j8::a (80 bytes)
Event: 21.346 Thread 0x0000024bad90e800 nmethod 15139 0x0000024b98844a90 code [0x0000024b98844c80, 0x0000024b98844f08]

GC Heap History (20 events):
Event: 19.018 GC heap after
{Heap after GC invocations=49 (full 0):
 garbage-first heap   total 317440K, used 149038K [0x0000000080000000, 0x0000000100000000)
  region size 1024K, 2 young (2048K), 2 survivors (2048K)
 Metaspace       used 93213K, capacity 95636K, committed 96256K, reserved 1132544K
  class space    used 12120K, capacity 13021K, committed 13312K, reserved 1048576K
}
Event: 19.210 GC heap before
{Heap before GC invocations=49 (full 0):
 garbage-first heap   total 317440K, used 269870K [0x0000000080000000, 0x0000000100000000)
  region size 1024K, 121 young (123904K), 2 survivors (2048K)
 Metaspace       used 93269K, capacity 95712K, committed 96256K, reserved 1132544K
  class space    used 12122K, capacity 13025K, committed 13312K, reserved 1048576K
}
Event: 19.214 GC heap after
{Heap after GC invocations=50 (full 0):
 garbage-first heap   total 317440K, used 150050K [0x0000000080000000, 0x0000000100000000)
  region size 1024K, 3 young (3072K), 3 survivors (3072K)
 Metaspace       used 93269K, capacity 95712K, committed 96256K, reserved 1132544K
  class space    used 12122K, capacity 13025K, committed 13312K, reserved 1048576K
}
Event: 19.423 GC heap before
{Heap before GC invocations=50 (full 0):
 garbage-first heap   total 317440K, used 271906K [0x0000000080000000, 0x0000000100000000)
  region size 1024K, 122 young (124928K), 3 survivors (3072K)
 Metaspace       used 93325K, capacity 95712K, committed 96256K, reserved 1132544K
  class space    used 12122K, capacity 13025K, committed 13312K, reserved 1048576K
}
Event: 19.431 GC heap after
{Heap after GC invocations=51 (full 0):
 garbage-first heap   total 317440K, used 150073K [0x0000000080000000, 0x0000000100000000)
  region size 1024K, 3 young (3072K), 3 survivors (3072K)
 Metaspace       used 93325K, capacity 95712K, committed 96256K, reserved 1132544K
  class space    used 12122K, capacity 13025K, committed 13312K, reserved 1048576K
}
Event: 19.618 GC heap before
{Heap before GC invocations=51 (full 0):
 garbage-first heap   total 317440K, used 272953K [0x0000000080000000, 0x0000000100000000)
  region size 1024K, 123 young (125952K), 3 survivors (3072K)
 Metaspace       used 93338K, capacity 95712K, committed 96256K, reserved 1132544K
  class space    used 12122K, capacity 13025K, committed 13312K, reserved 1048576K
}
Event: 19.623 GC heap after
{Heap after GC invocations=52 (full 0):
 garbage-first heap   total 317440K, used 150577K [0x0000000080000000, 0x0000000100000000)
  region size 1024K, 4 young (4096K), 4 survivors (4096K)
 Metaspace       used 93338K, capacity 95712K, committed 96256K, reserved 1132544K
  class space    used 12122K, capacity 13025K, committed 13312K, reserved 1048576K
}
Event: 19.838 GC heap before
{Heap before GC invocations=52 (full 0):
 garbage-first heap   total 317440K, used 273457K [0x0000000080000000, 0x0000000100000000)
  region size 1024K, 124 young (126976K), 4 survivors (4096K)
 Metaspace       used 93339K, capacity 95776K, committed 96256K, reserved 1132544K
  class space    used 12122K, capacity 13025K, committed 13312K, reserved 1048576K
}
Event: 19.845 GC heap after
{Heap after GC invocations=53 (full 0):
 garbage-first heap   total 317440K, used 151050K [0x0000000080000000, 0x0000000100000000)
  region size 1024K, 4 young (4096K), 4 survivors (4096K)
 Metaspace       used 93339K, capacity 95776K, committed 96256K, reserved 1132544K
  class space    used 12122K, capacity 13025K, committed 13312K, reserved 1048576K
}
Event: 20.019 GC heap before
{Heap before GC invocations=53 (full 0):
 garbage-first heap   total 317440K, used 274954K [0x0000000080000000, 0x0000000100000000)
  region size 1024K, 125 young (128000K), 4 survivors (4096K)
 Metaspace       used 93350K, capacity 95780K, committed 96256K, reserved 1132544K
  class space    used 12123K, capacity 13026K, committed 13312K, reserved 1048576K
}
Event: 20.028 GC heap after
{Heap after GC invocations=54 (full 0):
 garbage-first heap   total 317440K, used 151776K [0x0000000080000000, 0x0000000100000000)
  region size 1024K, 5 young (5120K), 5 survivors (5120K)
 Metaspace       used 93350K, capacity 95780K, committed 96256K, reserved 1132544K
  class space    used 12123K, capacity 13026K, committed 13312K, reserved 1048576K
}
Event: 20.215 GC heap before
{Heap before GC invocations=54 (full 0):
 garbage-first heap   total 317440K, used 275680K [0x0000000080000000, 0x0000000100000000)
  region size 1024K, 126 young (129024K), 5 survivors (5120K)
 Metaspace       used 93355K, capacity 95780K, committed 96256K, reserved 1132544K
  class space    used 12123K, capacity 13026K, committed 13312K, reserved 1048576K
}
Event: 20.227 GC heap after
{Heap after GC invocations=55 (full 0):
 garbage-first heap   total 380928K, used 152377K [0x0000000080000000, 0x0000000100000000)
  region size 1024K, 5 young (5120K), 5 survivors (5120K)
 Metaspace       used 93355K, capacity 95780K, committed 96256K, reserved 1132544K
  class space    used 12123K, capacity 13026K, committed 13312K, reserved 1048576K
}
Event: 20.458 GC heap before
{Heap before GC invocations=55 (full 0):
 garbage-first heap   total 380928K, used 301881K [0x0000000080000000, 0x0000000100000000)
  region size 1024K, 151 young (154624K), 5 survivors (5120K)
 Metaspace       used 93360K, capacity 95780K, committed 96256K, reserved 1132544K
  class space    used 12123K, capacity 13026K, committed 13312K, reserved 1048576K
}
Event: 20.468 GC heap after
{Heap after GC invocations=56 (full 0):
 garbage-first heap   total 380928K, used 153183K [0x0000000080000000, 0x0000000100000000)
  region size 1024K, 6 young (6144K), 6 survivors (6144K)
 Metaspace       used 93360K, capacity 95780K, committed 96256K, reserved 1132544K
  class space    used 12123K, capacity 13026K, committed 13312K, reserved 1048576K
}
Event: 20.729 GC heap before
{Heap before GC invocations=56 (full 0):
 garbage-first heap   total 380928K, used 311903K [0x0000000080000000, 0x0000000100000000)
  region size 1024K, 161 young (164864K), 6 survivors (6144K)
 Metaspace       used 93367K, capacity 95781K, committed 96256K, reserved 1132544K
  class space    used 12123K, capacity 13026K, committed 13312K, reserved 1048576K
}
Event: 20.739 GC heap after
{Heap after GC invocations=57 (full 0):
 garbage-first heap   total 380928K, used 153918K [0x0000000080000000, 0x0000000100000000)
  region size 1024K, 7 young (7168K), 7 survivors (7168K)
 Metaspace       used 93367K, capacity 95781K, committed 96256K, reserved 1132544K
  class space    used 12123K, capacity 13026K, committed 13312K, reserved 1048576K
}
Event: 21.019 GC heap before
{Heap before GC invocations=57 (full 0):
 garbage-first heap   total 380928K, used 326974K [0x0000000080000000, 0x0000000100000000)
  region size 1024K, 176 young (180224K), 7 survivors (7168K)
 Metaspace       used 93370K, capacity 95781K, committed 96256K, reserved 1132544K
  class space    used 12123K, capacity 13026K, committed 13312K, reserved 1048576K
}
Event: 21.030 GC heap after
{Heap after GC invocations=58 (full 0):
 garbage-first heap   total 380928K, used 154425K [0x0000000080000000, 0x0000000100000000)
  region size 1024K, 7 young (7168K), 7 survivors (7168K)
 Metaspace       used 93370K, capacity 95781K, committed 96256K, reserved 1132544K
  class space    used 12123K, capacity 13026K, committed 13312K, reserved 1048576K
}
Event: 21.364 GC heap before
{Heap before GC invocations=58 (full 0):
 garbage-first heap   total 380928K, used 334649K [0x0000000080000000, 0x0000000100000000)
  region size 1024K, 183 young (187392K), 7 survivors (7168K)
 Metaspace       used 94375K, capacity 96937K, committed 97280K, reserved 1132544K
  class space    used 12253K, capacity 13213K, committed 13312K, reserved 1048576K
}

Deoptimization events (20 events):
Event: 21.321 Thread 0x0000024bb379b800 DEOPT PACKING pc=0x0000024b9e0c2c7c sp=0x000000c3434f9ae0
Event: 21.321 Thread 0x0000024bb379b800 DEOPT UNPACKING pc=0x0000024b95f083af sp=0x000000c3434f9a78 mode 2
Event: 21.324 Thread 0x0000024bb379b800 Uncommon trap: trap_request=0xffffffde fr.pc=0x0000024b9e0b0290 relative=0x00000000000001b0
Event: 21.324 Thread 0x0000024bb379b800 Uncommon trap: reason=class_check action=maybe_recompile pc=0x0000024b9e0b0290 method=com.android.tools.r8.internal.EE.a(Lcom/android/tools/r8/internal/EE;Lcom/android/tools/r8/internal/f8;)I @ 19 c2
Event: 21.324 Thread 0x0000024bb379b800 DEOPT PACKING pc=0x0000024b9e0b0290 sp=0x000000c3434f9df0
Event: 21.324 Thread 0x0000024bb379b800 DEOPT UNPACKING pc=0x0000024b95f083af sp=0x000000c3434f9d80 mode 2
Event: 21.324 Thread 0x0000024bb379b800 Uncommon trap: trap_request=0xffffffde fr.pc=0x0000024b9e0b0290 relative=0x00000000000001b0
Event: 21.324 Thread 0x0000024bb379b800 Uncommon trap: reason=class_check action=maybe_recompile pc=0x0000024b9e0b0290 method=com.android.tools.r8.internal.EE.a(Lcom/android/tools/r8/internal/EE;Lcom/android/tools/r8/internal/f8;)I @ 19 c2
Event: 21.324 Thread 0x0000024bb379b800 DEOPT PACKING pc=0x0000024b9e0b0290 sp=0x000000c3434f9df0
Event: 21.324 Thread 0x0000024bb379b800 DEOPT UNPACKING pc=0x0000024b95f083af sp=0x000000c3434f9d80 mode 2
Event: 21.324 Thread 0x0000024bb379b800 Uncommon trap: trap_request=0xffffff4d fr.pc=0x0000024b9e118164 relative=0x0000000000000644
Event: 21.324 Thread 0x0000024bb379b800 Uncommon trap: reason=unstable_if action=reinterpret pc=0x0000024b9e118164 method=com.android.tools.r8.internal.i8.a(Ljava/util/Iterator;Ljava/util/Iterator;Lcom/android/tools/r8/internal/EE$a;)I @ 5 c2
Event: 21.325 Thread 0x0000024bb379b800 DEOPT PACKING pc=0x0000024b9e118164 sp=0x000000c3434f9b00
Event: 21.325 Thread 0x0000024bb379b800 DEOPT UNPACKING pc=0x0000024b95f083af sp=0x000000c3434f98b0 mode 2
Event: 21.325 Thread 0x0000024bb379b800 Uncommon trap: trap_request=0xffffff4d fr.pc=0x0000024b9e117400 relative=0x00000000000002a0
Event: 21.325 Thread 0x0000024bb379b800 Uncommon trap: reason=unstable_if action=reinterpret pc=0x0000024b9e117400 method=com.android.tools.r8.internal.i8.a(Ljava/util/Iterator;Ljava/util/Iterator;Lcom/android/tools/r8/internal/EE$a;)I @ 5 c2
Event: 21.325 Thread 0x0000024bb379b800 DEOPT PACKING pc=0x0000024b9e117400 sp=0x000000c3434f9930
Event: 21.325 Thread 0x0000024bb379b800 DEOPT UNPACKING pc=0x0000024b95f083af sp=0x000000c3434f98d8 mode 2
Event: 21.331 Thread 0x0000024bb379b800 DEOPT PACKING pc=0x0000024b986f76bc sp=0x000000c3434f9d70
Event: 21.331 Thread 0x0000024bb379b800 DEOPT UNPACKING pc=0x0000024b95f28ede sp=0x000000c3434f9260 mode 0

Classes redefined (0 events):
No events

Internal exceptions (20 events):
Event: 15.133 Thread 0x0000024bb379c800 Exception <a 'java/lang/NoSuchMethodError'{0x000000008c8f7888}: 'java.lang.Object java.lang.invoke.DirectMethodHandle$Holder.invokeVirtual(java.lang.Object, java.lang.Object, int, java.lang.Object)'> (0x000000008c8f7888) thrown at [./src/hotspot/share/interpreter/linkResolver.cpp, line 773]
Event: 15.138 Thread 0x0000024bb379b800 Exception <a 'java/lang/IncompatibleClassChangeError'{0x000000008c5a88e8}: Found class java.lang.Object, but interface was expected> (0x000000008c5a88e8) thrown at [./src/hotspot/share/interpreter/linkResolver.cpp, line 839]
Event: 15.140 Thread 0x0000024bb379b800 Exception <a 'java/lang/IncompatibleClassChangeError'{0x000000008c5b22f0}: Found class java.lang.Object, but interface was expected> (0x000000008c5b22f0) thrown at [./src/hotspot/share/interpreter/linkResolver.cpp, line 839]
Event: 15.165 Thread 0x0000024bb379a000 Exception <a 'java/lang/NoSuchMethodError'{0x000000008c323ae0}: 'void java.lang.invoke.DirectMethodHandle$Holder.invokeVirtual(java.lang.Object, java.lang.Object, int, java.lang.Object)'> (0x000000008c323ae0) thrown at [./src/hotspot/share/interpreter/linkResolver.cpp, line 773]
Event: 15.247 Thread 0x0000024bb379b800 Exception <a 'java/lang/NoSuchMethodError'{0x000000008c03c1d0}: 'int java.lang.invoke.DirectMethodHandle$Holder.invokeSpecial(java.lang.Object, java.lang.Object, java.lang.Object, int, java.lang.Object)'> (0x000000008c03c1d0) thrown at [./src/hotspot/share/interpreter/linkResolver.cpp, line 773]
Event: 15.260 Thread 0x0000024bb379d000 Exception <a 'java/lang/NoSuchMethodError'{0x000000008c05bc60}: 'java.lang.Object java.lang.invoke.DirectMethodHandle$Holder.newInvokeSpecial(java.lang.Object, int)'> (0x000000008c05bc60) thrown at [./src/hotspot/share/interpreter/linkResolver.cpp, line 773]
Event: 15.260 Thread 0x0000024bb379c800 Exception <a 'java/lang/NoSuchMethodError'{0x000000008c0c0890}: 'java.lang.Object java.lang.invoke.DirectMethodHandle$Holder.newInvokeSpecial(java.lang.Object, int)'> (0x000000008c0c0890) thrown at [./src/hotspot/share/interpreter/linkResolver.cpp, line 773]
Event: 15.418 Thread 0x0000024bb379a000 Exception <a 'java/lang/NoSuchMethodError'{0x000000008b679170}: 'java.lang.Object java.lang.invoke.DirectMethodHandle$Holder.invokeInterface(java.lang.Object, java.lang.Object, int)'> (0x000000008b679170) thrown at [./src/hotspot/share/interpreter/linkResolver.cpp, line 773]
Event: 16.111 Thread 0x0000024bb379a000 Exception <a 'java/lang/NoSuchMethodError'{0x000000008e3b04f0}: 'int java.lang.invoke.DirectMethodHandle$Holder.invokeInterface(java.lang.Object, java.lang.Object, int)'> (0x000000008e3b04f0) thrown at [./src/hotspot/share/interpreter/linkResolver.cpp, line 773]
Event: 18.486 Thread 0x0000024bb379c800 Exception <a 'java/lang/NoSuchMethodError'{0x000000008e8a4230}: 'java.lang.Object java.lang.invoke.DirectMethodHandle$Holder.invokeSpecial(java.lang.Object, java.lang.Object, java.lang.Object, java.lang.Object, java.lang.Object, java.lang.Object, java.lang.Object, java.lang.Object, java.lang.Object, java.lang.Object, java.lang.Object)'> (0x000000008e8a4230) thrown at [./src/hotspot/share/interpreter/linkResolver.cpp, line 773]
Event: 18.487 Thread 0x0000024bb379c800 Exception <a 'java/lang/NoSuchMethodError'{0x000000008e8afc50}: 'java.lang.Object java.lang.invoke.Invokers$Holder.linkToTargetMethod(java.lang.Object, java.lang.Object, java.lang.Object, java.lang.Object, java.lang.Object, java.lang.Object, java.lang.Object, java.lang.Object, java.lang.Object, java.lang.Object)'> (0x000000008e8afc50) thrown at [./src/hotspot/share/interpreter/linkResolver.cpp, line 773]
Event: 18.506 Thread 0x0000024bb379c800 Exception <a 'java/lang/IncompatibleClassChangeError'{0x000000008e45b7e0}: Found class java.lang.Object, but interface was expected> (0x000000008e45b7e0) thrown at [./src/hotspot/share/interpreter/linkResolver.cpp, line 839]
Event: 18.834 Thread 0x0000024bb379d000 Implicit null exception at 0x0000024b9e1bc7ec to 0x0000024b9e1c1a5c
Event: 19.606 Thread 0x0000024bb379c800 Implicit null exception at 0x0000024b9e1d321b to 0x0000024b9e1d8988
Event: 20.917 Thread 0x0000024bb379a000 Implicit null exception at 0x0000024b9e219f00 to 0x0000024b9e21cee8
Event: 21.129 Thread 0x0000024bb379b800 Exception <a 'java/lang/NoSuchMethodError'{0x0000000093c573a8}: 'void java.lang.invoke.DirectMethodHandle$Holder.invokeSpecial(java.lang.Object, java.lang.Object, int, java.lang.Object, java.lang.Object, java.lang.Object, java.lang.Object)'> (0x0000000093c573a8) thrown at [./src/hotspot/share/interpreter/linkResolver.cpp, line 773]
Event: 21.130 Thread 0x0000024bb379b800 Exception <a 'java/lang/NoSuchMethodError'{0x0000000093c62fa8}: 'java.lang.Object java.lang.invoke.Invokers$Holder.linkToTargetMethod(java.lang.Object, int, java.lang.Object, java.lang.Object, java.lang.Object, java.lang.Object)'> (0x0000000093c62fa8) thrown at [./src/hotspot/share/interpreter/linkResolver.cpp, line 773]
Event: 21.131 Thread 0x0000024bb379b800 Exception <a 'java/lang/NoSuchMethodError'{0x0000000093c67458}: 'void java.lang.invoke.DirectMethodHandle$Holder.invokeSpecial(java.lang.Object, java.lang.Object, java.lang.Object, java.lang.Object, java.lang.Object, java.lang.Object, java.lang.Object, java.lang.Object, java.lang.Object)'> (0x0000000093c67458) thrown at [./src/hotspot/share/interpreter/linkResolver.cpp, line 773]
Event: 21.135 Thread 0x0000024bb379b800 Exception <a 'java/lang/NoSuchMethodError'{0x0000000093201de0}: 'void java.lang.invoke.DirectMethodHandle$Holder.invokeStatic(java.lang.Object, java.lang.Object, java.lang.Object, java.lang.Object, java.lang.Object, java.lang.Object, java.lang.Object, java.lang.Object)'> (0x0000000093201de0) thrown at [./src/hotspot/share/interpreter/linkResolver.cpp, line 773]
Event: 21.276 Thread 0x0000024bb379b800 Exception <a 'java/lang/IncompatibleClassChangeError'{0x000000008eb3cbd0}: Found class java.lang.Object, but interface was expected> (0x000000008eb3cbd0) thrown at [./src/hotspot/share/interpreter/linkResolver.cpp, line 839]

Events (20 events):
Event: 21.349 loading class com/android/tools/r8/internal/Uu done
Event: 21.349 loading class com/android/tools/r8/graph/Y
Event: 21.349 loading class com/android/tools/r8/graph/Y done
Event: 21.349 loading class com/android/tools/r8/internal/Uu
Event: 21.349 loading class com/android/tools/r8/internal/Uu done
Event: 21.350 loading class com/android/tools/r8/internal/Nz
Event: 21.350 loading class com/android/tools/r8/internal/Nz done
Event: 21.350 loading class com/android/tools/r8/internal/Nz
Event: 21.350 loading class com/android/tools/r8/internal/Nz done
Event: 21.350 loading class com/android/tools/r8/dex/m
Event: 21.350 loading class com/android/tools/r8/dex/m done
Event: 21.352 loading class com/android/tools/r8/internal/Gw
Event: 21.352 loading class com/android/tools/r8/internal/Gw done
Event: 21.352 loading class com/android/tools/r8/dex/p
Event: 21.352 loading class com/android/tools/r8/dex/p done
Event: 21.353 loading class com/android/tools/r8/dex/o
Event: 21.353 loading class com/android/tools/r8/dex/o done
Event: 21.353 Executing VM operation: Deoptimize
Event: 21.356 Executing VM operation: Deoptimize done
Event: 21.362 Executing VM operation: G1CollectForAllocation


Dynamic libraries:
0x00007ff7fef00000 - 0x00007ff7fef0a000 	C:\Program Files\Android\Android Studio\jre\bin\java.exe
0x00007ff9559d0000 - 0x00007ff955bbd000 	C:\Windows\SYSTEM32\ntdll.dll
0x00007ff954b80000 - 0x00007ff954c34000 	C:\Windows\System32\KERNEL32.DLL
0x00007ff951ca0000 - 0x00007ff951f34000 	C:\Windows\System32\KERNELBASE.dll
0x00007ff951a40000 - 0x00007ff951b3a000 	C:\Windows\System32\ucrtbase.dll
0x00007ff946150000 - 0x00007ff946169000 	C:\Program Files\Android\Android Studio\jre\bin\jli.dll
0x00007ff9445f0000 - 0x00007ff944607000 	C:\Program Files\Android\Android Studio\jre\bin\VCRUNTIME140.dll
0x00007ff9549e0000 - 0x00007ff954b77000 	C:\Windows\System32\USER32.dll
0x00007ff951bd0000 - 0x00007ff951bf0000 	C:\Windows\System32\win32u.dll
0x00007ff9389e0000 - 0x00007ff938c59000 	C:\Windows\WinSxS\amd64_microsoft.windows.common-controls_6595b64144ccf1df_6.0.17763.2300_none_de6de3f4534e3b8d\COMCTL32.dll
0x00007ff954ca0000 - 0x00007ff954cc9000 	C:\Windows\System32\GDI32.dll
0x00007ff954e20000 - 0x00007ff954ebe000 	C:\Windows\System32\msvcrt.dll
0x00007ff9527e0000 - 0x00007ff95297c000 	C:\Windows\System32\gdi32full.dll
0x00007ff9546b0000 - 0x00007ff9549dd000 	C:\Windows\System32\combase.dll
0x00007ff952740000 - 0x00007ff9527e0000 	C:\Windows\System32\msvcp_win.dll
0x00007ff952d30000 - 0x00007ff952e4f000 	C:\Windows\System32\RPCRT4.dll
0x00007ff951b40000 - 0x00007ff951bc2000 	C:\Windows\System32\bcryptPrimitives.dll
0x00007ff9557a0000 - 0x00007ff9557ce000 	C:\Windows\System32\IMM32.DLL
0x00007ff942940000 - 0x00007ff9429dd000 	C:\Program Files\Android\Android Studio\jre\bin\msvcp140.dll
0x00007ff918da0000 - 0x00007ff91986f000 	C:\Program Files\Android\Android Studio\jre\bin\server\jvm.dll
0x00007ff954d70000 - 0x00007ff954e14000 	C:\Windows\System32\ADVAPI32.dll
0x00007ff952f80000 - 0x00007ff95301e000 	C:\Windows\System32\sechost.dll
0x00007ff953130000 - 0x00007ff953138000 	C:\Windows\System32\PSAPI.DLL
0x00007ff94ac60000 - 0x00007ff94ac69000 	C:\Windows\SYSTEM32\WSOCK32.dll
0x00007ff947040000 - 0x00007ff94704a000 	C:\Windows\SYSTEM32\VERSION.dll
0x00007ff9557d0000 - 0x00007ff95583d000 	C:\Windows\System32\WS2_32.dll
0x00007ff94f580000 - 0x00007ff94f5a4000 	C:\Windows\SYSTEM32\WINMM.dll
0x00007ff94f1b0000 - 0x00007ff94f1dd000 	C:\Windows\SYSTEM32\WINMMBASE.dll
0x00007ff951bf0000 - 0x00007ff951c3a000 	C:\Windows\System32\cfgmgr32.dll
0x00007ff951a20000 - 0x00007ff951a31000 	C:\Windows\System32\kernel.appcore.dll
0x00007ff9441b0000 - 0x00007ff9441c1000 	C:\Program Files\Android\Android Studio\jre\bin\verify.dll
0x00007ff9502e0000 - 0x00007ff9504cd000 	C:\Windows\SYSTEM32\DBGHELP.DLL
0x00007ff937d40000 - 0x00007ff937d6a000 	C:\Windows\SYSTEM32\dbgcore.DLL
0x00007ff941b80000 - 0x00007ff941ba9000 	C:\Program Files\Android\Android Studio\jre\bin\java.dll
0x00007ff949b20000 - 0x00007ff949b2b000 	C:\Program Files\Android\Android Studio\jre\bin\jimage.dll
0x00007ff93ec10000 - 0x00007ff93ec28000 	C:\Program Files\Android\Android Studio\jre\bin\zip.dll
0x00007ff9531b0000 - 0x00007ff9546a9000 	C:\Windows\System32\SHELL32.dll
0x00007ff953080000 - 0x00007ff953128000 	C:\Windows\System32\shcore.dll
0x00007ff951ff0000 - 0x00007ff95273a000 	C:\Windows\System32\windows.storage.dll
0x00007ff951970000 - 0x00007ff951994000 	C:\Windows\System32\profapi.dll
0x00007ff9519c0000 - 0x00007ff951a1d000 	C:\Windows\System32\powrprof.dll
0x00007ff953020000 - 0x00007ff953072000 	C:\Windows\System32\shlwapi.dll
0x00007ff952bb0000 - 0x00007ff952bc7000 	C:\Windows\System32\cryptsp.dll
0x00007ff93ebf0000 - 0x00007ff93ec0a000 	C:\Program Files\Android\Android Studio\jre\bin\net.dll
0x00007ff941a80000 - 0x00007ff941b71000 	C:\Windows\SYSTEM32\WINHTTP.dll
0x00007ff9511c0000 - 0x00007ff951227000 	C:\Windows\system32\mswsock.dll
0x00007ff93ebd0000 - 0x00007ff93ebe4000 	C:\Program Files\Android\Android Studio\jre\bin\nio.dll
0x00007ff942820000 - 0x00007ff942847000 	C:\Users\Komissiya1\.gradle\native\8bec1ad78214c89d9ad589b4d07fe93259594b29d510b10fafb7a158f7737e5d\windows-amd64\native-platform.dll
0x00007ff9340c0000 - 0x00007ff9341fd000 	C:\Users\Komissiya1\.gradle\native\53dbd7edfb1c66fb8903c78663c9afc45aea4f116125fa6feffd364cf09443e8\windows-amd64\native-platform-file-events.dll
0x00007ff9445e0000 - 0x00007ff9445ea000 	C:\Program Files\Android\Android Studio\jre\bin\management.dll
0x00007ff93eaf0000 - 0x00007ff93eafc000 	C:\Program Files\Android\Android Studio\jre\bin\management_ext.dll
0x00007ff950d50000 - 0x00007ff950d83000 	C:\Windows\system32\rsaenh.dll
0x00007ff952b80000 - 0x00007ff952ba6000 	C:\Windows\System32\bcrypt.dll
0x00007ff9518a0000 - 0x00007ff9518c9000 	C:\Windows\SYSTEM32\USERENV.dll
0x00007ff951390000 - 0x00007ff95139c000 	C:\Windows\SYSTEM32\CRYPTBASE.dll
0x00007ff950ee0000 - 0x00007ff950f1d000 	C:\Windows\SYSTEM32\IPHLPAPI.DLL
0x00007ff954f70000 - 0x00007ff954f78000 	C:\Windows\System32\NSI.dll
0x00007ff945da0000 - 0x00007ff945db6000 	C:\Windows\SYSTEM32\dhcpcsvc6.DLL
0x00007ff946d00000 - 0x00007ff946d1c000 	C:\Windows\SYSTEM32\dhcpcsvc.DLL
0x00007ff950f20000 - 0x00007ff950fe6000 	C:\Windows\SYSTEM32\DNSAPI.dll

dbghelp: loaded successfully - version: 4.0.5 - missing functions: none
symbol engine: initialized successfully - sym options: 0x614 - pdb path: .;C:\Program Files\Android\Android Studio\jre\bin;C:\Windows\SYSTEM32;C:\Windows\WinSxS\amd64_microsoft.windows.common-controls_6595b64144ccf1df_6.0.17763.2300_none_de6de3f4534e3b8d;C:\Program Files\Android\Android Studio\jre\bin\server;C:\Users\Komissiya1\.gradle\native\8bec1ad78214c89d9ad589b4d07fe93259594b29d510b10fafb7a158f7737e5d\windows-amd64;C:\Users\Komissiya1\.gradle\native\53dbd7edfb1c66fb8903c78663c9afc45aea4f116125fa6feffd364cf09443e8\windows-amd64

VM Arguments:
jvm_args: --add-opens=java.base/java.util=ALL-UNNAMED --add-opens=java.base/java.lang=ALL-UNNAMED --add-opens=java.base/java.lang.invoke=ALL-UNNAMED --add-opens=java.base/java.util=ALL-UNNAMED --add-opens=java.prefs/java.util.prefs=ALL-UNNAMED --add-opens=java.prefs/java.util.prefs=ALL-UNNAMED --add-opens=java.base/java.nio.charset=ALL-UNNAMED --add-opens=java.base/java.net=ALL-UNNAMED --add-opens=java.base/java.util.concurrent.atomic=ALL-UNNAMED -Xmx2048m -Dfile.encoding=UTF-8 -Duser.country=RU -Duser.language=ru -Duser.variant 
java_command: org.gradle.launcher.daemon.bootstrap.GradleDaemon 7.0.2
java_class_path (initial): C:\Users\Komissiya1\.gradle\wrapper\dists\gradle-7.0.2-bin\857tjihv64xamwrf0h14cai3r\gradle-7.0.2\lib\gradle-launcher-7.0.2.jar
Launcher Type: SUN_STANDARD

[Global flags]
     intx CICompilerCount                          = 4                                         {product} {ergonomic}
     uint ConcGCThreads                            = 2                                         {product} {ergonomic}
     uint G1ConcRefinementThreads                  = 8                                         {product} {ergonomic}
   size_t G1HeapRegionSize                         = 1048576                                   {product} {ergonomic}
    uintx GCDrainStackTargetSize                   = 64                                        {product} {ergonomic}
   size_t InitialHeapSize                          = 130023424                                 {product} {ergonomic}
   size_t MarkStackSize                            = 4194304                                   {product} {ergonomic}
   size_t MaxHeapSize                              = 2147483648                                {product} {command line}
   size_t MaxNewSize                               = 1287651328                                {product} {ergonomic}
   size_t MinHeapDeltaBytes                        = 1048576                                   {product} {ergonomic}
    uintx NonNMethodCodeHeapSize                   = 5836300                                {pd product} {ergonomic}
    uintx NonProfiledCodeHeapSize                  = 122910970                              {pd product} {ergonomic}
    uintx ProfiledCodeHeapSize                     = 122910970                              {pd product} {ergonomic}
    uintx ReservedCodeCacheSize                    = 251658240                              {pd product} {ergonomic}
     bool SegmentedCodeCache                       = true                                      {product} {ergonomic}
     bool UseCompressedClassPointers               = true                                 {lp64_product} {ergonomic}
     bool UseCompressedOops                        = true                                 {lp64_product} {ergonomic}
     bool UseG1GC                                  = true                                      {product} {ergonomic}
     bool UseLargePagesIndividualAllocation        = false                                  {pd product} {ergonomic}

Logging:
Log output configuration:
 #0: stdout all=warning uptime,level,tags
 #1: stderr all=off uptime,level,tags

Environment Variables:
PATH=C:\Program Files (x86)\Common Files\Oracle\Java\javapath;C:\Windows\system32;C:\Windows;C:\Windows\System32\Wbem;C:\Windows\System32\WindowsPowerShell\v1.0\;C:\Windows\System32\OpenSSH\;C:\Program Files\Git\cmd;C:\Users\Komissiya1\AppData\Local\Microsoft\WindowsApps;
USERNAME=Komissiya1
OS=Windows_NT
PROCESSOR_IDENTIFIER=Intel64 Family 6 Model 126 Stepping 5, GenuineIntel



---------------  S Y S T E M  ---------------

OS: Windows 10 , 64 bit Build 17763 (10.0.17763.2300)
OS uptime: 0 days 4:14 hours

CPU:total 8 (initial active 8) (4 cores per cpu, 2 threads per core) family 6 model 126 stepping 5 microcode 0xa0, cmov, cx8, fxsr, mmx, sse, sse2, sse3, ssse3, sse4.1, sse4.2, popcnt, avx, avx2, aes, clmul, erms, 3dnowpref, lzcnt, ht, tsc, tscinvbit, bmi1, bmi2, adx, evex, sha, fma

Memory: 4k page, system-wide physical 7880M (1107M free)
TotalPageFile size 9928M (AvailPageFile size 84M)
current process WorkingSet (physical memory assigned to process): 746M, peak: 760M
current process commit charge ("private bytes"): 831M, peak: 935M

vm_info: OpenJDK 64-Bit Server VM (11.0.10+0-b96-7249189) for windows-amd64 JRE (11.0.10+0-b96-7249189), built on Mar 31 2021 21:44:00 by "builder" with MS VC++ 14.0 (VS2015)

END.
