#
# There is insufficient memory for the Java Runtime Environment to continue.
# Native memory allocation (mmap) failed to map 65011712 bytes for Failed to commit area from 0x0000000093600000 to 0x0000000097400000 of length 65011712.
# Possible reasons:
#   The system is out of physical RAM or swap space
#   The process is running with CompressedOops enabled, and the Java Heap may be blocking the growth of the native heap
# Possible solutions:
#   Reduce memory load on the system
#   Increase physical memory or swap space
#   Check if swap backing store is full
#   Decrease Java heap size (-Xmx/-Xms)
#   Decrease number of Java threads
#   Decrease Java thread stack sizes (-Xss)
#   Set larger code cache with -XX:ReservedCodeCacheSize=
#   JVM is running with Unscaled Compressed Oops mode in which the Java heap is
#     placed in the first 4GB address space. The Java Heap base address is the
#     maximum limit for the native heap growth. Please use -XX:HeapBaseMinAddress
#     to set the Java Heap base and to place the Java Heap above 4GB virtual address.
# This output file may be truncated or incomplete.
#
#  Out of Memory Error (./src/hotspot/os/windows/os_windows.cpp:3301), pid=6228, tid=8456
#
# JRE version: OpenJDK Runtime Environment (11.0.10) (build 11.0.10+0-b96-7249189)
# Java VM: OpenJDK 64-Bit Server VM (11.0.10+0-b96-7249189, mixed mode, tiered, compressed oops, g1 gc, windows-amd64)
# No core dump will be written. Minidumps are not enabled by default on client versions of Windows
#

---------------  S U M M A R Y ------------

Command Line: --add-opens=java.base/java.util=ALL-UNNAMED --add-opens=java.base/java.lang=ALL-UNNAMED --add-opens=java.base/java.lang.invoke=ALL-UNNAMED --add-opens=java.base/java.util=ALL-UNNAMED --add-opens=java.prefs/java.util.prefs=ALL-UNNAMED --add-opens=java.prefs/java.util.prefs=ALL-UNNAMED --add-opens=java.base/java.nio.charset=ALL-UNNAMED --add-opens=java.base/java.net=ALL-UNNAMED --add-opens=java.base/java.util.concurrent.atomic=ALL-UNNAMED -Xmx2048m -Dfile.encoding=UTF-8 -Duser.country=RU -Duser.language=ru -Duser.variant org.gradle.launcher.daemon.bootstrap.GradleDaemon 7.0.2

Host: Intel(R) Core(TM) i5-1035G1 CPU @ 1.00GHz, 8 cores, 7G,  Windows 10 , 64 bit Build 17763 (10.0.17763.2300)
Time: Sun Dec  5 21:20:12 2021 RTZ 4 (ceia) elapsed time: 1319.175622 seconds (0d 0h 21m 59s)

---------------  T H R E A D  ---------------

Current thread (0x00000233e0bf3800):  VMThread "VM Thread" [stack: 0x0000007eccd00000,0x0000007ecce00000] [id=8456]

Stack: [0x0000007eccd00000,0x0000007ecce00000]
[error occurred during error reporting (printing stack bounds), id 0xc0000005, EXCEPTION_ACCESS_VIOLATION (0xc0000005) at pc=0x00000233ca2710e7]

Native frames: (J=compiled Java code, j=interpreted, Vv=VM code, C=native code)
V  [jvm.dll+0x5ecfaa]
V  [jvm.dll+0x722bd5]
V  [jvm.dll+0x72412d]
V  [jvm.dll+0x724745]
V  [jvm.dll+0x7246fb]
V  [jvm.dll+0x5ec348]
V  [jvm.dll+0x5ecad8]
C  [ntdll.dll+0xa4a2f]
C  [ntdll.dll+0x4cef]
C  [ntdll.dll+0xa379e]
C  0x00000233ca2710e7

VM_Operation (0x0000007ed02f8610): G1CollectForAllocation, mode: safepoint, requested by thread 0x00000233e403a800


---------------  P R O C E S S  ---------------

Threads class SMR info:
_java_thread_list=0x00000233ed09b1d0, length=66, elements={
0x00000233c678e800, 0x00000233e0bf5800, 0x00000233e0bf9000, 0x00000233e0c14800,
0x00000233e0c1b000, 0x00000233e0c1c000, 0x00000233e0c1d800, 0x00000233e1567800,
0x00000233e156b000, 0x00000233e16f1800, 0x00000233e2afb800, 0x00000233e2fcf800,
0x00000233e2ed9800, 0x00000233e3a66800, 0x00000233e3a65800, 0x00000233e3a68000,
0x00000233e3741000, 0x00000233e373e000, 0x00000233e3742000, 0x00000233e3744800,
0x00000233e3743000, 0x00000233e3743800, 0x00000233e373f800, 0x00000233e3740800,
0x00000233e4030000, 0x00000233e4033000, 0x00000233e4035000, 0x00000233e4034000,
0x00000233e8eec000, 0x00000233e4e21800, 0x00000233e4e24800, 0x00000233e4e23000,
0x00000233e4e24000, 0x00000233e4e28000, 0x00000233e4e26000, 0x00000233e4e22000,
0x00000233e4e29800, 0x00000233e4e2c000, 0x00000233e4e2a800, 0x00000233e4e28800,
0x00000233e4e2d800, 0x00000233e4e2b000, 0x00000233e4030800, 0x00000233e4031800,
0x00000233e402d800, 0x00000233e402e000, 0x00000233e403a800, 0x00000233e4038000,
0x00000233e4037000, 0x00000233e4039000, 0x00000233e8eed800, 0x00000233e4039800,
0x00000233e403b800, 0x00000233e403c000, 0x00000233e4036800, 0x00000233e4e2c800,
0x00000233e373e800, 0x00000233e3a67000, 0x00000233e8ef1800, 0x00000233e8f54000,
0x00000233e8f55800, 0x00000233e8f56800, 0x00000233e8f59800, 0x00000233e8f5a800,
0x00000233e8f5d000, 0x00000233e8f57800
}

Java Threads: ( => current thread )
  0x00000233c678e800 JavaThread "main" [_thread_blocked, id=4224, stack(0x0000007ecc700000,0x0000007ecc800000)]
  0x00000233e0bf5800 JavaThread "Reference Handler" daemon [_thread_blocked, id=12084, stack(0x0000007ecce00000,0x0000007eccf00000)]
  0x00000233e0bf9000 JavaThread "Finalizer" daemon [_thread_blocked, id=9776, stack(0x0000007eccf00000,0x0000007ecd000000)]
  0x00000233e0c14800 JavaThread "Signal Dispatcher" daemon [_thread_blocked, id=3252, stack(0x0000007ecd000000,0x0000007ecd100000)]
  0x00000233e0c1b000 JavaThread "Attach Listener" daemon [_thread_blocked, id=5232, stack(0x0000007ecd100000,0x0000007ecd200000)]
  0x00000233e0c1c000 JavaThread "Service Thread" daemon [_thread_blocked, id=12280, stack(0x0000007ecd200000,0x0000007ecd300000)]
  0x00000233e0c1d800 JavaThread "C2 CompilerThread0" daemon [_thread_blocked, id=12520, stack(0x0000007ecd300000,0x0000007ecd400000)]
  0x00000233e1567800 JavaThread "C1 CompilerThread0" daemon [_thread_blocked, id=11460, stack(0x0000007ecd400000,0x0000007ecd500000)]
  0x00000233e156b000 JavaThread "Sweeper thread" daemon [_thread_blocked, id=2396, stack(0x0000007ecd500000,0x0000007ecd600000)]
  0x00000233e16f1800 JavaThread "Common-Cleaner" daemon [_thread_blocked, id=6648, stack(0x0000007ecd600000,0x0000007ecd700000)]
  0x00000233e2afb800 JavaThread "Daemon health stats" [_thread_blocked, id=1872, stack(0x0000007ecdb00000,0x0000007ecdc00000)]
  0x00000233e2fcf800 JavaThread "Incoming local TCP Connector on port 14824" [_thread_in_native, id=11740, stack(0x0000007ecd800000,0x0000007ecd900000)]
  0x00000233e2ed9800 JavaThread "Daemon periodic checks" [_thread_blocked, id=1004, stack(0x0000007ecd900000,0x0000007ecda00000)]
  0x00000233e3a66800 JavaThread "Cache worker for file hash cache (C:\Users\Komissiya1\.gradle\caches\7.0.2\fileHashes)" [_thread_blocked, id=7604, stack(0x0000007ecea00000,0x0000007eceb00000)]
  0x00000233e3a65800 JavaThread "File lock request listener" [_thread_in_native, id=6620, stack(0x0000007eceb00000,0x0000007ecec00000)]
  0x00000233e3a68000 JavaThread "Cache worker for journal cache (C:\Users\Komissiya1\.gradle\caches\journal-1)" [_thread_blocked, id=8756, stack(0x0000007eced00000,0x0000007ecee00000)]
  0x00000233e3741000 JavaThread "File watcher server" daemon [_thread_blocked, id=9112, stack(0x0000007ecef00000,0x0000007ecf000000)]
  0x00000233e373e000 JavaThread "File watcher consumer" daemon [_thread_blocked, id=9172, stack(0x0000007ecf000000,0x0000007ecf100000)]
  0x00000233e3742000 JavaThread "jar transforms" [_thread_blocked, id=2984, stack(0x0000007ecf200000,0x0000007ecf300000)]
  0x00000233e3744800 JavaThread "jar transforms Thread 2" [_thread_blocked, id=12780, stack(0x0000007ecf100000,0x0000007ecf200000)]
  0x00000233e3743000 JavaThread "jar transforms Thread 3" [_thread_blocked, id=5804, stack(0x0000007ecf300000,0x0000007ecf400000)]
  0x00000233e3743800 JavaThread "jar transforms Thread 4" [_thread_blocked, id=9960, stack(0x0000007ecf400000,0x0000007ecf500000)]
  0x00000233e373f800 JavaThread "jar transforms Thread 5" [_thread_blocked, id=1988, stack(0x0000007ecf500000,0x0000007ecf600000)]
  0x00000233e3740800 JavaThread "jar transforms Thread 6" [_thread_blocked, id=3244, stack(0x0000007ecf600000,0x0000007ecf700000)]
  0x00000233e4030000 JavaThread "jar transforms Thread 7" [_thread_blocked, id=13124, stack(0x0000007ecf700000,0x0000007ecf800000)]
  0x00000233e4033000 JavaThread "jar transforms Thread 8" [_thread_blocked, id=3284, stack(0x0000007ecf800000,0x0000007ecf900000)]
  0x00000233e4035000 JavaThread "Cache worker for execution history cache (C:\Users\Komissiya1\.gradle\caches\7.0.2\executionHistory)" [_thread_blocked, id=4596, stack(0x0000007ecfc00000,0x0000007ecfd00000)]
  0x00000233e4034000 JavaThread "Cache worker for file content cache (C:\Users\Komissiya1\.gradle\caches\7.0.2\fileContent)" [_thread_blocked, id=9812, stack(0x0000007ecfe00000,0x0000007ecff00000)]
  0x00000233e8eec000 JavaThread "Memory manager" [_thread_blocked, id=6032, stack(0x0000007ecc600000,0x0000007ecc700000)]
  0x00000233e4e21800 JavaThread "Daemon Thread 3" [_thread_blocked, id=12416, stack(0x0000007ecc400000,0x0000007ecc500000)]
  0x00000233e4e24800 JavaThread "Handler for socket connection from /127.0.0.1:14824 to /127.0.0.1:1584" [_thread_in_native, id=4036, stack(0x0000007ecc500000,0x0000007ecc600000)]
  0x00000233e4e23000 JavaThread "Cancel handler" [_thread_blocked, id=12924, stack(0x0000007ecdc00000,0x0000007ecdd00000)]
  0x00000233e4e24000 JavaThread "Daemon worker Thread 3" [_thread_blocked, id=2004, stack(0x0000007ecdd00000,0x0000007ecde00000)]
  0x00000233e4e28000 JavaThread "Asynchronous log dispatcher for DefaultDaemonConnection: socket connection from /127.0.0.1:14824 to /127.0.0.1:1584" [_thread_blocked, id=3596, stack(0x0000007ecde00000,0x0000007ecdf00000)]
  0x00000233e4e26000 JavaThread "Stdin handler" [_thread_blocked, id=10768, stack(0x0000007ecdf00000,0x0000007ece000000)]
  0x00000233e4e22000 JavaThread "Daemon client event forwarder" [_thread_blocked, id=9912, stack(0x0000007ece000000,0x0000007ece100000)]
  0x00000233e4e29800 JavaThread "Cache worker for file hash cache (C:\AndroidProjects\TestApi\.gradle\7.0.2\fileHashes)" [_thread_blocked, id=12900, stack(0x0000007ece100000,0x0000007ece200000)]
  0x00000233e4e2c000 JavaThread "Cache worker for checksums cache (C:\AndroidProjects\TestApi\.gradle\checksums)" [_thread_blocked, id=11564, stack(0x0000007ece200000,0x0000007ece300000)]
  0x00000233e4e2a800 JavaThread "Cache worker for cache directory md-supplier (C:\Users\Komissiya1\.gradle\caches\7.0.2\md-supplier)" [_thread_blocked, id=784, stack(0x0000007ece300000,0x0000007ece400000)]
  0x00000233e4e28800 JavaThread "Cache worker for cache directory md-rule (C:\Users\Komissiya1\.gradle\caches\7.0.2\md-rule)" [_thread_blocked, id=12056, stack(0x0000007ecee00000,0x0000007ecef00000)]
  0x00000233e4e2d800 JavaThread "Cache worker for dependencies-accessors (C:\AndroidProjects\TestApi\.gradle\7.0.2\dependencies-accessors)" [_thread_blocked, id=8328, stack(0x0000007ecf900000,0x0000007ecfa00000)]
  0x00000233e4e2b000 JavaThread "Cache worker for Build Output Cleanup Cache (C:\AndroidProjects\TestApi\.gradle\buildOutputCleanup)" [_thread_blocked, id=12876, stack(0x0000007ecfa00000,0x0000007ecfb00000)]
  0x00000233e4030800 JavaThread "Build operations" [_thread_blocked, id=11268, stack(0x0000007ecfd00000,0x0000007ecfe00000)]
  0x00000233e4031800 JavaThread "Build operations Thread 2" [_thread_blocked, id=9868, stack(0x0000007ecff00000,0x0000007ed0000000)]
  0x00000233e402d800 JavaThread "Build operations Thread 3" [_thread_blocked, id=10868, stack(0x0000007ed0000000,0x0000007ed0100000)]
  0x00000233e402e000 JavaThread "Build operations Thread 4" [_thread_blocked, id=11616, stack(0x0000007ed0100000,0x0000007ed0200000)]
  0x00000233e403a800 JavaThread "Build operations Thread 5" [_thread_blocked, id=13104, stack(0x0000007ed0200000,0x0000007ed0300000)]
  0x00000233e4038000 JavaThread "Build operations Thread 6" [_thread_blocked, id=12628, stack(0x0000007ed0300000,0x0000007ed0400000)]
  0x00000233e4037000 JavaThread "Build operations Thread 7" [_thread_blocked, id=12244, stack(0x0000007ed0400000,0x0000007ed0500000)]
  0x00000233e4039000 JavaThread "Build operations Thread 8" [_thread_blocked, id=10588, stack(0x0000007ed0500000,0x0000007ed0600000)]
  0x00000233e8eed800 JavaThread "Execution worker for ':'" [_thread_blocked, id=6428, stack(0x0000007ed0800000,0x0000007ed0900000)]
  0x00000233e4039800 JavaThread "Execution worker for ':' Thread 2" [_thread_blocked, id=6496, stack(0x0000007ed0900000,0x0000007ed0a00000)]
  0x00000233e403b800 JavaThread "Execution worker for ':' Thread 3" [_thread_blocked, id=12296, stack(0x0000007ed0a00000,0x0000007ed0b00000)]
  0x00000233e403c000 JavaThread "Execution worker for ':' Thread 4" [_thread_blocked, id=9024, stack(0x0000007ed0b00000,0x0000007ed0c00000)]
  0x00000233e4036800 JavaThread "Execution worker for ':' Thread 5" [_thread_blocked, id=12592, stack(0x0000007ed0c00000,0x0000007ed0d00000)]
  0x00000233e4e2c800 JavaThread "Execution worker for ':' Thread 6" [_thread_blocked, id=4040, stack(0x0000007ed0d00000,0x0000007ed0e00000)]
  0x00000233e373e800 JavaThread "Execution worker for ':' Thread 7" [_thread_blocked, id=7392, stack(0x0000007ed0e00000,0x0000007ed0f00000)]
  0x00000233e3a67000 JavaThread "Cache worker for execution history cache (C:\AndroidProjects\TestApi\.gradle\7.0.2\executionHistory)" [_thread_blocked, id=10996, stack(0x0000007ed0f00000,0x0000007ed1000000)]
  0x00000233e8ef1800 JavaThread "pool-9-thread-1" [_thread_blocked, id=12872, stack(0x0000007ed0700000,0x0000007ed0800000)]
  0x00000233e8f54000 JavaThread "stderr" [_thread_in_native, id=1856, stack(0x0000007ed1100000,0x0000007ed1200000)]
  0x00000233e8f55800 JavaThread "stdout" [_thread_in_native, id=6480, stack(0x0000007ed1200000,0x0000007ed1300000)]
  0x00000233e8f56800 JavaThread "stderr" [_thread_in_native, id=8928, stack(0x0000007ed1300000,0x0000007ed1400000)]
  0x00000233e8f59800 JavaThread "stdout" [_thread_in_native, id=12744, stack(0x0000007ed1400000,0x0000007ed1500000)]
  0x00000233e8f5a800 JavaThread "C2 CompilerThread1" daemon [_thread_blocked, id=3276, stack(0x0000007ecfb00000,0x0000007ecfc00000)]
  0x00000233e8f5d000 JavaThread "WorkerExecutor Queue" [_thread_blocked, id=3724, stack(0x0000007ed1500000,0x0000007ed1600000)]
  0x00000233e8f57800 JavaThread "C2 CompilerThread2" daemon [_thread_blocked, id=8356, stack(0x0000007ed0600000,0x0000007ed0700000)]

Other Threads:
=>0x00000233e0bf3800 VMThread "VM Thread" [stack: 0x0000007eccd00000,0x0000007ecce00000] [id=8456]
  0x00000233e1718000 WatcherThread [stack: 0x0000007ecd700000,0x0000007ecd800000] [id=12596]
  0x00000233c67a6000 GCTaskThread "GC Thread#0" [stack: 0x0000007ecc800000,0x0000007ecc900000] [id=8184]
  0x00000233e19eb800 GCTaskThread "GC Thread#1" [stack: 0x0000007ecda00000,0x0000007ecdb00000] [id=1560]
  0x00000233e3ae3800 GCTaskThread "GC Thread#2" [stack: 0x0000007ece400000,0x0000007ece500000] [id=11272]
  0x00000233e493d000 GCTaskThread "GC Thread#3" [stack: 0x0000007ece500000,0x0000007ece600000] [id=6728]
  0x00000233e226f000 GCTaskThread "GC Thread#4" [stack: 0x0000007ece600000,0x0000007ece700000] [id=12512]
  0x00000233e3591000 GCTaskThread "GC Thread#5" [stack: 0x0000007ece700000,0x0000007ece800000] [id=7096]
  0x00000233e3591800 GCTaskThread "GC Thread#6" [stack: 0x0000007ece800000,0x0000007ece900000] [id=9396]
  0x00000233e2b3c800 GCTaskThread "GC Thread#7" [stack: 0x0000007ece900000,0x0000007ecea00000] [id=3472]
  0x00000233c67d9800 ConcurrentGCThread "G1 Main Marker" [stack: 0x0000007ecc900000,0x0000007ecca00000] [id=4852]
  0x00000233c67db000 ConcurrentGCThread "G1 Conc#0" [stack: 0x0000007ecca00000,0x0000007eccb00000] [id=7536]
  0x00000233e3f85800 ConcurrentGCThread "G1 Conc#1" [stack: 0x0000007ecec00000,0x0000007eced00000] [id=12620]
  0x00000233e0a40800 ConcurrentGCThread "G1 Refine#0" [stack: 0x0000007eccb00000,0x0000007eccc00000] [id=6060]
  0x00000233e6c38000 ConcurrentGCThread "G1 Refine#1" [stack: 0x0000007ed1600000,0x0000007ed1700000] [id=4700]
  0x00000233e6c3f000 ConcurrentGCThread "G1 Refine#2" [stack: 0x0000007ed1700000,0x0000007ed1800000] [id=6024]
  0x00000233e0a41800 ConcurrentGCThread "G1 Young RemSet Sampling" [stack: 0x0000007eccc00000,0x0000007eccd00000] [id=928]

Threads with active compile tasks:
C2 CompilerThread01319189 25589       4       com.android.tools.r8.ir.regalloc.b::d (103 bytes)
C1 CompilerThread01319190 26530       3       com.android.tools.r8.internal.F7::b (455 bytes)
C2 CompilerThread11319190 26131       4       com.android.tools.r8.internal.Ah::a (173 bytes)
C2 CompilerThread21319190 26280       4       com.android.tools.r8.internal.X4::a (268 bytes)

VM state:at safepoint (normal execution)

VM Mutex/Monitor currently owned by a thread:  ([mutex/lock_event])
[0x00000233c678b1d0] Threads_lock - owner thread: 0x00000233e0bf3800
[0x00000233c6789a30] Heap_lock - owner thread: 0x00000233e403a800

Heap address: 0x0000000080000000, size: 2048 MB, Compressed Oops mode: 32-bit
Narrow klass base: 0x0000000000000000, Narrow klass shift: 3
Compressed class space size: 1073741824 Address: 0x0000000100000000

Heap:
 garbage-first heap   total 380928K, used 193634K [0x0000000080000000, 0x0000000100000000)
  region size 1024K, 6 young (6144K), 6 survivors (6144K)
 Metaspace       used 135715K, capacity 139582K, committed 139764K, reserved 1171456K
  class space    used 16797K, capacity 18208K, committed 18252K, reserved 1048576K
Heap Regions: E=young(eden), S=young(survivor), O=old, HS=humongous(starts), HC=humongous(continues), CS=collection set, F=free, A=archive, TAMS=top-at-mark-start (previous, next)
|   0|0x0000000080000000, 0x0000000080100000, 0x0000000080100000|100%| O|  |TAMS 0x0000000080100000, 0x0000000080000000| Untracked 
|   1|0x0000000080100000, 0x0000000080200000, 0x0000000080200000|100%| O|  |TAMS 0x0000000080200000, 0x0000000080100000| Untracked 
|   2|0x0000000080200000, 0x0000000080300000, 0x0000000080300000|100%| O|  |TAMS 0x0000000080300000, 0x0000000080200000| Untracked 
|   3|0x0000000080300000, 0x0000000080400000, 0x0000000080400000|100%|HS|  |TAMS 0x0000000080400000, 0x0000000080300000| Complete 
|   4|0x0000000080400000, 0x0000000080500000, 0x0000000080500000|100%|HC|  |TAMS 0x0000000080500000, 0x0000000080400000| Complete 
|   5|0x0000000080500000, 0x0000000080600000, 0x0000000080600000|100%|HC|  |TAMS 0x0000000080600000, 0x0000000080500000| Complete 
|   6|0x0000000080600000, 0x0000000080700000, 0x0000000080700000|100%| O|  |TAMS 0x0000000080700000, 0x0000000080600000| Untracked 
|   7|0x0000000080700000, 0x0000000080800000, 0x0000000080800000|100%| O|  |TAMS 0x0000000080800000, 0x0000000080700000| Untracked 
|   8|0x0000000080800000, 0x0000000080900000, 0x0000000080900000|100%| O|  |TAMS 0x0000000080900000, 0x0000000080800000| Untracked 
|   9|0x0000000080900000, 0x0000000080a00000, 0x0000000080a00000|100%| O|  |TAMS 0x0000000080a00000, 0x0000000080900000| Untracked 
|  10|0x0000000080a00000, 0x0000000080b00000, 0x0000000080b00000|100%| O|  |TAMS 0x0000000080b00000, 0x0000000080a00000| Untracked 
|  11|0x0000000080b00000, 0x0000000080c00000, 0x0000000080c00000|100%| O|  |TAMS 0x0000000080c00000, 0x0000000080b00000| Untracked 
|  12|0x0000000080c00000, 0x0000000080d00000, 0x0000000080d00000|100%| O|  |TAMS 0x0000000080d00000, 0x0000000080c00000| Untracked 
|  13|0x0000000080d00000, 0x0000000080e00000, 0x0000000080e00000|100%| O|  |TAMS 0x0000000080e00000, 0x0000000080d00000| Untracked 
|  14|0x0000000080e00000, 0x0000000080f00000, 0x0000000080f00000|100%| O|  |TAMS 0x0000000080f00000, 0x0000000080e00000| Untracked 
|  15|0x0000000080f00000, 0x0000000081000000, 0x0000000081000000|100%| O|  |TAMS 0x0000000081000000, 0x0000000080f00000| Untracked 
|  16|0x0000000081000000, 0x0000000081100000, 0x0000000081100000|100%|HS|  |TAMS 0x0000000081100000, 0x0000000081000000| Complete 
|  17|0x0000000081100000, 0x0000000081200000, 0x0000000081200000|100%|HC|  |TAMS 0x0000000081200000, 0x0000000081100000| Complete 
|  18|0x0000000081200000, 0x0000000081300000, 0x0000000081300000|100%|HS|  |TAMS 0x0000000081300000, 0x0000000081200000| Complete 
|  19|0x0000000081300000, 0x0000000081400000, 0x0000000081400000|100%|HC|  |TAMS 0x0000000081400000, 0x0000000081300000| Complete 
|  20|0x0000000081400000, 0x0000000081500000, 0x0000000081500000|100%|HC|  |TAMS 0x0000000081500000, 0x0000000081400000| Complete 
|  21|0x0000000081500000, 0x0000000081600000, 0x0000000081600000|100%|HS|  |TAMS 0x0000000081600000, 0x0000000081500000| Complete 
|  22|0x0000000081600000, 0x0000000081700000, 0x0000000081700000|100%|HC|  |TAMS 0x0000000081700000, 0x0000000081600000| Complete 
|  23|0x0000000081700000, 0x0000000081800000, 0x0000000081800000|100%|HC|  |TAMS 0x0000000081800000, 0x0000000081700000| Complete 
|  24|0x0000000081800000, 0x0000000081900000, 0x0000000081900000|100%|HC|  |TAMS 0x0000000081900000, 0x0000000081800000| Complete 
|  25|0x0000000081900000, 0x0000000081a00000, 0x0000000081a00000|100%|HC|  |TAMS 0x0000000081a00000, 0x0000000081900000| Complete 
|  26|0x0000000081a00000, 0x0000000081b00000, 0x0000000081b00000|100%| O|  |TAMS 0x0000000081b00000, 0x0000000081a00000| Untracked 
|  27|0x0000000081b00000, 0x0000000081c00000, 0x0000000081c00000|100%| O|  |TAMS 0x0000000081c00000, 0x0000000081b00000| Untracked 
|  28|0x0000000081c00000, 0x0000000081d00000, 0x0000000081d00000|100%| O|  |TAMS 0x0000000081d00000, 0x0000000081c00000| Untracked 
|  29|0x0000000081d00000, 0x0000000081e00000, 0x0000000081e00000|100%| O|  |TAMS 0x0000000081e00000, 0x0000000081d00000| Untracked 
|  30|0x0000000081e00000, 0x0000000081f00000, 0x0000000081f00000|100%| O|  |TAMS 0x0000000081f00000, 0x0000000081e00000| Untracked 
|  31|0x0000000081f00000, 0x0000000082000000, 0x0000000082000000|100%| O|  |TAMS 0x0000000082000000, 0x0000000081f00000| Untracked 
|  32|0x0000000082000000, 0x0000000082100000, 0x0000000082100000|100%| O|  |TAMS 0x0000000082100000, 0x0000000082000000| Untracked 
|  33|0x0000000082100000, 0x0000000082200000, 0x0000000082200000|100%| O|  |TAMS 0x0000000082200000, 0x0000000082100000| Untracked 
|  34|0x0000000082200000, 0x0000000082248400, 0x0000000082300000| 28%| O|  |TAMS 0x0000000082200000, 0x0000000082200000| Untracked 
|  35|0x0000000082300000, 0x0000000082400000, 0x0000000082400000|100%| O|  |TAMS 0x0000000082400000, 0x0000000082300000| Untracked 
|  36|0x0000000082400000, 0x0000000082500000, 0x0000000082500000|100%| O|  |TAMS 0x0000000082500000, 0x0000000082400000| Untracked 
|  37|0x0000000082500000, 0x0000000082600000, 0x0000000082600000|100%| O|  |TAMS 0x0000000082600000, 0x0000000082500000| Untracked 
|  38|0x0000000082600000, 0x0000000082700000, 0x0000000082700000|100%| O|  |TAMS 0x0000000082700000, 0x0000000082600000| Untracked 
|  39|0x0000000082700000, 0x0000000082800000, 0x0000000082800000|100%| O|  |TAMS 0x0000000082800000, 0x0000000082700000| Untracked 
|  40|0x0000000082800000, 0x0000000082900000, 0x0000000082900000|100%| O|  |TAMS 0x0000000082900000, 0x0000000082800000| Untracked 
|  41|0x0000000082900000, 0x0000000082a00000, 0x0000000082a00000|100%| O|  |TAMS 0x0000000082a00000, 0x0000000082900000| Untracked 
|  42|0x0000000082a00000, 0x0000000082b00000, 0x0000000082b00000|100%| O|  |TAMS 0x0000000082b00000, 0x0000000082a00000| Untracked 
|  43|0x0000000082b00000, 0x0000000082b00000, 0x0000000082c00000|  0%| F|  |TAMS 0x0000000082b00000, 0x0000000082b00000| Untracked 
|  44|0x0000000082c00000, 0x0000000082d00000, 0x0000000082d00000|100%| O|  |TAMS 0x0000000082d00000, 0x0000000082c00000| Untracked 
|  45|0x0000000082d00000, 0x0000000082e00000, 0x0000000082e00000|100%| O|  |TAMS 0x0000000082e00000, 0x0000000082d00000| Untracked 
|  46|0x0000000082e00000, 0x0000000082f00000, 0x0000000082f00000|100%|HS|  |TAMS 0x0000000082f00000, 0x0000000082e00000| Complete 
|  47|0x0000000082f00000, 0x0000000083000000, 0x0000000083000000|100%|HC|  |TAMS 0x0000000083000000, 0x0000000082f00000| Complete 
|  48|0x0000000083000000, 0x0000000083100000, 0x0000000083100000|100%|HC|  |TAMS 0x0000000083100000, 0x0000000083000000| Complete 
|  49|0x0000000083100000, 0x0000000083200000, 0x0000000083200000|100%|HC|  |TAMS 0x0000000083200000, 0x0000000083100000| Complete 
|  50|0x0000000083200000, 0x0000000083300000, 0x0000000083300000|100%|HC|  |TAMS 0x0000000083300000, 0x0000000083200000| Complete 
|  51|0x0000000083300000, 0x0000000083400000, 0x0000000083400000|100%| O|  |TAMS 0x0000000083400000, 0x0000000083300000| Untracked 
|  52|0x0000000083400000, 0x0000000083500000, 0x0000000083500000|100%|HS|  |TAMS 0x0000000083500000, 0x0000000083400000| Complete 
|  53|0x0000000083500000, 0x0000000083600000, 0x0000000083600000|100%|HC|  |TAMS 0x0000000083600000, 0x0000000083500000| Complete 
|  54|0x0000000083600000, 0x0000000083700000, 0x0000000083700000|100%|HC|  |TAMS 0x0000000083700000, 0x0000000083600000| Complete 
|  55|0x0000000083700000, 0x0000000083700000, 0x0000000083800000|  0%| F|  |TAMS 0x0000000083700000, 0x0000000083700000| Untracked 
|  56|0x0000000083800000, 0x0000000083900000, 0x0000000083900000|100%| O|  |TAMS 0x0000000083900000, 0x0000000083800000| Untracked 
|  57|0x0000000083900000, 0x0000000083a00000, 0x0000000083a00000|100%| O|  |TAMS 0x0000000083a00000, 0x0000000083900000| Untracked 
|  58|0x0000000083a00000, 0x0000000083b00000, 0x0000000083b00000|100%| O|  |TAMS 0x0000000083b00000, 0x0000000083a00000| Untracked 
|  59|0x0000000083b00000, 0x0000000083c00000, 0x0000000083c00000|100%| O|  |TAMS 0x0000000083c00000, 0x0000000083b00000| Untracked 
|  60|0x0000000083c00000, 0x0000000083d00000, 0x0000000083d00000|100%| O|  |TAMS 0x0000000083d00000, 0x0000000083c00000| Untracked 
|  61|0x0000000083d00000, 0x0000000083e00000, 0x0000000083e00000|100%| O|  |TAMS 0x0000000083e00000, 0x0000000083d00000| Untracked 
|  62|0x0000000083e00000, 0x0000000083f00000, 0x0000000083f00000|100%| O|  |TAMS 0x0000000083f00000, 0x0000000083e00000| Untracked 
|  63|0x0000000083f00000, 0x0000000084000000, 0x0000000084000000|100%| O|  |TAMS 0x0000000084000000, 0x0000000083f00000| Untracked 
|  64|0x0000000084000000, 0x0000000084100000, 0x0000000084100000|100%| O|  |TAMS 0x0000000084100000, 0x0000000084000000| Untracked 
|  65|0x0000000084100000, 0x0000000084200000, 0x0000000084200000|100%| O|  |TAMS 0x0000000084200000, 0x0000000084100000| Untracked 
|  66|0x0000000084200000, 0x0000000084300000, 0x0000000084300000|100%| O|  |TAMS 0x0000000084300000, 0x0000000084200000| Untracked 
|  67|0x0000000084300000, 0x0000000084400000, 0x0000000084400000|100%| O|  |TAMS 0x0000000084400000, 0x0000000084300000| Untracked 
|  68|0x0000000084400000, 0x0000000084500000, 0x0000000084500000|100%| O|  |TAMS 0x0000000084500000, 0x0000000084400000| Untracked 
|  69|0x0000000084500000, 0x0000000084600000, 0x0000000084600000|100%| O|  |TAMS 0x0000000084600000, 0x0000000084500000| Untracked 
|  70|0x0000000084600000, 0x0000000084700000, 0x0000000084700000|100%| O|  |TAMS 0x0000000084700000, 0x0000000084600000| Untracked 
|  71|0x0000000084700000, 0x0000000084800000, 0x0000000084800000|100%| O|  |TAMS 0x0000000084800000, 0x0000000084700000| Untracked 
|  72|0x0000000084800000, 0x0000000084900000, 0x0000000084900000|100%| O|  |TAMS 0x0000000084900000, 0x0000000084800000| Untracked 
|  73|0x0000000084900000, 0x0000000084a00000, 0x0000000084a00000|100%|HS|  |TAMS 0x0000000084a00000, 0x0000000084900000| Complete 
|  74|0x0000000084a00000, 0x0000000084b00000, 0x0000000084b00000|100%|HS|  |TAMS 0x0000000084b00000, 0x0000000084a00000| Complete 
|  75|0x0000000084b00000, 0x0000000084c00000, 0x0000000084c00000|100%|HS|  |TAMS 0x0000000084c00000, 0x0000000084b00000| Complete 
|  76|0x0000000084c00000, 0x0000000084d00000, 0x0000000084d00000|100%|HC|  |TAMS 0x0000000084d00000, 0x0000000084c00000| Complete 
|  77|0x0000000084d00000, 0x0000000084e00000, 0x0000000084e00000|100%| O|  |TAMS 0x0000000084e00000, 0x0000000084d00000| Untracked 
|  78|0x0000000084e00000, 0x0000000084f00000, 0x0000000084f00000|100%| O|  |TAMS 0x0000000084f00000, 0x0000000084e00000| Untracked 
|  79|0x0000000084f00000, 0x0000000084f00000, 0x0000000085000000|  0%| F|  |TAMS 0x0000000084f00000, 0x0000000084f00000| Untracked 
|  80|0x0000000085000000, 0x0000000085100000, 0x0000000085100000|100%| O|  |TAMS 0x0000000085100000, 0x0000000085000000| Untracked 
|  81|0x0000000085100000, 0x0000000085200000, 0x0000000085200000|100%| O|  |TAMS 0x0000000085200000, 0x0000000085100000| Untracked 
|  82|0x0000000085200000, 0x0000000085300000, 0x0000000085300000|100%| O|  |TAMS 0x0000000085300000, 0x0000000085200000| Untracked 
|  83|0x0000000085300000, 0x0000000085400000, 0x0000000085400000|100%| O|  |TAMS 0x0000000085400000, 0x0000000085300000| Untracked 
|  84|0x0000000085400000, 0x0000000085500000, 0x0000000085500000|100%| O|  |TAMS 0x0000000085500000, 0x0000000085400000| Untracked 
|  85|0x0000000085500000, 0x0000000085600000, 0x0000000085600000|100%| O|  |TAMS 0x0000000085600000, 0x0000000085500000| Untracked 
|  86|0x0000000085600000, 0x0000000085700000, 0x0000000085700000|100%| O|  |TAMS 0x0000000085700000, 0x0000000085600000| Untracked 
|  87|0x0000000085700000, 0x0000000085800000, 0x0000000085800000|100%| O|  |TAMS 0x0000000085800000, 0x0000000085700000| Untracked 
|  88|0x0000000085800000, 0x0000000085900000, 0x0000000085900000|100%| O|  |TAMS 0x0000000085900000, 0x0000000085800000| Untracked 
|  89|0x0000000085900000, 0x0000000085a00000, 0x0000000085a00000|100%| O|  |TAMS 0x0000000085a00000, 0x0000000085900000| Untracked 
|  90|0x0000000085a00000, 0x0000000085b00000, 0x0000000085b00000|100%| O|  |TAMS 0x0000000085b00000, 0x0000000085a00000| Untracked 
|  91|0x0000000085b00000, 0x0000000085c00000, 0x0000000085c00000|100%| O|  |TAMS 0x0000000085c00000, 0x0000000085b00000| Untracked 
|  92|0x0000000085c00000, 0x0000000085d00000, 0x0000000085d00000|100%| O|  |TAMS 0x0000000085d00000, 0x0000000085c00000| Untracked 
|  93|0x0000000085d00000, 0x0000000085e00000, 0x0000000085e00000|100%| O|  |TAMS 0x0000000085e00000, 0x0000000085d00000| Untracked 
|  94|0x0000000085e00000, 0x0000000085f00000, 0x0000000085f00000|100%| O|  |TAMS 0x0000000085f00000, 0x0000000085e00000| Untracked 
|  95|0x0000000085f00000, 0x0000000086000000, 0x0000000086000000|100%| O|  |TAMS 0x0000000086000000, 0x0000000085f00000| Untracked 
|  96|0x0000000086000000, 0x0000000086100000, 0x0000000086100000|100%| O|  |TAMS 0x0000000086100000, 0x0000000086000000| Untracked 
|  97|0x0000000086100000, 0x0000000086200000, 0x0000000086200000|100%| O|  |TAMS 0x0000000086200000, 0x0000000086100000| Untracked 
|  98|0x0000000086200000, 0x0000000086300000, 0x0000000086300000|100%| O|  |TAMS 0x0000000086300000, 0x0000000086200000| Untracked 
|  99|0x0000000086300000, 0x0000000086400000, 0x0000000086400000|100%| O|  |TAMS 0x0000000086400000, 0x0000000086300000| Untracked 
| 100|0x0000000086400000, 0x0000000086500000, 0x0000000086500000|100%| O|  |TAMS 0x0000000086500000, 0x0000000086400000| Untracked 
| 101|0x0000000086500000, 0x0000000086600000, 0x0000000086600000|100%| O|  |TAMS 0x0000000086600000, 0x0000000086500000| Untracked 
| 102|0x0000000086600000, 0x0000000086700000, 0x0000000086700000|100%| O|  |TAMS 0x0000000086700000, 0x0000000086600000| Untracked 
| 103|0x0000000086700000, 0x0000000086800000, 0x0000000086800000|100%| O|  |TAMS 0x0000000086800000, 0x0000000086700000| Untracked 
| 104|0x0000000086800000, 0x0000000086900000, 0x0000000086900000|100%| O|  |TAMS 0x0000000086900000, 0x0000000086800000| Untracked 
| 105|0x0000000086900000, 0x0000000086a00000, 0x0000000086a00000|100%| O|  |TAMS 0x0000000086a00000, 0x0000000086900000| Untracked 
| 106|0x0000000086a00000, 0x0000000086b00000, 0x0000000086b00000|100%| O|  |TAMS 0x0000000086b00000, 0x0000000086a00000| Untracked 
| 107|0x0000000086b00000, 0x0000000086c00000, 0x0000000086c00000|100%| O|  |TAMS 0x0000000086c00000, 0x0000000086b00000| Untracked 
| 108|0x0000000086c00000, 0x0000000086d00000, 0x0000000086d00000|100%| O|  |TAMS 0x0000000086d00000, 0x0000000086c00000| Untracked 
| 109|0x0000000086d00000, 0x0000000086e00000, 0x0000000086e00000|100%| O|  |TAMS 0x0000000086e00000, 0x0000000086d00000| Untracked 
| 110|0x0000000086e00000, 0x0000000086f00000, 0x0000000086f00000|100%| O|  |TAMS 0x0000000086f00000, 0x0000000086e00000| Untracked 
| 111|0x0000000086f00000, 0x0000000087000000, 0x0000000087000000|100%| O|  |TAMS 0x0000000087000000, 0x0000000086f00000| Untracked 
| 112|0x0000000087000000, 0x0000000087100000, 0x0000000087100000|100%| O|  |TAMS 0x0000000087100000, 0x0000000087000000| Untracked 
| 113|0x0000000087100000, 0x0000000087200000, 0x0000000087200000|100%| O|  |TAMS 0x0000000087200000, 0x0000000087100000| Untracked 
| 114|0x0000000087200000, 0x0000000087300000, 0x0000000087300000|100%| O|  |TAMS 0x0000000087300000, 0x0000000087200000| Untracked 
| 115|0x0000000087300000, 0x0000000087400000, 0x0000000087400000|100%| O|  |TAMS 0x0000000087400000, 0x0000000087300000| Untracked 
| 116|0x0000000087400000, 0x0000000087500000, 0x0000000087500000|100%| O|  |TAMS 0x0000000087500000, 0x0000000087400000| Untracked 
| 117|0x0000000087500000, 0x0000000087600000, 0x0000000087600000|100%| O|  |TAMS 0x0000000087600000, 0x0000000087500000| Untracked 
| 118|0x0000000087600000, 0x0000000087700000, 0x0000000087700000|100%| O|  |TAMS 0x0000000087700000, 0x0000000087600000| Untracked 
| 119|0x0000000087700000, 0x0000000087800000, 0x0000000087800000|100%| O|  |TAMS 0x0000000087800000, 0x0000000087700000| Untracked 
| 120|0x0000000087800000, 0x0000000087900000, 0x0000000087900000|100%| O|  |TAMS 0x0000000087900000, 0x0000000087800000| Untracked 
| 121|0x0000000087900000, 0x0000000087a00000, 0x0000000087a00000|100%| O|  |TAMS 0x0000000087a00000, 0x0000000087900000| Untracked 
| 122|0x0000000087a00000, 0x0000000087b00000, 0x0000000087b00000|100%| O|  |TAMS 0x0000000087b00000, 0x0000000087a00000| Untracked 
| 123|0x0000000087b00000, 0x0000000087c00000, 0x0000000087c00000|100%| O|  |TAMS 0x0000000087c00000, 0x0000000087b00000| Untracked 
| 124|0x0000000087c00000, 0x0000000087d00000, 0x0000000087d00000|100%| O|  |TAMS 0x0000000087d00000, 0x0000000087c00000| Untracked 
| 125|0x0000000087d00000, 0x0000000087e00000, 0x0000000087e00000|100%| O|  |TAMS 0x0000000087e00000, 0x0000000087d00000| Untracked 
| 126|0x0000000087e00000, 0x0000000087f00000, 0x0000000087f00000|100%| O|  |TAMS 0x0000000087f00000, 0x0000000087e00000| Untracked 
| 127|0x0000000087f00000, 0x0000000088000000, 0x0000000088000000|100%| O|  |TAMS 0x0000000088000000, 0x0000000087f00000| Untracked 
| 128|0x0000000088000000, 0x0000000088100000, 0x0000000088100000|100%| O|  |TAMS 0x0000000088100000, 0x0000000088000000| Untracked 
| 129|0x0000000088100000, 0x0000000088200000, 0x0000000088200000|100%| O|  |TAMS 0x0000000088200000, 0x0000000088100000| Untracked 
| 130|0x0000000088200000, 0x0000000088300000, 0x0000000088300000|100%| O|  |TAMS 0x0000000088300000, 0x0000000088200000| Untracked 
| 131|0x0000000088300000, 0x0000000088400000, 0x0000000088400000|100%| O|  |TAMS 0x0000000088400000, 0x0000000088300000| Untracked 
| 132|0x0000000088400000, 0x0000000088500000, 0x0000000088500000|100%| O|  |TAMS 0x0000000088500000, 0x0000000088400000| Untracked 
| 133|0x0000000088500000, 0x0000000088600000, 0x0000000088600000|100%| O|  |TAMS 0x0000000088600000, 0x0000000088500000| Untracked 
| 134|0x0000000088600000, 0x0000000088700000, 0x0000000088700000|100%| O|  |TAMS 0x0000000088700000, 0x0000000088600000| Untracked 
| 135|0x0000000088700000, 0x0000000088800000, 0x0000000088800000|100%| O|  |TAMS 0x0000000088800000, 0x0000000088700000| Untracked 
| 136|0x0000000088800000, 0x0000000088900000, 0x0000000088900000|100%| O|  |TAMS 0x0000000088900000, 0x0000000088800000| Untracked 
| 137|0x0000000088900000, 0x0000000088a00000, 0x0000000088a00000|100%| O|  |TAMS 0x0000000088a00000, 0x0000000088900000| Untracked 
| 138|0x0000000088a00000, 0x0000000088b00000, 0x0000000088b00000|100%| O|  |TAMS 0x0000000088b00000, 0x0000000088a00000| Untracked 
| 139|0x0000000088b00000, 0x0000000088c00000, 0x0000000088c00000|100%| O|  |TAMS 0x0000000088c00000, 0x0000000088b00000| Untracked 
| 140|0x0000000088c00000, 0x0000000088d00000, 0x0000000088d00000|100%| O|  |TAMS 0x0000000088d00000, 0x0000000088c00000| Untracked 
| 141|0x0000000088d00000, 0x0000000088e00000, 0x0000000088e00000|100%| O|  |TAMS 0x0000000088e00000, 0x0000000088d00000| Untracked 
| 142|0x0000000088e00000, 0x0000000088f00000, 0x0000000088f00000|100%| O|  |TAMS 0x0000000088f00000, 0x0000000088e00000| Untracked 
| 143|0x0000000088f00000, 0x0000000089000000, 0x0000000089000000|100%| O|  |TAMS 0x0000000089000000, 0x0000000088f00000| Untracked 
| 144|0x0000000089000000, 0x0000000089100000, 0x0000000089100000|100%| O|  |TAMS 0x0000000089100000, 0x0000000089000000| Untracked 
| 145|0x0000000089100000, 0x0000000089200000, 0x0000000089200000|100%| O|  |TAMS 0x0000000089200000, 0x0000000089100000| Untracked 
| 146|0x0000000089200000, 0x0000000089300000, 0x0000000089300000|100%| O|  |TAMS 0x0000000089300000, 0x0000000089200000| Untracked 
| 147|0x0000000089300000, 0x0000000089400000, 0x0000000089400000|100%| O|  |TAMS 0x0000000089400000, 0x0000000089300000| Untracked 
| 148|0x0000000089400000, 0x0000000089500000, 0x0000000089500000|100%| O|  |TAMS 0x0000000089500000, 0x0000000089400000| Untracked 
| 149|0x0000000089500000, 0x0000000089600000, 0x0000000089600000|100%| O|  |TAMS 0x0000000089600000, 0x0000000089500000| Untracked 
| 150|0x0000000089600000, 0x0000000089700000, 0x0000000089700000|100%| O|  |TAMS 0x0000000089700000, 0x0000000089600000| Untracked 
| 151|0x0000000089700000, 0x0000000089800000, 0x0000000089800000|100%| O|  |TAMS 0x0000000089800000, 0x0000000089700000| Untracked 
| 152|0x0000000089800000, 0x0000000089900000, 0x0000000089900000|100%| O|  |TAMS 0x0000000089900000, 0x0000000089800000| Untracked 
| 153|0x0000000089900000, 0x0000000089a00000, 0x0000000089a00000|100%| O|  |TAMS 0x0000000089a00000, 0x0000000089900000| Untracked 
| 154|0x0000000089a00000, 0x0000000089b00000, 0x0000000089b00000|100%| O|  |TAMS 0x0000000089b00000, 0x0000000089a00000| Untracked 
| 155|0x0000000089b00000, 0x0000000089c00000, 0x0000000089c00000|100%| O|  |TAMS 0x0000000089c00000, 0x0000000089b00000| Untracked 
| 156|0x0000000089c00000, 0x0000000089d00000, 0x0000000089d00000|100%| O|  |TAMS 0x0000000089d00000, 0x0000000089c00000| Untracked 
| 157|0x0000000089d00000, 0x0000000089e00000, 0x0000000089e00000|100%| O|  |TAMS 0x0000000089e00000, 0x0000000089d00000| Untracked 
| 158|0x0000000089e00000, 0x0000000089f00000, 0x0000000089f00000|100%| O|  |TAMS 0x0000000089f00000, 0x0000000089e00000| Untracked 
| 159|0x0000000089f00000, 0x000000008a000000, 0x000000008a000000|100%| O|  |TAMS 0x000000008a000000, 0x0000000089f00000| Untracked 
| 160|0x000000008a000000, 0x000000008a100000, 0x000000008a100000|100%| O|  |TAMS 0x000000008a100000, 0x000000008a000000| Untracked 
| 161|0x000000008a100000, 0x000000008a100000, 0x000000008a200000|  0%| F|  |TAMS 0x000000008a100000, 0x000000008a100000| Untracked 
| 162|0x000000008a200000, 0x000000008a300000, 0x000000008a300000|100%| O|  |TAMS 0x000000008a300000, 0x000000008a200000| Untracked 
| 163|0x000000008a300000, 0x000000008a400000, 0x000000008a400000|100%| O|  |TAMS 0x000000008a400000, 0x000000008a300000| Untracked 
| 164|0x000000008a400000, 0x000000008a500000, 0x000000008a500000|100%| O|  |TAMS 0x000000008a500000, 0x000000008a400000| Untracked 
| 165|0x000000008a500000, 0x000000008a600000, 0x000000008a600000|100%| O|  |TAMS 0x000000008a600000, 0x000000008a500000| Untracked 
| 166|0x000000008a600000, 0x000000008a700000, 0x000000008a700000|100%| O|  |TAMS 0x000000008a700000, 0x000000008a600000| Untracked 
| 167|0x000000008a700000, 0x000000008a800000, 0x000000008a800000|100%| O|  |TAMS 0x000000008a800000, 0x000000008a700000| Untracked 
| 168|0x000000008a800000, 0x000000008a900000, 0x000000008a900000|100%| O|  |TAMS 0x000000008a900000, 0x000000008a800000| Untracked 
| 169|0x000000008a900000, 0x000000008aa00000, 0x000000008aa00000|100%| O|  |TAMS 0x000000008aa00000, 0x000000008a900000| Untracked 
| 170|0x000000008aa00000, 0x000000008ab00000, 0x000000008ab00000|100%| O|  |TAMS 0x000000008ab00000, 0x000000008aa00000| Untracked 
| 171|0x000000008ab00000, 0x000000008ac00000, 0x000000008ac00000|100%| O|  |TAMS 0x000000008ac00000, 0x000000008ab00000| Untracked 
| 172|0x000000008ac00000, 0x000000008ad00000, 0x000000008ad00000|100%| O|  |TAMS 0x000000008ad00000, 0x000000008ac00000| Untracked 
| 173|0x000000008ad00000, 0x000000008ae00000, 0x000000008ae00000|100%| O|  |TAMS 0x000000008ae00000, 0x000000008ad00000| Untracked 
| 174|0x000000008ae00000, 0x000000008af00000, 0x000000008af00000|100%| O|  |TAMS 0x000000008af00000, 0x000000008ae00000| Untracked 
| 175|0x000000008af00000, 0x000000008b000000, 0x000000008b000000|100%| O|  |TAMS 0x000000008b000000, 0x000000008af00000| Untracked 
| 176|0x000000008b000000, 0x000000008b100000, 0x000000008b100000|100%| O|  |TAMS 0x000000008b100000, 0x000000008b000000| Untracked 
| 177|0x000000008b100000, 0x000000008b200000, 0x000000008b200000|100%| O|  |TAMS 0x000000008b200000, 0x000000008b100000| Untracked 
| 178|0x000000008b200000, 0x000000008b300000, 0x000000008b300000|100%| O|  |TAMS 0x000000008b300000, 0x000000008b200000| Untracked 
| 179|0x000000008b300000, 0x000000008b400000, 0x000000008b400000|100%| O|  |TAMS 0x000000008b400000, 0x000000008b300000| Untracked 
| 180|0x000000008b400000, 0x000000008b500000, 0x000000008b500000|100%| O|  |TAMS 0x000000008b500000, 0x000000008b400000| Untracked 
| 181|0x000000008b500000, 0x000000008b600000, 0x000000008b600000|100%| O|  |TAMS 0x000000008b600000, 0x000000008b500000| Untracked 
| 182|0x000000008b600000, 0x000000008b700000, 0x000000008b700000|100%| O|  |TAMS 0x000000008b700000, 0x000000008b600000| Untracked 
| 183|0x000000008b700000, 0x000000008b800000, 0x000000008b800000|100%| O|  |TAMS 0x000000008b800000, 0x000000008b700000| Untracked 
| 184|0x000000008b800000, 0x000000008b900000, 0x000000008b900000|100%| O|  |TAMS 0x000000008b900000, 0x000000008b800000| Untracked 
| 185|0x000000008b900000, 0x000000008ba00000, 0x000000008ba00000|100%| O|  |TAMS 0x000000008ba00000, 0x000000008b900000| Untracked 
| 186|0x000000008ba00000, 0x000000008bb00000, 0x000000008bb00000|100%| O|  |TAMS 0x000000008bb00000, 0x000000008ba00000| Untracked 
| 187|0x000000008bb00000, 0x000000008bc00000, 0x000000008bc00000|100%| O|  |TAMS 0x000000008bbc7600, 0x000000008bb00000| Untracked 
| 188|0x000000008bc00000, 0x000000008bc00000, 0x000000008bd00000|  0%| F|  |TAMS 0x000000008bc00000, 0x000000008bc00000| Untracked 
| 189|0x000000008bd00000, 0x000000008bd00000, 0x000000008be00000|  0%| F|  |TAMS 0x000000008bd00000, 0x000000008bd00000| Untracked 
| 190|0x000000008be00000, 0x000000008be00000, 0x000000008bf00000|  0%| F|  |TAMS 0x000000008be00000, 0x000000008be00000| Untracked 
| 191|0x000000008bf00000, 0x000000008bf00000, 0x000000008c000000|  0%| F|  |TAMS 0x000000008bf00000, 0x000000008bf00000| Untracked 
| 192|0x000000008c000000, 0x000000008c000000, 0x000000008c100000|  0%| F|  |TAMS 0x000000008c000000, 0x000000008c000000| Untracked 
| 193|0x000000008c100000, 0x000000008c100000, 0x000000008c200000|  0%| F|  |TAMS 0x000000008c100000, 0x000000008c100000| Untracked 
| 194|0x000000008c200000, 0x000000008c200000, 0x000000008c300000|  0%| F|  |TAMS 0x000000008c200000, 0x000000008c200000| Untracked 
| 195|0x000000008c300000, 0x000000008c300000, 0x000000008c400000|  0%| F|  |TAMS 0x000000008c300000, 0x000000008c300000| Untracked 
| 196|0x000000008c400000, 0x000000008c400000, 0x000000008c500000|  0%| F|  |TAMS 0x000000008c400000, 0x000000008c400000| Untracked 
| 197|0x000000008c500000, 0x000000008c500000, 0x000000008c600000|  0%| F|  |TAMS 0x000000008c500000, 0x000000008c500000| Untracked 
| 198|0x000000008c600000, 0x000000008c600000, 0x000000008c700000|  0%| F|  |TAMS 0x000000008c600000, 0x000000008c600000| Untracked 
| 199|0x000000008c700000, 0x000000008c700000, 0x000000008c800000|  0%| F|  |TAMS 0x000000008c700000, 0x000000008c700000| Untracked 
| 200|0x000000008c800000, 0x000000008c800000, 0x000000008c900000|  0%| F|  |TAMS 0x000000008c800000, 0x000000008c800000| Untracked 
| 201|0x000000008c900000, 0x000000008c900000, 0x000000008ca00000|  0%| F|  |TAMS 0x000000008c900000, 0x000000008c900000| Untracked 
| 202|0x000000008ca00000, 0x000000008ca00000, 0x000000008cb00000|  0%| F|  |TAMS 0x000000008ca00000, 0x000000008ca00000| Untracked 
| 203|0x000000008cb00000, 0x000000008cb00000, 0x000000008cc00000|  0%| F|  |TAMS 0x000000008cb00000, 0x000000008cb00000| Untracked 
| 204|0x000000008cc00000, 0x000000008cc00000, 0x000000008cd00000|  0%| F|  |TAMS 0x000000008cc00000, 0x000000008cc00000| Untracked 
| 205|0x000000008cd00000, 0x000000008cd00000, 0x000000008ce00000|  0%| F|  |TAMS 0x000000008cd00000, 0x000000008cd00000| Untracked 
| 206|0x000000008ce00000, 0x000000008ce00000, 0x000000008cf00000|  0%| F|  |TAMS 0x000000008ce00000, 0x000000008ce00000| Untracked 
| 207|0x000000008cf00000, 0x000000008cf00000, 0x000000008d000000|  0%| F|  |TAMS 0x000000008cf00000, 0x000000008cf00000| Untracked 
| 208|0x000000008d000000, 0x000000008d000000, 0x000000008d100000|  0%| F|  |TAMS 0x000000008d000000, 0x000000008d000000| Untracked 
| 209|0x000000008d100000, 0x000000008d100000, 0x000000008d200000|  0%| F|  |TAMS 0x000000008d100000, 0x000000008d100000| Untracked 
| 210|0x000000008d200000, 0x000000008d200000, 0x000000008d300000|  0%| F|  |TAMS 0x000000008d200000, 0x000000008d200000| Untracked 
| 211|0x000000008d300000, 0x000000008d300000, 0x000000008d400000|  0%| F|  |TAMS 0x000000008d300000, 0x000000008d300000| Untracked 
| 212|0x000000008d400000, 0x000000008d400000, 0x000000008d500000|  0%| F|  |TAMS 0x000000008d400000, 0x000000008d400000| Untracked 
| 213|0x000000008d500000, 0x000000008d500000, 0x000000008d600000|  0%| F|  |TAMS 0x000000008d500000, 0x000000008d500000| Untracked 
| 214|0x000000008d600000, 0x000000008d600000, 0x000000008d700000|  0%| F|  |TAMS 0x000000008d600000, 0x000000008d600000| Untracked 
| 215|0x000000008d700000, 0x000000008d700000, 0x000000008d800000|  0%| F|  |TAMS 0x000000008d700000, 0x000000008d700000| Untracked 
| 216|0x000000008d800000, 0x000000008d800000, 0x000000008d900000|  0%| F|  |TAMS 0x000000008d800000, 0x000000008d800000| Untracked 
| 217|0x000000008d900000, 0x000000008d900000, 0x000000008da00000|  0%| F|  |TAMS 0x000000008d900000, 0x000000008d900000| Untracked 
| 218|0x000000008da00000, 0x000000008da00000, 0x000000008db00000|  0%| F|  |TAMS 0x000000008da00000, 0x000000008da00000| Untracked 
| 219|0x000000008db00000, 0x000000008db00000, 0x000000008dc00000|  0%| F|  |TAMS 0x000000008db00000, 0x000000008db00000| Untracked 
| 220|0x000000008dc00000, 0x000000008dc00000, 0x000000008dd00000|  0%| F|  |TAMS 0x000000008dc00000, 0x000000008dc00000| Untracked 
| 221|0x000000008dd00000, 0x000000008ddd0518, 0x000000008de00000| 81%| S|CS|TAMS 0x000000008dd00000, 0x000000008dd00000| Complete 
| 222|0x000000008de00000, 0x000000008de00000, 0x000000008df00000|  0%| F|  |TAMS 0x000000008de00000, 0x000000008de00000| Untracked 
| 223|0x000000008df00000, 0x000000008df00000, 0x000000008e000000|  0%| F|  |TAMS 0x000000008df00000, 0x000000008df00000| Untracked 
| 224|0x000000008e000000, 0x000000008e000000, 0x000000008e100000|  0%| F|  |TAMS 0x000000008e000000, 0x000000008e000000| Untracked 
| 225|0x000000008e100000, 0x000000008e100000, 0x000000008e200000|  0%| F|  |TAMS 0x000000008e100000, 0x000000008e100000| Untracked 
| 226|0x000000008e200000, 0x000000008e300000, 0x000000008e300000|100%| S|CS|TAMS 0x000000008e200000, 0x000000008e200000| Complete 
| 227|0x000000008e300000, 0x000000008e400000, 0x000000008e400000|100%| S|CS|TAMS 0x000000008e300000, 0x000000008e300000| Complete 
| 228|0x000000008e400000, 0x000000008e500000, 0x000000008e500000|100%| S|CS|TAMS 0x000000008e400000, 0x000000008e400000| Complete 
| 229|0x000000008e500000, 0x000000008e600000, 0x000000008e600000|100%| S|CS|TAMS 0x000000008e500000, 0x000000008e500000| Complete 
| 230|0x000000008e600000, 0x000000008e600000, 0x000000008e700000|  0%| F|  |TAMS 0x000000008e600000, 0x000000008e600000| Untracked 
| 231|0x000000008e700000, 0x000000008e700000, 0x000000008e800000|  0%| F|  |TAMS 0x000000008e700000, 0x000000008e700000| Untracked 
| 232|0x000000008e800000, 0x000000008e900000, 0x000000008e900000|100%| S|CS|TAMS 0x000000008e800000, 0x000000008e800000| Complete 
| 233|0x000000008e900000, 0x000000008e900000, 0x000000008ea00000|  0%| F|  |TAMS 0x000000008e900000, 0x000000008e900000| Untracked 
| 234|0x000000008ea00000, 0x000000008ea00000, 0x000000008eb00000|  0%| F|  |TAMS 0x000000008ea00000, 0x000000008ea00000| Untracked 
| 235|0x000000008eb00000, 0x000000008eb00000, 0x000000008ec00000|  0%| F|  |TAMS 0x000000008eb00000, 0x000000008eb00000| Untracked 
| 236|0x000000008ec00000, 0x000000008ec00000, 0x000000008ed00000|  0%| F|  |TAMS 0x000000008ec00000, 0x000000008ec00000| Untracked 
| 237|0x000000008ed00000, 0x000000008ed00000, 0x000000008ee00000|  0%| F|  |TAMS 0x000000008ed00000, 0x000000008ed00000| Untracked 
| 238|0x000000008ee00000, 0x000000008ee00000, 0x000000008ef00000|  0%| F|  |TAMS 0x000000008ee00000, 0x000000008ee00000| Untracked 
| 239|0x000000008ef00000, 0x000000008ef00000, 0x000000008f000000|  0%| F|  |TAMS 0x000000008ef00000, 0x000000008ef00000| Untracked 
| 240|0x000000008f000000, 0x000000008f000000, 0x000000008f100000|  0%| F|  |TAMS 0x000000008f000000, 0x000000008f000000| Untracked 
| 241|0x000000008f100000, 0x000000008f100000, 0x000000008f200000|  0%| F|  |TAMS 0x000000008f100000, 0x000000008f100000| Untracked 
| 242|0x000000008f200000, 0x000000008f200000, 0x000000008f300000|  0%| F|  |TAMS 0x000000008f200000, 0x000000008f200000| Untracked 
| 243|0x000000008f300000, 0x000000008f300000, 0x000000008f400000|  0%| F|  |TAMS 0x000000008f300000, 0x000000008f300000| Untracked 
| 244|0x000000008f400000, 0x000000008f400000, 0x000000008f500000|  0%| F|  |TAMS 0x000000008f400000, 0x000000008f400000| Untracked 
| 245|0x000000008f500000, 0x000000008f500000, 0x000000008f600000|  0%| F|  |TAMS 0x000000008f500000, 0x000000008f500000| Untracked 
| 246|0x000000008f600000, 0x000000008f600000, 0x000000008f700000|  0%| F|  |TAMS 0x000000008f600000, 0x000000008f600000| Untracked 
| 247|0x000000008f700000, 0x000000008f700000, 0x000000008f800000|  0%| F|  |TAMS 0x000000008f700000, 0x000000008f700000| Untracked 
| 248|0x000000008f800000, 0x000000008f800000, 0x000000008f900000|  0%| F|  |TAMS 0x000000008f800000, 0x000000008f800000| Untracked 
| 249|0x000000008f900000, 0x000000008f900000, 0x000000008fa00000|  0%| F|  |TAMS 0x000000008f900000, 0x000000008f900000| Untracked 
| 250|0x000000008fa00000, 0x000000008fa00000, 0x000000008fb00000|  0%| F|  |TAMS 0x000000008fa00000, 0x000000008fa00000| Untracked 
| 251|0x000000008fb00000, 0x000000008fb00000, 0x000000008fc00000|  0%| F|  |TAMS 0x000000008fb00000, 0x000000008fb00000| Untracked 
| 252|0x000000008fc00000, 0x000000008fc00000, 0x000000008fd00000|  0%| F|  |TAMS 0x000000008fc00000, 0x000000008fc00000| Untracked 
| 253|0x000000008fd00000, 0x000000008fd00000, 0x000000008fe00000|  0%| F|  |TAMS 0x000000008fd00000, 0x000000008fd00000| Untracked 
| 254|0x000000008fe00000, 0x000000008fe00000, 0x000000008ff00000|  0%| F|  |TAMS 0x000000008fe00000, 0x000000008fe00000| Untracked 
| 255|0x000000008ff00000, 0x000000008ff00000, 0x0000000090000000|  0%| F|  |TAMS 0x000000008ff00000, 0x000000008ff00000| Untracked 
| 256|0x0000000090000000, 0x0000000090000000, 0x0000000090100000|  0%| F|  |TAMS 0x0000000090000000, 0x0000000090000000| Untracked 
| 257|0x0000000090100000, 0x0000000090100000, 0x0000000090200000|  0%| F|  |TAMS 0x0000000090100000, 0x0000000090100000| Untracked 
| 258|0x0000000090200000, 0x0000000090200000, 0x0000000090300000|  0%| F|  |TAMS 0x0000000090200000, 0x0000000090200000| Untracked 
| 259|0x0000000090300000, 0x0000000090300000, 0x0000000090400000|  0%| F|  |TAMS 0x0000000090300000, 0x0000000090300000| Untracked 
| 260|0x0000000090400000, 0x0000000090400000, 0x0000000090500000|  0%| F|  |TAMS 0x0000000090400000, 0x0000000090400000| Untracked 
| 261|0x0000000090500000, 0x0000000090500000, 0x0000000090600000|  0%| F|  |TAMS 0x0000000090500000, 0x0000000090500000| Untracked 
| 262|0x0000000090600000, 0x0000000090600000, 0x0000000090700000|  0%| F|  |TAMS 0x0000000090600000, 0x0000000090600000| Untracked 
| 263|0x0000000090700000, 0x0000000090700000, 0x0000000090800000|  0%| F|  |TAMS 0x0000000090700000, 0x0000000090700000| Untracked 
| 264|0x0000000090800000, 0x0000000090800000, 0x0000000090900000|  0%| F|  |TAMS 0x0000000090800000, 0x0000000090800000| Untracked 
| 265|0x0000000090900000, 0x0000000090900000, 0x0000000090a00000|  0%| F|  |TAMS 0x0000000090900000, 0x0000000090900000| Untracked 
| 266|0x0000000090a00000, 0x0000000090a00000, 0x0000000090b00000|  0%| F|  |TAMS 0x0000000090a00000, 0x0000000090a00000| Untracked 
| 267|0x0000000090b00000, 0x0000000090b00000, 0x0000000090c00000|  0%| F|  |TAMS 0x0000000090b00000, 0x0000000090b00000| Untracked 
| 268|0x0000000090c00000, 0x0000000090c00000, 0x0000000090d00000|  0%| F|  |TAMS 0x0000000090c00000, 0x0000000090c00000| Untracked 
| 269|0x0000000090d00000, 0x0000000090d00000, 0x0000000090e00000|  0%| F|  |TAMS 0x0000000090d00000, 0x0000000090d00000| Untracked 
| 270|0x0000000090e00000, 0x0000000090e00000, 0x0000000090f00000|  0%| F|  |TAMS 0x0000000090e00000, 0x0000000090e00000| Untracked 
| 271|0x0000000090f00000, 0x0000000090f00000, 0x0000000091000000|  0%| F|  |TAMS 0x0000000090f00000, 0x0000000090f00000| Untracked 
| 272|0x0000000091000000, 0x0000000091000000, 0x0000000091100000|  0%| F|  |TAMS 0x0000000091000000, 0x0000000091000000| Untracked 
| 273|0x0000000091100000, 0x0000000091100000, 0x0000000091200000|  0%| F|  |TAMS 0x0000000091100000, 0x0000000091100000| Untracked 
| 274|0x0000000091200000, 0x0000000091200000, 0x0000000091300000|  0%| F|  |TAMS 0x0000000091200000, 0x0000000091200000| Untracked 
| 275|0x0000000091300000, 0x0000000091300000, 0x0000000091400000|  0%| F|  |TAMS 0x0000000091300000, 0x0000000091300000| Untracked 
| 276|0x0000000091400000, 0x0000000091400000, 0x0000000091500000|  0%| F|  |TAMS 0x0000000091400000, 0x0000000091400000| Untracked 
| 277|0x0000000091500000, 0x0000000091500000, 0x0000000091600000|  0%| F|  |TAMS 0x0000000091500000, 0x0000000091500000| Untracked 
| 278|0x0000000091600000, 0x0000000091600000, 0x0000000091700000|  0%| F|  |TAMS 0x0000000091600000, 0x0000000091600000| Untracked 
| 279|0x0000000091700000, 0x0000000091700000, 0x0000000091800000|  0%| F|  |TAMS 0x0000000091700000, 0x0000000091700000| Untracked 
| 280|0x0000000091800000, 0x0000000091800000, 0x0000000091900000|  0%| F|  |TAMS 0x0000000091800000, 0x0000000091800000| Untracked 
| 281|0x0000000091900000, 0x0000000091900000, 0x0000000091a00000|  0%| F|  |TAMS 0x0000000091900000, 0x0000000091900000| Untracked 
| 282|0x0000000091a00000, 0x0000000091a00000, 0x0000000091b00000|  0%| F|  |TAMS 0x0000000091a00000, 0x0000000091a00000| Untracked 
| 283|0x0000000091b00000, 0x0000000091b00000, 0x0000000091c00000|  0%| F|  |TAMS 0x0000000091b00000, 0x0000000091b00000| Untracked 
| 284|0x0000000091c00000, 0x0000000091c00000, 0x0000000091d00000|  0%| F|  |TAMS 0x0000000091c00000, 0x0000000091c00000| Untracked 
| 285|0x0000000091d00000, 0x0000000091d00000, 0x0000000091e00000|  0%| F|  |TAMS 0x0000000091d00000, 0x0000000091d00000| Untracked 
| 286|0x0000000091e00000, 0x0000000091e00000, 0x0000000091f00000|  0%| F|  |TAMS 0x0000000091e00000, 0x0000000091e00000| Untracked 
| 287|0x0000000091f00000, 0x0000000091f00000, 0x0000000092000000|  0%| F|  |TAMS 0x0000000091f00000, 0x0000000091f00000| Untracked 
| 288|0x0000000092000000, 0x0000000092000000, 0x0000000092100000|  0%| F|  |TAMS 0x0000000092000000, 0x0000000092000000| Untracked 
| 289|0x0000000092100000, 0x0000000092100000, 0x0000000092200000|  0%| F|  |TAMS 0x0000000092100000, 0x0000000092100000| Untracked 
| 290|0x0000000092200000, 0x0000000092200000, 0x0000000092300000|  0%| F|  |TAMS 0x0000000092200000, 0x0000000092200000| Untracked 
| 291|0x0000000092300000, 0x0000000092300000, 0x0000000092400000|  0%| F|  |TAMS 0x0000000092300000, 0x0000000092300000| Untracked 
| 292|0x0000000092400000, 0x0000000092400000, 0x0000000092500000|  0%| F|  |TAMS 0x0000000092400000, 0x0000000092400000| Untracked 
| 293|0x0000000092500000, 0x0000000092500000, 0x0000000092600000|  0%| F|  |TAMS 0x0000000092500000, 0x0000000092500000| Untracked 
| 294|0x0000000092600000, 0x0000000092600000, 0x0000000092700000|  0%| F|  |TAMS 0x0000000092600000, 0x0000000092600000| Untracked 
| 295|0x0000000092700000, 0x0000000092700000, 0x0000000092800000|  0%| F|  |TAMS 0x0000000092700000, 0x0000000092700000| Untracked 
| 296|0x0000000092800000, 0x0000000092800000, 0x0000000092900000|  0%| F|  |TAMS 0x0000000092800000, 0x0000000092800000| Untracked 
| 297|0x0000000092900000, 0x0000000092900000, 0x0000000092a00000|  0%| F|  |TAMS 0x0000000092900000, 0x0000000092900000| Untracked 
| 298|0x0000000092a00000, 0x0000000092a00000, 0x0000000092b00000|  0%| F|  |TAMS 0x0000000092a00000, 0x0000000092a00000| Untracked 
| 299|0x0000000092b00000, 0x0000000092b00000, 0x0000000092c00000|  0%| F|  |TAMS 0x0000000092b00000, 0x0000000092b00000| Untracked 
| 300|0x0000000092c00000, 0x0000000092c00000, 0x0000000092d00000|  0%| F|  |TAMS 0x0000000092c00000, 0x0000000092c00000| Untracked 
| 301|0x0000000092d00000, 0x0000000092d00000, 0x0000000092e00000|  0%| F|  |TAMS 0x0000000092d00000, 0x0000000092d00000| Untracked 
| 302|0x0000000092e00000, 0x0000000092e00000, 0x0000000092f00000|  0%| F|  |TAMS 0x0000000092e00000, 0x0000000092e00000| Untracked 
| 303|0x0000000092f00000, 0x0000000092f00000, 0x0000000093000000|  0%| F|  |TAMS 0x0000000092f00000, 0x0000000092f00000| Untracked 
| 304|0x0000000093000000, 0x0000000093000000, 0x0000000093100000|  0%| F|  |TAMS 0x0000000093000000, 0x0000000093000000| Untracked 
| 305|0x0000000093100000, 0x0000000093100000, 0x0000000093200000|  0%| F|  |TAMS 0x0000000093100000, 0x0000000093100000| Untracked 
| 306|0x0000000093200000, 0x0000000093200000, 0x0000000093300000|  0%| F|  |TAMS 0x0000000093200000, 0x0000000093200000| Untracked 
| 307|0x0000000093300000, 0x0000000093300000, 0x0000000093400000|  0%| F|  |TAMS 0x0000000093300000, 0x0000000093300000| Untracked 
| 308|0x0000000093400000, 0x0000000093400000, 0x0000000093500000|  0%| F|  |TAMS 0x0000000093400000, 0x0000000093400000| Untracked 
| 309|0x0000000093500000, 0x0000000093500000, 0x0000000093600000|  0%| F|  |TAMS 0x0000000093500000, 0x0000000093500000| Untracked 

Card table byte_map: [0x00000233d99a0000,0x00000233d9da0000] _byte_map_base: 0x00000233d95a0000

Marking Bits (Prev, Next): (CMBitMap*) 0x00000233c67ceba8, (CMBitMap*) 0x00000233c67cebe0
 Prev Bits: [0x00000233da1a0000, 0x00000233dc1a0000)
 Next Bits: [0x00000233dc1a0000, 0x00000233de1a0000)

Polling page: 0x00000233c4740000

Metaspace:

Usage:
  Non-class:    118.53 MB capacity,   116.13 MB ( 98%) used,     1.96 MB (  2%) free+waste,   446.50 KB ( <1%) overhead. 
      Class:     17.78 MB capacity,    16.40 MB ( 92%) used,     1.18 MB (  7%) free+waste,   197.75 KB (  1%) overhead. 
       Both:    136.31 MB capacity,   132.53 MB ( 97%) used,     3.15 MB (  2%) free+waste,   644.25 KB ( <1%) overhead. 

Virtual space:
  Non-class space:      120.00 MB reserved,     118.66 MB ( 99%) committed 
      Class space:        1.00 GB reserved,      17.82 MB (  2%) committed 
             Both:        1.12 GB reserved,     136.49 MB ( 12%) committed 

Chunk freelists:
   Non-Class:  10.00 KB
       Class:  0 bytes
        Both:  10.00 KB

MaxMetaspaceSize: 17179869184.00 GB
CompressedClassSpaceSize: 1.00 GB

CodeHeap 'non-profiled nmethods': size=120000Kb used=18752Kb max_used=18752Kb free=101248Kb
 bounds [0x00000233d1d40000, 0x00000233d2fa0000, 0x00000233d9270000]
CodeHeap 'profiled nmethods': size=120000Kb used=51784Kb max_used=51784Kb free=68215Kb
 bounds [0x00000233ca810000, 0x00000233cdad0000, 0x00000233d1d40000]
CodeHeap 'non-nmethods': size=5760Kb used=2399Kb max_used=2493Kb free=3361Kb
 bounds [0x00000233ca270000, 0x00000233ca4f0000, 0x00000233ca810000]
 total_blobs=23539 nmethods=22514 adapters=934
 compilation: enabled
              stopped_count=0, restarted_count=0
 full_count=0

Compilation events (20 events):
Event: 1319.158 Thread 0x00000233e1567800 nmethod 26507 0x00000233cdac8f10 code [0x00000233cdac90c0, 0x00000233cdac91c8]
Event: 1319.158 Thread 0x00000233e1567800 26372       2       com.android.tools.r8.code.N1::<init> (16 bytes)
Event: 1319.158 Thread 0x00000233e1567800 nmethod 26372 0x00000233cdac9290 code [0x00000233cdac9440, 0x00000233cdac9568]
Event: 1319.158 Thread 0x00000233e1567800 26399       2       com.android.tools.r8.internal.E8$$Lambda$1865/0x0000000101138040::test (8 bytes)
Event: 1319.158 Thread 0x00000233e1567800 nmethod 26399 0x00000233cdac9690 code [0x00000233cdac9840, 0x00000233cdac9988]
Event: 1319.158 Thread 0x00000233e1567800 26519       2       com.android.tools.r8.internal.F7$$Lambda$1903/0x000000010114e840::test (8 bytes)
Event: 1319.159 Thread 0x00000233e1567800 nmethod 26519 0x00000233cdac9a90 code [0x00000233cdac9c60, 0x00000233cdac9e18]
Event: 1319.159 Thread 0x00000233e1567800 26522       2       com.android.tools.r8.graph.u::a (32 bytes)
Event: 1319.159 Thread 0x00000233e0c1d800 nmethod 26488 0x00000233d2f91d10 code [0x00000233d2f91ec0, 0x00000233d2f92298]
Event: 1319.159 Thread 0x00000233e0c1d800 25589       4       com.android.tools.r8.ir.regalloc.b::d (103 bytes)
Event: 1319.159 Thread 0x00000233e1567800 nmethod 26522 0x00000233cdac9f10 code [0x00000233cdaca0e0, 0x00000233cdaca2a8]
Event: 1319.160 Thread 0x00000233e1567800 26524       2       com.android.tools.r8.code.r1::a (13 bytes)
Event: 1319.160 Thread 0x00000233e1567800 nmethod 26524 0x00000233cdaca410 code [0x00000233cdaca5e0, 0x00000233cdaca7b8]
Event: 1319.161 Thread 0x00000233e1567800 26525       2       com.android.tools.r8.graph.E::a (275 bytes)
Event: 1319.161 Thread 0x00000233e8f5a800 nmethod 25757 0x00000233d2f92490 code [0x00000233d2f92640, 0x00000233d2f92838]
Event: 1319.161 Thread 0x00000233e8f5a800 26131       4       com.android.tools.r8.internal.Ah::a (173 bytes)
Event: 1319.163 Thread 0x00000233e1567800 nmethod 26525 0x00000233cdaca990 code [0x00000233cdacac40, 0x00000233cdacb458]
Event: 1319.163 Thread 0x00000233e1567800 26526       2       com.android.tools.r8.graph.a0::a (66 bytes)
Event: 1319.164 Thread 0x00000233e1567800 nmethod 26526 0x00000233cdacba10 code [0x00000233cdacbc40, 0x00000233cdacbfb8]
Event: 1319.164 Thread 0x00000233e1567800 26530       3       com.android.tools.r8.internal.F7::b (455 bytes)

GC Heap History (20 events):
Event: 1316.889 GC heap after
{Heap after GC invocations=113 (full 0):
 garbage-first heap   total 317440K, used 189749K [0x0000000080000000, 0x0000000100000000)
  region size 1024K, 2 young (2048K), 2 survivors (2048K)
 Metaspace       used 133333K, capacity 137067K, committed 137588K, reserved 1169408K
  class space    used 16569K, capacity 17915K, committed 18124K, reserved 1048576K
}
Event: 1316.959 GC heap before
{Heap before GC invocations=113 (full 0):
 garbage-first heap   total 317440K, used 203061K [0x0000000080000000, 0x0000000100000000)
  region size 1024K, 15 young (15360K), 2 survivors (2048K)
 Metaspace       used 133386K, capacity 137137K, committed 137588K, reserved 1169408K
  class space    used 16569K, capacity 17915K, committed 18124K, reserved 1048576K
}
Event: 1316.964 GC heap after
{Heap after GC invocations=114 (full 0):
 garbage-first heap   total 317440K, used 188419K [0x0000000080000000, 0x0000000100000000)
  region size 1024K, 1 young (1024K), 1 survivors (1024K)
 Metaspace       used 133386K, capacity 137137K, committed 137588K, reserved 1169408K
  class space    used 16569K, capacity 17915K, committed 18124K, reserved 1048576K
}
Event: 1317.219 GC heap before
{Heap before GC invocations=114 (full 0):
 garbage-first heap   total 317440K, used 249859K [0x0000000080000000, 0x0000000100000000)
  region size 1024K, 62 young (63488K), 1 survivors (1024K)
 Metaspace       used 133571K, capacity 137298K, committed 137844K, reserved 1169408K
  class space    used 16587K, capacity 17926K, committed 18124K, reserved 1048576K
}
Event: 1317.222 GC heap after
{Heap after GC invocations=115 (full 0):
 garbage-first heap   total 317440K, used 189195K [0x0000000080000000, 0x0000000100000000)
  region size 1024K, 2 young (2048K), 2 survivors (2048K)
 Metaspace       used 133571K, capacity 137298K, committed 137844K, reserved 1169408K
  class space    used 16587K, capacity 17926K, committed 18124K, reserved 1048576K
}
Event: 1317.456 GC heap before
{Heap before GC invocations=115 (full 0):
 garbage-first heap   total 317440K, used 252683K [0x0000000080000000, 0x0000000100000000)
  region size 1024K, 65 young (66560K), 2 survivors (2048K)
 Metaspace       used 133639K, capacity 137376K, committed 137844K, reserved 1169408K
  class space    used 16590K, capacity 17930K, committed 18124K, reserved 1048576K
}
Event: 1317.459 GC heap after
{Heap after GC invocations=116 (full 0):
 garbage-first heap   total 317440K, used 188861K [0x0000000080000000, 0x0000000100000000)
  region size 1024K, 2 young (2048K), 2 survivors (2048K)
 Metaspace       used 133639K, capacity 137376K, committed 137844K, reserved 1169408K
  class space    used 16590K, capacity 17930K, committed 18124K, reserved 1048576K
}
Event: 1317.698 GC heap before
{Heap before GC invocations=116 (full 0):
 garbage-first heap   total 317440K, used 257469K [0x0000000080000000, 0x0000000100000000)
  region size 1024K, 69 young (70656K), 2 survivors (2048K)
 Metaspace       used 133696K, capacity 137460K, committed 137844K, reserved 1169408K
  class space    used 16607K, capacity 17937K, committed 18124K, reserved 1048576K
}
Event: 1317.702 GC heap after
{Heap after GC invocations=117 (full 0):
 garbage-first heap   total 317440K, used 189181K [0x0000000080000000, 0x0000000100000000)
  region size 1024K, 2 young (2048K), 2 survivors (2048K)
 Metaspace       used 133696K, capacity 137460K, committed 137844K, reserved 1169408K
  class space    used 16607K, capacity 17937K, committed 18124K, reserved 1048576K
}
Event: 1317.967 GC heap before
{Heap before GC invocations=117 (full 0):
 garbage-first heap   total 317440K, used 260861K [0x0000000080000000, 0x0000000100000000)
  region size 1024K, 72 young (73728K), 2 survivors (2048K)
 Metaspace       used 134414K, capacity 138195K, committed 138356K, reserved 1169408K
  class space    used 16702K, capacity 18056K, committed 18124K, reserved 1048576K
}
Event: 1317.971 GC heap after
{Heap after GC invocations=118 (full 0):
 garbage-first heap   total 317440K, used 190071K [0x0000000080000000, 0x0000000100000000)
  region size 1024K, 3 young (3072K), 3 survivors (3072K)
 Metaspace       used 134414K, capacity 138195K, committed 138356K, reserved 1169408K
  class space    used 16702K, capacity 18056K, committed 18124K, reserved 1048576K
}
Event: 1318.237 GC heap before
{Heap before GC invocations=118 (full 0):
 garbage-first heap   total 317440K, used 262775K [0x0000000080000000, 0x0000000100000000)
  region size 1024K, 75 young (76800K), 3 survivors (3072K)
 Metaspace       used 134904K, capacity 138738K, committed 138996K, reserved 1169408K
  class space    used 16759K, capacity 18130K, committed 18252K, reserved 1048576K
}
Event: 1318.242 GC heap after
{Heap after GC invocations=119 (full 0):
 garbage-first heap   total 317440K, used 191058K [0x0000000080000000, 0x0000000100000000)
  region size 1024K, 4 young (4096K), 4 survivors (4096K)
 Metaspace       used 134904K, capacity 138738K, committed 138996K, reserved 1169408K
  class space    used 16759K, capacity 18130K, committed 18252K, reserved 1048576K
}
Event: 1318.492 GC heap before
{Heap before GC invocations=119 (full 0):
 garbage-first heap   total 317440K, used 265810K [0x0000000080000000, 0x0000000100000000)
  region size 1024K, 77 young (78848K), 4 survivors (4096K)
 Metaspace       used 135134K, capacity 139016K, committed 139252K, reserved 1171456K
  class space    used 16787K, capacity 18201K, committed 18252K, reserved 1048576K
}
Event: 1318.498 GC heap after
{Heap after GC invocations=120 (full 0):
 garbage-first heap   total 317440K, used 190485K [0x0000000080000000, 0x0000000100000000)
  region size 1024K, 3 young (3072K), 3 survivors (3072K)
 Metaspace       used 135134K, capacity 139016K, committed 139252K, reserved 1171456K
  class space    used 16787K, capacity 18201K, committed 18252K, reserved 1048576K
}
Event: 1318.747 GC heap before
{Heap before GC invocations=120 (full 0):
 garbage-first heap   total 317440K, used 269333K [0x0000000080000000, 0x0000000100000000)
  region size 1024K, 80 young (81920K), 3 survivors (3072K)
 Metaspace       used 135300K, capacity 139156K, committed 139252K, reserved 1171456K
  class space    used 16787K, capacity 18201K, committed 18252K, reserved 1048576K
}
Event: 1318.753 GC heap after
{Heap after GC invocations=121 (full 0):
 garbage-first heap   total 317440K, used 191282K [0x0000000080000000, 0x0000000100000000)
  region size 1024K, 4 young (4096K), 4 survivors (4096K)
 Metaspace       used 135300K, capacity 139156K, committed 139252K, reserved 1171456K
  class space    used 16787K, capacity 18201K, committed 18252K, reserved 1048576K
}
Event: 1318.946 GC heap before
{Heap before GC invocations=121 (full 0):
 garbage-first heap   total 317440K, used 271154K [0x0000000080000000, 0x0000000100000000)
  region size 1024K, 82 young (83968K), 4 survivors (4096K)
 Metaspace       used 135447K, capacity 139293K, committed 139508K, reserved 1171456K
  class space    used 16794K, capacity 18203K, committed 18252K, reserved 1048576K
}
Event: 1318.953 GC heap after
{Heap after GC invocations=122 (full 0):
 garbage-first heap   total 317440K, used 193444K [0x0000000080000000, 0x0000000100000000)
  region size 1024K, 6 young (6144K), 6 survivors (6144K)
 Metaspace       used 135447K, capacity 139293K, committed 139508K, reserved 1171456K
  class space    used 16794K, capacity 18203K, committed 18252K, reserved 1048576K
}
Event: 1319.164 GC heap before
{Heap before GC invocations=122 (full 0):
 garbage-first heap   total 317440K, used 271268K [0x0000000080000000, 0x0000000100000000)
  region size 1024K, 83 young (84992K), 6 survivors (6144K)
 Metaspace       used 135715K, capacity 139582K, committed 139764K, reserved 1171456K
  class space    used 16797K, capacity 18208K, committed 18252K, reserved 1048576K
}

Deoptimization events (20 events):
Event: 1319.144 Thread 0x00000233e4038000 DEOPT PACKING pc=0x00000233cdab2147 sp=0x0000007ed03f91c0
Event: 1319.144 Thread 0x00000233e4038000 DEOPT UNPACKING pc=0x00000233ca298ede sp=0x0000007ed03f8628 mode 0
Event: 1319.147 Thread 0x00000233e4038000 DEOPT PACKING pc=0x00000233cdab2147 sp=0x0000007ed03f94f0
Event: 1319.147 Thread 0x00000233e4038000 DEOPT UNPACKING pc=0x00000233ca298ede sp=0x0000007ed03f8958 mode 0
Event: 1319.151 Thread 0x00000233e403a800 DEOPT PACKING pc=0x00000233cdab2147 sp=0x0000007ed02f8f20
Event: 1319.151 Thread 0x00000233e403a800 DEOPT UNPACKING pc=0x00000233ca298ede sp=0x0000007ed02f8388 mode 0
Event: 1319.153 Thread 0x00000233e403a800 DEOPT PACKING pc=0x00000233cd61bed1 sp=0x0000007ed02f9710
Event: 1319.153 Thread 0x00000233e403a800 DEOPT UNPACKING pc=0x00000233ca298ede sp=0x0000007ed02f8bb0 mode 0
Event: 1319.155 Thread 0x00000233e4030800 DEOPT PACKING pc=0x00000233cdab2147 sp=0x0000007ecfdf93b0
Event: 1319.155 Thread 0x00000233e4030800 DEOPT UNPACKING pc=0x00000233ca298ede sp=0x0000007ecfdf8818 mode 0
Event: 1319.157 Thread 0x00000233e403a800 DEOPT PACKING pc=0x00000233cdab2147 sp=0x0000007ed02f8e90
Event: 1319.157 Thread 0x00000233e403a800 DEOPT UNPACKING pc=0x00000233ca298ede sp=0x0000007ed02f82f8 mode 0
Event: 1319.158 Thread 0x00000233e4030800 DEOPT PACKING pc=0x00000233cdab2147 sp=0x0000007ecfdf8e00
Event: 1319.158 Thread 0x00000233e4030800 DEOPT UNPACKING pc=0x00000233ca298ede sp=0x0000007ecfdf8268 mode 0
Event: 1319.158 Thread 0x00000233e403a800 DEOPT PACKING pc=0x00000233cdab2147 sp=0x0000007ed02f8d40
Event: 1319.158 Thread 0x00000233e4030800 DEOPT PACKING pc=0x00000233cdab2147 sp=0x0000007ecfdf8d60
Event: 1319.158 Thread 0x00000233e403a800 DEOPT UNPACKING pc=0x00000233ca298ede sp=0x0000007ed02f81a8 mode 0
Event: 1319.158 Thread 0x00000233e4030800 DEOPT UNPACKING pc=0x00000233ca298ede sp=0x0000007ecfdf81c8 mode 0
Event: 1319.163 Thread 0x00000233e402d800 DEOPT PACKING pc=0x00000233cd845d66 sp=0x0000007ed00f9660
Event: 1319.163 Thread 0x00000233e402d800 DEOPT UNPACKING pc=0x00000233ca298ede sp=0x0000007ed00f8c38 mode 0

Classes redefined (0 events):
No events

Internal exceptions (20 events):
Event: 1315.533 Thread 0x00000233e403a800 Exception <a 'java/lang/NoSuchMethodError'{0x000000008e6cd1d0}: 'void java.lang.invoke.DirectMethodHandle$Holder.invokeVirtual(java.lang.Object, java.lang.Object, int, java.lang.Object)'> (0x000000008e6cd1d0) thrown at [./src/hotspot/share/interpreter/linkResolver.cpp, line 773]
Event: 1315.533 Thread 0x00000233e402e000 Exception <a 'java/lang/NoSuchMethodError'{0x000000008deabc30}: 'void java.lang.invoke.DirectMethodHandle$Holder.invokeVirtual(java.lang.Object, java.lang.Object, int, java.lang.Object)'> (0x000000008deabc30) thrown at [./src/hotspot/share/interpreter/linkResolver.cpp, line 773]
Event: 1315.724 Thread 0x00000233e4030800 Exception <a 'java/lang/NoSuchMethodError'{0x000000008ea23788}: 'java.lang.Object java.lang.invoke.DirectMethodHandle$Holder.newInvokeSpecial(java.lang.Object, int)'> (0x000000008ea23788) thrown at [./src/hotspot/share/interpreter/linkResolver.cpp, line 773]
Event: 1315.724 Thread 0x00000233e402e000 Exception <a 'java/lang/NoSuchMethodError'{0x000000008f879f20}: 'java.lang.Object java.lang.invoke.DirectMethodHandle$Holder.newInvokeSpecial(java.lang.Object, int)'> (0x000000008f879f20) thrown at [./src/hotspot/share/interpreter/linkResolver.cpp, line 773]
Event: 1315.724 Thread 0x00000233e403a800 Exception <a 'java/lang/NoSuchMethodError'{0x000000008ec14f28}: 'java.lang.Object java.lang.invoke.DirectMethodHandle$Holder.newInvokeSpecial(java.lang.Object, int)'> (0x000000008ec14f28) thrown at [./src/hotspot/share/interpreter/linkResolver.cpp, line 773]
Event: 1315.981 Thread 0x00000233e403a800 Exception <a 'java/lang/NoSuchMethodError'{0x000000008edc35d8}: 'java.lang.Object java.lang.invoke.DirectMethodHandle$Holder.invokeInterface(java.lang.Object, java.lang.Object, int)'> (0x000000008edc35d8) thrown at [./src/hotspot/share/interpreter/linkResolver.cpp, line 773]
Event: 1316.024 Thread 0x00000233e8f5d000 Exception <a 'sun/nio/fs/WindowsException'{0x000000008e919dd0}> (0x000000008e919dd0) thrown at [./src/hotspot/share/prims/jni.cpp, line 615]
Event: 1316.025 Thread 0x00000233e8f5d000 Exception <a 'sun/nio/fs/WindowsException'{0x000000008e919eb8}> (0x000000008e919eb8) thrown at [./src/hotspot/share/prims/jni.cpp, line 615]
Event: 1316.926 Thread 0x00000233e4038000 Implicit null exception at 0x00000233d2ef7c6c to 0x00000233d2ef7d04
Event: 1316.996 Thread 0x00000233e403a800 Exception <a 'java/lang/NoSuchMethodError'{0x0000000092eddaf8}: 'int java.lang.invoke.DirectMethodHandle$Holder.invokeInterface(java.lang.Object, java.lang.Object, int)'> (0x0000000092eddaf8) thrown at [./src/hotspot/share/interpreter/linkResolver.cpp, line 773]
Event: 1317.769 Thread 0x00000233e4030800 Implicit null exception at 0x00000233d2f27514 to 0x00000233d2f2d0b0
Event: 1317.790 Thread 0x00000233e4037000 Exception <a 'java/lang/NoSuchMethodError'{0x00000000922f74d8}: 'void java.lang.invoke.DirectMethodHandle$Holder.invokeSpecial(java.lang.Object, java.lang.Object, int, java.lang.Object, java.lang.Object, java.lang.Object, java.lang.Object)'> (0x00000000922f74d8) thrown at [./src/hotspot/share/interpreter/linkResolver.cpp, line 773]
Event: 1317.791 Thread 0x00000233e4037000 Exception <a 'java/lang/NoSuchMethodError'{0x000000009205fbf8}: 'java.lang.Object java.lang.invoke.Invokers$Holder.linkToTargetMethod(java.lang.Object, int, java.lang.Object, java.lang.Object, java.lang.Object, java.lang.Object)'> (0x000000009205fbf8) thrown at [./src/hotspot/share/interpreter/linkResolver.cpp, line 773]
Event: 1317.792 Thread 0x00000233e4037000 Exception <a 'java/lang/NoSuchMethodError'{0x00000000920640a8}: 'void java.lang.invoke.DirectMethodHandle$Holder.invokeSpecial(java.lang.Object, java.lang.Object, java.lang.Object, java.lang.Object, java.lang.Object, java.lang.Object, java.lang.Object, java.lang.Object, java.lang.Object)'> (0x00000000920640a8) thrown at [./src/hotspot/share/interpreter/linkResolver.cpp, line 773]
Event: 1317.797 Thread 0x00000233e4037000 Exception <a 'java/lang/NoSuchMethodError'{0x000000009207ed98}: 'void java.lang.invoke.DirectMethodHandle$Holder.invokeStatic(java.lang.Object, java.lang.Object, java.lang.Object, java.lang.Object, java.lang.Object, java.lang.Object, java.lang.Object, java.lang.Object)'> (0x000000009207ed98) thrown at [./src/hotspot/share/interpreter/linkResolver.cpp, line 773]
Event: 1318.017 Thread 0x00000233e4037000 Exception <a 'java/lang/IncompatibleClassChangeError'{0x0000000092b7d5e0}: Found class java.lang.Object, but interface was expected> (0x0000000092b7d5e0) thrown at [./src/hotspot/share/interpreter/linkResolver.cpp, line 839]
Event: 1318.228 Thread 0x00000233e4037000 Exception <a 'java/lang/NoSuchMethodError'{0x000000008efec978}: 'void java.lang.invoke.DirectMethodHandle$Holder.invokeVirtual(java.lang.Object, java.lang.Object, int)'> (0x000000008efec978) thrown at [./src/hotspot/share/interpreter/linkResolver.cpp, line 773]
Event: 1318.351 Thread 0x00000233e4037000 Exception <a 'sun/nio/fs/WindowsException'{0x000000009190c0f0}> (0x000000009190c0f0) thrown at [./src/hotspot/share/prims/jni.cpp, line 615]
Event: 1318.756 Thread 0x00000233e4037000 Exception <a 'sun/nio/fs/WindowsException'{0x00000000934e5908}> (0x00000000934e5908) thrown at [./src/hotspot/share/prims/jni.cpp, line 615]
Event: 1319.154 Thread 0x00000233e4039000 Exception <a 'sun/nio/fs/WindowsException'{0x000000008f4b55a0}> (0x000000008f4b55a0) thrown at [./src/hotspot/share/prims/jni.cpp, line 615]

Events (20 events):
Event: 1319.084 loading class com/android/tools/r8/internal/GE done
Event: 1319.084 loading class com/android/tools/r8/internal/FE
Event: 1319.084 loading class com/android/tools/r8/internal/FE done
Event: 1319.084 loading class com/android/tools/r8/graph/G$j
Event: 1319.084 loading class com/android/tools/r8/graph/G$j done
Event: 1319.084 loading class com/android/tools/r8/graph/G$j
Event: 1319.084 loading class com/android/tools/r8/graph/G$j done
Event: 1319.085 loading class com/android/tools/r8/graph/G$j
Event: 1319.085 loading class com/android/tools/r8/graph/G$j done
Event: 1319.085 loading class com/android/tools/r8/graph/G$j
Event: 1319.085 loading class com/android/tools/r8/graph/G$j done
Event: 1319.085 loading class com/android/tools/r8/graph/G$j
Event: 1319.085 loading class com/android/tools/r8/graph/G$j done
Event: 1319.085 loading class com/android/tools/r8/graph/G$j
Event: 1319.085 loading class com/android/tools/r8/graph/G$j done
Event: 1319.085 loading class com/android/tools/r8/graph/G$j
Event: 1319.085 loading class com/android/tools/r8/graph/G$j done
Event: 1319.162 Executing VM operation: ICBufferFull
Event: 1319.162 Executing VM operation: ICBufferFull done
Event: 1319.164 Executing VM operation: G1CollectForAllocation


Dynamic libraries:
0x00007ff7fef00000 - 0x00007ff7fef0a000 	C:\Program Files\Android\Android Studio\jre\bin\java.exe
0x00007ff9559d0000 - 0x00007ff955bbd000 	C:\Windows\SYSTEM32\ntdll.dll
0x00007ff954b80000 - 0x00007ff954c34000 	C:\Windows\System32\KERNEL32.DLL
0x00007ff951ca0000 - 0x00007ff951f34000 	C:\Windows\System32\KERNELBASE.dll
0x00007ff951a40000 - 0x00007ff951b3a000 	C:\Windows\System32\ucrtbase.dll
0x00007ff946150000 - 0x00007ff946169000 	C:\Program Files\Android\Android Studio\jre\bin\jli.dll
0x00007ff9445f0000 - 0x00007ff944607000 	C:\Program Files\Android\Android Studio\jre\bin\VCRUNTIME140.dll
0x00007ff9549e0000 - 0x00007ff954b77000 	C:\Windows\System32\USER32.dll
0x00007ff951bd0000 - 0x00007ff951bf0000 	C:\Windows\System32\win32u.dll
0x00007ff9389e0000 - 0x00007ff938c59000 	C:\Windows\WinSxS\amd64_microsoft.windows.common-controls_6595b64144ccf1df_6.0.17763.2300_none_de6de3f4534e3b8d\COMCTL32.dll
0x00007ff954ca0000 - 0x00007ff954cc9000 	C:\Windows\System32\GDI32.dll
0x00007ff954e20000 - 0x00007ff954ebe000 	C:\Windows\System32\msvcrt.dll
0x00007ff9527e0000 - 0x00007ff95297c000 	C:\Windows\System32\gdi32full.dll
0x00007ff952740000 - 0x00007ff9527e0000 	C:\Windows\System32\msvcp_win.dll
0x00007ff9546b0000 - 0x00007ff9549dd000 	C:\Windows\System32\combase.dll
0x00007ff952d30000 - 0x00007ff952e4f000 	C:\Windows\System32\RPCRT4.dll
0x00007ff951b40000 - 0x00007ff951bc2000 	C:\Windows\System32\bcryptPrimitives.dll
0x00007ff9557a0000 - 0x00007ff9557ce000 	C:\Windows\System32\IMM32.DLL
0x00007ff942940000 - 0x00007ff9429dd000 	C:\Program Files\Android\Android Studio\jre\bin\msvcp140.dll
0x00007ff918da0000 - 0x00007ff91986f000 	C:\Program Files\Android\Android Studio\jre\bin\server\jvm.dll
0x00007ff954d70000 - 0x00007ff954e14000 	C:\Windows\System32\ADVAPI32.dll
0x00007ff952f80000 - 0x00007ff95301e000 	C:\Windows\System32\sechost.dll
0x00007ff953130000 - 0x00007ff953138000 	C:\Windows\System32\PSAPI.DLL
0x00007ff94ac60000 - 0x00007ff94ac69000 	C:\Windows\SYSTEM32\WSOCK32.dll
0x00007ff94f580000 - 0x00007ff94f5a4000 	C:\Windows\SYSTEM32\WINMM.dll
0x00007ff9557d0000 - 0x00007ff95583d000 	C:\Windows\System32\WS2_32.dll
0x00007ff947040000 - 0x00007ff94704a000 	C:\Windows\SYSTEM32\VERSION.dll
0x00007ff94f1b0000 - 0x00007ff94f1dd000 	C:\Windows\SYSTEM32\winmmbase.dll
0x00007ff951bf0000 - 0x00007ff951c3a000 	C:\Windows\System32\cfgmgr32.dll
0x00007ff951a20000 - 0x00007ff951a31000 	C:\Windows\System32\kernel.appcore.dll
0x00007ff9441b0000 - 0x00007ff9441c1000 	C:\Program Files\Android\Android Studio\jre\bin\verify.dll
0x00007ff9502e0000 - 0x00007ff9504cd000 	C:\Windows\SYSTEM32\DBGHELP.DLL
0x00007ff937d40000 - 0x00007ff937d6a000 	C:\Windows\SYSTEM32\dbgcore.DLL
0x00007ff941b80000 - 0x00007ff941ba9000 	C:\Program Files\Android\Android Studio\jre\bin\java.dll
0x00007ff949b20000 - 0x00007ff949b2b000 	C:\Program Files\Android\Android Studio\jre\bin\jimage.dll
0x00007ff93ec10000 - 0x00007ff93ec28000 	C:\Program Files\Android\Android Studio\jre\bin\zip.dll
0x00007ff9531b0000 - 0x00007ff9546a9000 	C:\Windows\System32\SHELL32.dll
0x00007ff953080000 - 0x00007ff953128000 	C:\Windows\System32\shcore.dll
0x00007ff951ff0000 - 0x00007ff95273a000 	C:\Windows\System32\windows.storage.dll
0x00007ff951970000 - 0x00007ff951994000 	C:\Windows\System32\profapi.dll
0x00007ff9519c0000 - 0x00007ff951a1d000 	C:\Windows\System32\powrprof.dll
0x00007ff953020000 - 0x00007ff953072000 	C:\Windows\System32\shlwapi.dll
0x00007ff952bb0000 - 0x00007ff952bc7000 	C:\Windows\System32\cryptsp.dll
0x00007ff93ebf0000 - 0x00007ff93ec0a000 	C:\Program Files\Android\Android Studio\jre\bin\net.dll
0x00007ff941a80000 - 0x00007ff941b71000 	C:\Windows\SYSTEM32\WINHTTP.dll
0x00007ff9511c0000 - 0x00007ff951227000 	C:\Windows\system32\mswsock.dll
0x00007ff93ebd0000 - 0x00007ff93ebe4000 	C:\Program Files\Android\Android Studio\jre\bin\nio.dll
0x00007ff942820000 - 0x00007ff942847000 	C:\Users\Komissiya1\.gradle\native\8bec1ad78214c89d9ad589b4d07fe93259594b29d510b10fafb7a158f7737e5d\windows-amd64\native-platform.dll
0x00007ff9340c0000 - 0x00007ff9341fd000 	C:\Users\Komissiya1\.gradle\native\53dbd7edfb1c66fb8903c78663c9afc45aea4f116125fa6feffd364cf09443e8\windows-amd64\native-platform-file-events.dll
0x00007ff9445e0000 - 0x00007ff9445ea000 	C:\Program Files\Android\Android Studio\jre\bin\management.dll
0x00007ff93eaf0000 - 0x00007ff93eafc000 	C:\Program Files\Android\Android Studio\jre\bin\management_ext.dll
0x00007ff950d50000 - 0x00007ff950d83000 	C:\Windows\system32\rsaenh.dll
0x00007ff952b80000 - 0x00007ff952ba6000 	C:\Windows\System32\bcrypt.dll
0x00007ff9518a0000 - 0x00007ff9518c9000 	C:\Windows\SYSTEM32\USERENV.dll
0x00007ff951390000 - 0x00007ff95139c000 	C:\Windows\SYSTEM32\CRYPTBASE.dll
0x00007ff950ee0000 - 0x00007ff950f1d000 	C:\Windows\SYSTEM32\IPHLPAPI.DLL
0x00007ff954f70000 - 0x00007ff954f78000 	C:\Windows\System32\NSI.dll
0x00007ff945da0000 - 0x00007ff945db6000 	C:\Windows\SYSTEM32\dhcpcsvc6.DLL
0x00007ff946d00000 - 0x00007ff946d1c000 	C:\Windows\SYSTEM32\dhcpcsvc.DLL
0x00007ff950f20000 - 0x00007ff950fe6000 	C:\Windows\SYSTEM32\DNSAPI.dll
0x00007ff938530000 - 0x00007ff938557000 	C:\Program Files\Android\Android Studio\jre\bin\sunec.dll
0x00007ff93a5a0000 - 0x00007ff93a5aa000 	C:\Windows\System32\rasadhlp.dll
0x00007ff93b230000 - 0x00007ff93b2a9000 	C:\Windows\System32\fwpuclnt.dll
0x00007ff9509c0000 - 0x00007ff9509f1000 	C:\Windows\SYSTEM32\ntmarta.dll
0x00007ff94f8b0000 - 0x00007ff94f93c000 	C:\Windows\system32\apphelp.dll

dbghelp: loaded successfully - version: 4.0.5 - missing functions: none
symbol engine: initialized successfully - sym options: 0x614 - pdb path: .;C:\Program Files\Android\Android Studio\jre\bin;C:\Windows\SYSTEM32;C:\Windows\WinSxS\amd64_microsoft.windows.common-controls_6595b64144ccf1df_6.0.17763.2300_none_de6de3f4534e3b8d;C:\Program Files\Android\Android Studio\jre\bin\server;C:\Users\Komissiya1\.gradle\native\8bec1ad78214c89d9ad589b4d07fe93259594b29d510b10fafb7a158f7737e5d\windows-amd64;C:\Users\Komissiya1\.gradle\native\53dbd7edfb1c66fb8903c78663c9afc45aea4f116125fa6feffd364cf09443e8\windows-amd64

VM Arguments:
jvm_args: --add-opens=java.base/java.util=ALL-UNNAMED --add-opens=java.base/java.lang=ALL-UNNAMED --add-opens=java.base/java.lang.invoke=ALL-UNNAMED --add-opens=java.base/java.util=ALL-UNNAMED --add-opens=java.prefs/java.util.prefs=ALL-UNNAMED --add-opens=java.prefs/java.util.prefs=ALL-UNNAMED --add-opens=java.base/java.nio.charset=ALL-UNNAMED --add-opens=java.base/java.net=ALL-UNNAMED --add-opens=java.base/java.util.concurrent.atomic=ALL-UNNAMED -Xmx2048m -Dfile.encoding=UTF-8 -Duser.country=RU -Duser.language=ru -Duser.variant 
java_command: org.gradle.launcher.daemon.bootstrap.GradleDaemon 7.0.2
java_class_path (initial): C:\Users\Komissiya1\.gradle\wrapper\dists\gradle-7.0.2-bin\857tjihv64xamwrf0h14cai3r\gradle-7.0.2\lib\gradle-launcher-7.0.2.jar
Launcher Type: SUN_STANDARD

[Global flags]
     intx CICompilerCount                          = 4                                         {product} {ergonomic}
     uint ConcGCThreads                            = 2                                         {product} {ergonomic}
     uint G1ConcRefinementThreads                  = 8                                         {product} {ergonomic}
   size_t G1HeapRegionSize                         = 1048576                                   {product} {ergonomic}
    uintx GCDrainStackTargetSize                   = 64                                        {product} {ergonomic}
   size_t InitialHeapSize                          = 130023424                                 {product} {ergonomic}
   size_t MarkStackSize                            = 4194304                                   {product} {ergonomic}
   size_t MaxHeapSize                              = 2147483648                                {product} {command line}
   size_t MaxNewSize                               = 1287651328                                {product} {ergonomic}
   size_t MinHeapDeltaBytes                        = 1048576                                   {product} {ergonomic}
    uintx NonNMethodCodeHeapSize                   = 5836300                                {pd product} {ergonomic}
    uintx NonProfiledCodeHeapSize                  = 122910970                              {pd product} {ergonomic}
    uintx ProfiledCodeHeapSize                     = 122910970                              {pd product} {ergonomic}
    uintx ReservedCodeCacheSize                    = 251658240                              {pd product} {ergonomic}
     bool SegmentedCodeCache                       = true                                      {product} {ergonomic}
     bool UseCompressedClassPointers               = true                                 {lp64_product} {ergonomic}
     bool UseCompressedOops                        = true                                 {lp64_product} {ergonomic}
     bool UseG1GC                                  = true                                      {product} {ergonomic}
     bool UseLargePagesIndividualAllocation        = false                                  {pd product} {ergonomic}

Logging:
Log output configuration:
 #0: stdout all=warning uptime,level,tags
 #1: stderr all=off uptime,level,tags

Environment Variables:
PATH=C:\Program Files (x86)\Common Files\Oracle\Java\javapath;C:\Windows\system32;C:\Windows;C:\Windows\System32\Wbem;C:\Windows\System32\WindowsPowerShell\v1.0\;C:\Windows\System32\OpenSSH\;C:\Program Files\Git\cmd;C:\Users\Komissiya1\AppData\Local\Microsoft\WindowsApps;
USERNAME=Komissiya1
OS=Windows_NT
PROCESSOR_IDENTIFIER=Intel64 Family 6 Model 126 Stepping 5, GenuineIntel



---------------  S Y S T E M  ---------------

OS: Windows 10 , 64 bit Build 17763 (10.0.17763.2300)
OS uptime: 0 days 4:04 hours

CPU:total 8 (initial active 8) (4 cores per cpu, 2 threads per core) family 6 model 126 stepping 5 microcode 0xa0, cmov, cx8, fxsr, mmx, sse, sse2, sse3, ssse3, sse4.1, sse4.2, popcnt, avx, avx2, aes, clmul, erms, 3dnowpref, lzcnt, ht, tsc, tscinvbit, bmi1, bmi2, adx, evex, sha, fma

Memory: 4k page, system-wide physical 7880M (1001M free)
TotalPageFile size 9928M (AvailPageFile size 39M)
current process WorkingSet (physical memory assigned to process): 736M, peak: 752M
current process commit charge ("private bytes"): 793M, peak: 855M

vm_info: OpenJDK 64-Bit Server VM (11.0.10+0-b96-7249189) for windows-amd64 JRE (11.0.10+0-b96-7249189), built on Mar 31 2021 21:44:00 by "builder" with MS VC++ 14.0 (VS2015)

END.
